2013-12-12 18:33:36,715 [main] INFO  main org.solrmarc.marc.MarcImporter - Added record 122 read from file: tormarc_histoiredelgli04herg
2013-12-12 18:33:37,705 [main] INFO  main org.solrmarc.marc.MarcImporter - Added record 123 read from file: tormarc_annalescatholiqu02pari
2013-12-12 18:33:38,723 [main] INFO  main org.solrmarc.marc.MarcImporter - Added record 124 read from file: tormarc_monseigneurprove00duga
2013-12-12 18:33:39,734 [main] INFO  main org.solrmarc.marc.MarcImporter - Added record 125 read from file: tormarc_perptuitdela04arna
2013-12-12 18:33:40,794 [main] INFO  main org.solrmarc.marc.MarcImporter - Added record 126 read from file: tormarc_annalescatholiqu40pari
2013-12-12 18:33:41,847 [main] INFO  main org.solrmarc.marc.MarcImporter - Added record 127 read from file: tormarc_bibliothquesac07rich
2013-12-12 18:33:42,881 [main] INFO  main org.solrmarc.marc.MarcImporter - Added record 128 read from file: tormarc_dictionnaireapos09mont
2013-12-12 18:33:43,912 [main] INFO  main org.solrmarc.marc.MarcImporter - Added record 129 read from file: tormarc_annalescatholiqu01pari
2013-12-12 18:33:44,945 [main] INFO  main org.solrmarc.marc.MarcImporter - Added record 130 read from file: tormarc_voyagesdungentle00moor
2013-12-12 18:33:46,025 [main] INFO  main org.solrmarc.marc.MarcImporter - Added record 131 read from file: tormarc_dictionnaireuniv14pelt
2013-12-12 18:33:47,042 [main] INFO  main org.solrmarc.marc.MarcImporter - Added record 132 read from file: tormarc_bibliothquesac14rich
2013-12-12 18:33:48,100 [main] INFO  main org.solrmarc.marc.MarcImporter - Added record 133 read from file: tormarc_lofficedelglis00cath
2013-12-12 18:33:49,129 [main] INFO  main org.solrmarc.marc.MarcImporter - Added record 134 read from file: tormarc_instructionpasto00lalu
2013-12-12 18:33:50,154 [main] INFO  main org.solrmarc.marc.MarcImporter - Added record 135 read from file: tormarc_devoirsdusacerdo02math
2013-12-12 18:33:51,257 [main] INFO  main org.solrmarc.marc.MarcImporter - Added record 136 read from file: tormarc_annalescatholiqu38pari
2013-12-12 18:33:52,294 [main] INFO  main org.solrmarc.marc.MarcImporter - Added record 137 read from file: tormarc_viedelavnrab00abbe
2013-12-12 18:33:53,360 [main] INFO  main org.solrmarc.marc.MarcImporter - Added record 138 read from file: tormarc_bibliothquesac01rich
2013-12-12 18:33:54,405 [main] INFO  main org.solrmarc.marc.MarcImporter - Added record 139 read from file: tormarc_lettresdundocteu00basl
2013-12-12 18:33:55,445 [main] INFO  main org.solrmarc.marc.MarcImporter - Added record 140 read from file: tormarc_recueilhistoriq00cath
2013-12-12 18:33:56,477 [main] INFO  main org.solrmarc.marc.MarcImporter - Added record 141 read from file: tormarc_tudesdhistoire01bati
2013-12-12 18:33:57,484 [main] INFO  main org.solrmarc.marc.MarcImporter - Added record 142 read from file: tormarc_dictionnairealph16bois
2013-12-12 18:33:58,490 [main] INFO  main org.solrmarc.marc.MarcImporter - Added record 143 read from file: tormarc_annalescatholiqu17pari
2013-12-12 18:33:59,520 [main] INFO  main org.solrmarc.marc.MarcImporter - Added record 144 read from file: tormarc_annalescatholiqu19pari
2013-12-12 18:34:00,521 [main] INFO  main org.solrmarc.marc.MarcImporter - Added record 145 read from file: tormarc_annepastoraleo03reyr
2013-12-12 18:34:01,559 [main] INFO  main org.solrmarc.marc.MarcImporter - Added record 146 read from file: tormarc_sermonsdemmassil04mass
2013-12-12 18:34:02,558 [main] INFO  main org.solrmarc.marc.MarcImporter - Added record 147 read from file: tormarc_annalescatholiqu18pari
2013-12-12 18:34:03,555 [main] INFO  main org.solrmarc.marc.MarcImporter - Added record 148 read from file: tormarc_histoiredelgli02herg
2013-12-12 18:34:04,624 [main] INFO  main org.solrmarc.marc.MarcImporter - Added record 149 read from file: tormarc_rpertoireg00tang
2013-12-12 18:34:05,629 [main] INFO  main org.solrmarc.marc.MarcImporter - Added record 150 read from file: tormarc_annalescatholiqu27pari
2013-12-12 18:34:06,716 [main] INFO  main org.solrmarc.marc.MarcImporter - Added record 151 read from file: tormarc_annepastoraleo05reyr
2013-12-12 18:34:07,771 [main] INFO  main org.solrmarc.marc.MarcImporter - Added record 152 read from file: tormarc_sermonsdemmassil02mass
2013-12-12 18:34:08,787 [main] INFO  main org.solrmarc.marc.MarcImporter - Added record 153 read from file: tormarc_vieetmmoiresde02pott
2013-12-12 18:34:09,843 [main] INFO  main org.solrmarc.marc.MarcImporter - Added record 154 read from file: tormarc_confrencesetse00ribi
2013-12-12 18:34:10,887 [main] INFO  main org.solrmarc.marc.MarcImporter - Added record 155 read from file: tormarc_leprogrsparlec1860fl
2013-12-12 18:34:11,898 [main] INFO  main org.solrmarc.marc.MarcImporter - Added record 156 read from file: tormarc_choixdeslettrese01mont
2013-12-12 18:34:12,948 [main] INFO  main org.solrmarc.marc.MarcImporter - Added record 157 read from file: tormarc_letablissementde00hugo
2013-12-12 18:34:14,016 [main] INFO  main org.solrmarc.marc.MarcImporter - Added record 158 read from file: tormarc_annalescatholiqu52pari
2013-12-12 18:34:15,050 [main] INFO  main org.solrmarc.marc.MarcImporter - Added record 159 read from file: tormarc_histoiregnr09ceil
2013-12-12 18:34:16,080 [main] INFO  main org.solrmarc.marc.MarcImporter - Added record 160 read from file: tormarc_examencritiquede00mail
2013-12-12 18:34:17,127 [main] INFO  main org.solrmarc.marc.MarcImporter - Added record 161 read from file: tormarc_crmonialselo00bald
2013-12-12 18:34:18,201 [main] INFO  main org.solrmarc.marc.MarcImporter - Added record 162 read from file: tormarc_lavitainteriored00leon
2013-12-12 18:34:19,200 [main] INFO  main org.solrmarc.marc.MarcImporter - Added record 163 read from file: tormarc_annalescatholiqu60pari
2013-12-12 18:34:20,244 [main] INFO  main org.solrmarc.marc.MarcImporter - Added record 164 read from file: tormarc_confrences02laco
2013-12-12 18:34:21,265 [main] INFO  main org.solrmarc.marc.MarcImporter - Added record 165 read from file: tormarc_delunionintimede00caqu
2013-12-12 18:34:22,407 [main] INFO  main org.solrmarc.marc.MarcImporter - Added record 166 read from file: tormarc_larenaissanceca03thur
2013-12-12 18:34:23,390 [main] INFO  main org.solrmarc.marc.MarcImporter - Added record 167 read from file: tormarc_devoirsdusacerdo03math
2013-12-12 18:34:24,384 [main] INFO  main org.solrmarc.marc.MarcImporter - Added record 168 read from file: tormarc_annalescatholiqu57pari
2013-12-12 18:34:25,402 [main] INFO  main org.solrmarc.marc.MarcImporter - Added record 169 read from file: tormarc_annalescatholiqu46pari
2013-12-12 18:34:26,432 [main] INFO  main org.solrmarc.marc.MarcImporter - Added record 170 read from file: tormarc_annalescatholiqu26pari
2013-12-12 18:34:27,481 [main] INFO  main org.solrmarc.marc.MarcImporter - Added record 171 read from file: tormarc_p2lchoducabinetd09mont
2013-12-12 18:34:28,503 [main] INFO  main org.solrmarc.marc.MarcImporter - Added record 172 read from file: tormarc_annalescatholiqu75pari
2013-12-12 18:34:29,680 [main] INFO  main org.solrmarc.marc.MarcImporter - Added record 173 read from file: tormarc_perptuitdela01arna
2013-12-12 18:34:30,708 [main] INFO  main org.solrmarc.marc.MarcImporter - Added record 174 read from file: tormarc_lareligionenseig00robe
2013-12-12 18:34:31,815 [main] INFO  main org.solrmarc.marc.MarcImporter - Added record 175 read from file: tormarc_dictionnairedeth34berg
2013-12-12 18:34:32,889 [main] INFO  main org.solrmarc.marc.MarcImporter - Added record 176 read from file: tormarc_histoiregnr08ceil
2013-12-12 18:34:33,947 [main] INFO  main org.solrmarc.marc.MarcImporter - Added record 177 read from file: tormarc_leprogrsparlec1857fl
2013-12-12 18:34:34,955 [main] INFO  main org.solrmarc.marc.MarcImporter - Added record 178 read from file: tormarc_indexlibrorumpr00roma
2013-12-12 18:34:36,010 [main] INFO  main org.solrmarc.marc.MarcImporter - Added record 179 read from file: tormarc_annepastoraleo01reyr
2013-12-12 18:34:37,056 [main] INFO  main org.solrmarc.marc.MarcImporter - Added record 180 read from file: tormarc_bibliothquesac19rich
2013-12-12 18:34:38,066 [main] INFO  main org.solrmarc.marc.MarcImporter - Added record 181 read from file: tormarc_sermonsduprebr06brid
2013-12-12 18:34:39,127 [main] INFO  main org.solrmarc.marc.MarcImporter - Added record 182 read from file: tormarc_leprogrsparlec1866fl
2013-12-12 18:34:40,141 [main] INFO  main org.solrmarc.marc.MarcImporter - Added record 183 read from file: tormarc_dictionnairealph17bois
2013-12-12 18:34:41,140 [main] INFO  main org.solrmarc.marc.MarcImporter - Added record 184 read from file: tormarc_oeuvrescomplte10boss
2013-12-12 18:34:42,177 [main] INFO  main org.solrmarc.marc.MarcImporter - Added record 185 read from file: tormarc_institutionslitu02gu
2013-12-12 18:34:43,168 [main] INFO  main org.solrmarc.marc.MarcImporter - Added record 186 read from file: tormarc_tractatusdeactib00peri
2013-12-12 18:34:44,187 [main] INFO  main org.solrmarc.marc.MarcImporter - Added record 187 read from file: tormarc_annalescatholiqu32pari
2013-12-12 18:34:45,237 [main] INFO  main org.solrmarc.marc.MarcImporter - Added record 188 read from file: tormarc_lchoducabinetd08mont
2013-12-12 18:34:46,279 [main] INFO  main org.solrmarc.marc.MarcImporter - Added record 189 read from file: tormarc_annalescatholiqu68pari
2013-12-12 18:34:47,329 [main] INFO  main org.solrmarc.marc.MarcImporter - Added record 190 read from file: tormarc_choixdeslettrese08mont
2013-12-12 18:34:48,359 [main] INFO  main org.solrmarc.marc.MarcImporter - Added record 191 read from file: tormarc_annalescatholiqu06pari
2013-12-12 18:34:49,417 [main] INFO  main org.solrmarc.marc.MarcImporter - Added record 192 read from file: tormarc_annalescatholiqu41pari
2013-12-12 18:34:50,440 [main] INFO  main org.solrmarc.marc.MarcImporter - Added record 193 read from file: tormarc_bibliothquesac27rich
2013-12-12 18:34:51,519 [main] INFO  main org.solrmarc.marc.MarcImporter - Added record 194 read from file: tormarc_histoiredelenl00bald
2013-12-12 18:34:52,543 [main] INFO  main org.solrmarc.marc.MarcImporter - Added record 195 read from file: tormarc_p2lchoducabinetd15mont
2013-12-12 18:34:53,590 [main] INFO  main org.solrmarc.marc.MarcImporter - Added record 196 read from file: tormarc_confrencessurl02wise
2013-12-12 18:34:54,583 [main] INFO  main org.solrmarc.marc.MarcImporter - Added record 197 read from file: tormarc_histoiredelgli08herg
2013-12-12 18:34:55,614 [main] INFO  main org.solrmarc.marc.MarcImporter - Added record 198 read from file: tormarc_mmoirespours04pico
2013-12-12 18:34:56,650 [main] INFO  main org.solrmarc.marc.MarcImporter - Added record 199 read from file: tormarc_viedemgrdanicour00dani
2013-12-12 18:34:57,688 [main] INFO  main org.solrmarc.marc.MarcImporter - Added record 200 read from file: tormarc_histoiregnr10ceil
2013-12-12 18:34:58,688 [main] INFO  main org.solrmarc.marc.MarcImporter - Added record 201 read from file: tormarc_sermonsdemmassil01mass
2013-12-12 18:34:59,745 [main] INFO  main org.solrmarc.marc.MarcImporter - Added record 202 read from file: tormarc_histoiregnr04ceil
2013-12-12 18:35:00,775 [main] INFO  main org.solrmarc.marc.MarcImporter - Added record 203 read from file: tormarc_petitcatchisme00duti
2013-12-12 18:35:01,760 [main] INFO  main org.solrmarc.marc.MarcImporter - Added record 204 read from file: tormarc_confrences01laco
2013-12-12 18:35:02,742 [main] INFO  main org.solrmarc.marc.MarcImporter - Added record 205 read from file: tormarc_dictionnairealph15bois
2013-12-12 18:35:03,755 [main] INFO  main org.solrmarc.marc.MarcImporter - Added record 206 read from file: tormarc_oeuvrescomplte09boss
2013-12-12 18:35:04,759 [main] INFO  main org.solrmarc.marc.MarcImporter - Added record 207 read from file: tormarc_histoiregnr01ceil
2013-12-12 18:35:05,780 [main] INFO  main org.solrmarc.marc.MarcImporter - Added record 208 read from file: tormarc_dictionnairerais37prom
2013-12-12 18:35:06,795 [main] INFO  main org.solrmarc.marc.MarcImporter - Added record 209 read from file: tormarc_sommairedeladoct00sylv
2013-12-12 18:35:07,781 [main] INFO  main org.solrmarc.marc.MarcImporter - Added record 210 read from file: tormarc_1842leprocession00cath
2013-12-12 18:35:08,825 [main] INFO  main org.solrmarc.marc.MarcImporter - Added record 211 read from file: tormarc_histoiredesmalhe00beau
2013-12-12 18:35:09,831 [main] INFO  main org.solrmarc.marc.MarcImporter - Added record 212 read from file: tormarc_oeuvrescompl06boss
2013-12-12 18:35:10,837 [main] INFO  main org.solrmarc.marc.MarcImporter - Added record 213 read from file: tormarc_histoireduclerg02barr
2013-12-12 18:35:11,851 [main] INFO  main org.solrmarc.marc.MarcImporter - Added record 214 read from file: tormarc_langedubagne00nave
2013-12-12 18:35:12,856 [main] INFO  main org.solrmarc.marc.MarcImporter - Added record 215 read from file: tormarc_mmoirespours02pico
2013-12-12 18:35:13,917 [main] INFO  main org.solrmarc.marc.MarcImporter - Added record 216 read from file: tormarc_p1lchoducabinetd13mont
2013-12-12 18:35:14,919 [main] INFO  main org.solrmarc.marc.MarcImporter - Added record 217 read from file: tormarc_annalescatholiqu88pari
2013-12-12 18:35:15,935 [main] INFO  main org.solrmarc.marc.MarcImporter - Added record 218 read from file: tormarc_instructionssurl03joly
2013-12-12 18:35:16,969 [main] INFO  main org.solrmarc.marc.MarcImporter - Added record 219 read from file: tormarc_annalescatholiqu21pari
2013-12-12 18:35:17,965 [main] INFO  main org.solrmarc.marc.MarcImporter - Added record 220 read from file: tormarc_histoiregnra23ceil
2013-12-12 18:35:18,954 [main] INFO  main org.solrmarc.marc.MarcImporter - Added record 221 read from file: tormarc_choixdeslettrese07mont
2013-12-12 18:35:19,990 [main] INFO  main org.solrmarc.marc.MarcImporter - Added record 222 read from file: tormarc_bibliothquesac25rich
2013-12-12 18:35:21,027 [main] INFO  main org.solrmarc.marc.MarcImporter - Added record 223 read from file: tormarc_vritabletatd00cath
2013-12-12 18:35:22,044 [main] INFO  main org.solrmarc.marc.MarcImporter - Added record 224 read from file: tormarc_pieixdevantlhist00taxi
2013-12-12 18:35:23,022 [main] INFO  main org.solrmarc.marc.MarcImporter - Added record 225 read from file: tormarc_bibliothquesac26rich
2013-12-12 18:35:24,084 [main] INFO  main org.solrmarc.marc.MarcImporter - Added record 226 read from file: tormarc_annalescatholiqu15pari
2013-12-12 18:35:25,092 [main] INFO  main org.solrmarc.marc.MarcImporter - Added record 227 read from file: tormarc_sermonsduprebo03bour
2013-12-12 18:35:26,129 [main] INFO  main org.solrmarc.marc.MarcImporter - Added record 228 read from file: tormarc_annuairedevillem01hugu
2013-12-12 18:35:27,129 [main] INFO  main org.solrmarc.marc.MarcImporter - Added record 229 read from file: tormarc_paroissienromain00tour
2013-12-12 18:35:28,137 [main] INFO  main org.solrmarc.marc.MarcImporter - Added record 230 read from file: tormarc_nouvelleexplicat03no
2013-12-12 18:35:29,157 [main] INFO  main org.solrmarc.marc.MarcImporter - Added record 231 read from file: tormarc_instructionssurl01joly
2013-12-12 18:35:30,167 [main] INFO  main org.solrmarc.marc.MarcImporter - Added record 232 read from file: tormarc_paroissienromai00tour
2013-12-12 18:35:31,184 [main] INFO  main org.solrmarc.marc.MarcImporter - Added record 233 read from file: tormarc_annalescatholiqu51pari
2013-12-12 18:35:32,181 [main] INFO  main org.solrmarc.marc.MarcImporter - Added record 234 read from file: tormarc_lchoducabinetd13mont
2013-12-12 18:35:33,155 [main] INFO  main org.solrmarc.marc.MarcImporter - Added record 235 read from file: tormarc_bibliothquesac04rich
2013-12-12 18:35:34,156 [main] INFO  main org.solrmarc.marc.MarcImporter - Added record 236 read from file: tormarc_lecultecatholiqu00bg
2013-12-12 18:35:35,165 [main] INFO  main org.solrmarc.marc.MarcImporter - Added record 237 read from file: tormarc_sermonsdocteseta00roue
2013-12-12 18:35:36,165 [main] INFO  main org.solrmarc.marc.MarcImporter - Added record 238 read from file: tormarc_annalescatholiqu58pari
2013-12-12 18:35:37,203 [main] INFO  main org.solrmarc.marc.MarcImporter - Added record 239 read from file: tormarc_bibliothquesac03rich
2013-12-12 18:35:38,278 [main] INFO  main org.solrmarc.marc.MarcImporter - Added record 240 read from file: tormarc_annalescatholiqu71pari
2013-12-12 18:35:39,291 [main] INFO  main org.solrmarc.marc.MarcImporter - Added record 241 read from file: tormarc_bibliothquesac16rich
2013-12-12 18:35:40,291 [main] INFO  main org.solrmarc.marc.MarcImporter - Added record 242 read from file: tormarc_essaihistorique01pico
2013-12-12 18:35:41,289 [main] INFO  main org.solrmarc.marc.MarcImporter - Added record 243 read from file: tormarc_sermonsdepetit00mass
2013-12-12 18:35:42,303 [main] INFO  main org.solrmarc.marc.MarcImporter - Added record 244 read from file: tormarc_instructionssurl04joly
2013-12-12 18:35:43,317 [main] INFO  main org.solrmarc.marc.MarcImporter - Added record 245 read from file: tormarc_annalescatholiqu11pari
2013-12-12 18:35:44,301 [main] INFO  main org.solrmarc.marc.MarcImporter - Added record 246 read from file: tormarc_annalescatholiqu08pari
2013-12-12 18:35:45,338 [main] INFO  main org.solrmarc.marc.MarcImporter - Added record 247 read from file: tormarc_lanouvellefranc04qu
2013-12-12 18:35:46,355 [main] INFO  main org.solrmarc.marc.MarcImporter - Added record 248 read from file: tormarc_histoiregnra21ceil
2013-12-12 18:35:47,346 [main] INFO  main org.solrmarc.marc.MarcImporter - Added record 249 read from file: tormarc_histoiregnr06ceil
2013-12-12 18:35:48,338 [main] INFO  main org.solrmarc.marc.MarcImporter - Added record 250 read from file: tormarc_miroirduclerg01coss
2013-12-12 18:35:49,343 [main] INFO  main org.solrmarc.marc.MarcImporter - Added record 251 read from file: tormarc_ordonnanceetinst00fn
2013-12-12 18:35:50,335 [main] INFO  main org.solrmarc.marc.MarcImporter - Added record 252 read from file: tormarc_oeuvrescompl07boss
2013-12-12 18:35:51,369 [main] INFO  main org.solrmarc.marc.MarcImporter - Added record 253 read from file: tormarc_recueildordonnan00cath
2013-12-12 18:35:52,432 [main] INFO  main org.solrmarc.marc.MarcImporter - Added record 254 read from file: tormarc_oeuvrescomp04boss
2013-12-12 18:35:53,457 [main] INFO  main org.solrmarc.marc.MarcImporter - Added record 255 read from file: tormarc_bibliothquesac11rich
2013-12-12 18:35:54,527 [main] INFO  main org.solrmarc.marc.MarcImporter - Added record 256 read from file: tormarc_annalescatholiqu69pari
2013-12-12 18:35:55,528 [main] INFO  main org.solrmarc.marc.MarcImporter - Added record 257 read from file: tormarc_manueldesceremon02cath
2013-12-12 18:35:56,562 [main] INFO  main org.solrmarc.marc.MarcImporter - Added record 258 read from file: tormarc_lettressurlesqua00litt
2013-12-12 18:35:57,561 [main] INFO  main org.solrmarc.marc.MarcImporter - Added record 259 read from file: tormarc_choixdeslettrese02mont
2013-12-12 18:35:58,564 [main] INFO  main org.solrmarc.marc.MarcImporter - Added record 260 read from file: tormarc_bibliothquesac05rich
2013-12-12 18:35:59,576 [main] INFO  main org.solrmarc.marc.MarcImporter - Added record 261 read from file: tormarc_lglisecatholiq00saba
2013-12-12 18:36:00,573 [main] INFO  main org.solrmarc.marc.MarcImporter - Added record 262 read from file: tormarc_lanouvellefranc17qu
2013-12-12 18:36:01,623 [main] INFO  main org.solrmarc.marc.MarcImporter - Added record 263 read from file: tormarc_annalescatholiqu72pari
2013-12-12 18:36:02,681 [main] INFO  main org.solrmarc.marc.MarcImporter - Added record 264 read from file: tormarc_annalescatholiqu56pari
2013-12-12 18:36:03,720 [main] INFO  main org.solrmarc.marc.MarcImporter - Added record 265 read from file: tormarc_catchismeprati03mehl
2013-12-12 18:36:04,723 [main] INFO  main org.solrmarc.marc.MarcImporter - Added record 266 read from file: tormarc_annalescatholiqu35pari
2013-12-12 18:36:05,776 [main] INFO  main org.solrmarc.marc.MarcImporter - Added record 267 read from file: tormarc_p1lchoducabinetd09mont
2013-12-12 18:36:06,780 [main] INFO  main org.solrmarc.marc.MarcImporter - Added record 268 read from file: tormarc_bibliothquesac24rich
2013-12-12 18:36:07,794 [main] INFO  main org.solrmarc.marc.MarcImporter - Added record 269 read from file: tormarc_histoiredupapepi01arta
2013-12-12 18:36:08,803 [main] INFO  main org.solrmarc.marc.MarcImporter - Added record 270 read from file: tormarc_tudesdhistoire02bati
2013-12-12 18:36:09,801 [main] INFO  main org.solrmarc.marc.MarcImporter - Added record 271 read from file: tormarc_lepetitarsenaldu00cote
2013-12-12 18:36:10,796 [main] INFO  main org.solrmarc.marc.MarcImporter - Added record 272 read from file: tormarc_annalescatholiqu03pari
2013-12-12 18:36:11,818 [main] INFO  main org.solrmarc.marc.MarcImporter - Added record 273 read from file: tormarc_traittezsurlapri00dugu
2013-12-12 18:36:12,834 [main] INFO  main org.solrmarc.marc.MarcImporter - Added record 274 read from file: tormarc_annalescatholiqu12pari
2013-12-12 18:36:13,922 [main] INFO  main org.solrmarc.marc.MarcImporter - Added record 275 read from file: tormarc_lespitreseteva00amel
2013-12-12 18:36:14,963 [main] INFO  main org.solrmarc.marc.MarcImporter - Added record 276 read from file: tormarc_p1lchoducabinetd10mont
2013-12-12 18:36:15,997 [main] INFO  main org.solrmarc.marc.MarcImporter - Added record 277 read from file: tormarc_sermonsdupreb01bour
2013-12-12 18:36:17,006 [main] INFO  main org.solrmarc.marc.MarcImporter - Added record 278 read from file: tormarc_oeuvrescompl08boss
2013-12-12 18:36:17,999 [main] INFO  main org.solrmarc.marc.MarcImporter - Added record 279 read from file: tormarc_annalescatholiqu70pari
2013-12-12 18:36:18,993 [main] INFO  main org.solrmarc.marc.MarcImporter - Added record 280 read from file: tormarc_lesyllabusbasede00peti
2013-12-12 18:36:19,993 [main] INFO  main org.solrmarc.marc.MarcImporter - Added record 281 read from file: tormarc_instructionsgn01poug
2013-12-12 18:36:21,015 [main] INFO  main org.solrmarc.marc.MarcImporter - Added record 282 read from file: tormarc_annalescatholiqu82pari
2013-12-12 18:36:22,084 [main] INFO  main org.solrmarc.marc.MarcImporter - Added record 283 read from file: tormarc_annalescatholiqu28pari
2013-12-12 18:36:23,093 [main] INFO  main org.solrmarc.marc.MarcImporter - Added record 284 read from file: tormarc_histoiredupapepi02arta
2013-12-12 18:36:24,115 [main] INFO  main org.solrmarc.marc.MarcImporter - Added record 285 read from file: tormarc_confrencesetdi01mass
2013-12-12 18:36:25,149 [main] INFO  main org.solrmarc.marc.MarcImporter - Added record 286 read from file: tormarc_annalescatholiqu14pari
2013-12-12 18:36:26,185 [main] INFO  main org.solrmarc.marc.MarcImporter - Added record 287 read from file: tormarc_annalescatholiqu81pari
2013-12-12 18:36:27,201 [main] INFO  main org.solrmarc.marc.MarcImporter - Added record 288 read from file: tormarc_leprogrsparlec1856fl
2013-12-12 18:36:28,188 [main] INFO  main org.solrmarc.marc.MarcImporter - Added record 289 read from file: tormarc_annalescatholiqu31pari
2013-12-12 18:36:29,164 [main] INFO  main org.solrmarc.marc.MarcImporter - Added record 290 read from file: tormarc_annalescatholiqu42pari
2013-12-12 18:36:30,160 [main] INFO  main org.solrmarc.marc.MarcImporter - Added record 291 read from file: tormarc_lesbeautesdelafo00vent
2013-12-12 18:36:31,165 [main] INFO  main org.solrmarc.marc.MarcImporter - Added record 292 read from file: tormarc_sermonsdupre175601bour
2013-12-12 18:36:32,193 [main] INFO  main org.solrmarc.marc.MarcImporter - Added record 293 read from file: tormarc_missaleromanumex00cath
2013-12-12 18:36:33,190 [main] INFO  main org.solrmarc.marc.MarcImporter - Added record 294 read from file: tormarc_vieetmmoiresde03pott
2013-12-12 18:36:34,196 [main] INFO  main org.solrmarc.marc.MarcImporter - Added record 295 read from file: tormarc_taxesdespartiesc00cath
2013-12-12 18:36:35,189 [main] INFO  main org.solrmarc.marc.MarcImporter - Added record 296 read from file: tormarc_annalescatholiqu25pari
2013-12-12 18:36:36,225 [main] INFO  main org.solrmarc.marc.MarcImporter - Added record 297 read from file: tormarc_lanouvellefranc07qu
2013-12-12 18:36:37,244 [main] INFO  main org.solrmarc.marc.MarcImporter - Added record 298 read from file: tormarc_exhortationseti01bour
2013-12-12 18:36:38,282 [main] INFO  main org.solrmarc.marc.MarcImporter - Added record 299 read from file: tormarc_lanouvellefranc06qu
2013-12-12 18:36:39,290 [main] INFO  main org.solrmarc.marc.MarcImporter - Added record 300 read from file: tormarc_surladclaratio00lalu
2013-12-12 18:36:40,416 [main] INFO  main org.solrmarc.marc.MarcImporter - Added record 301 read from file: tormarc_leguidedessmin00dubo
2013-12-12 18:36:41,413 [main] INFO  main org.solrmarc.marc.MarcImporter - Added record 302 read from file: tormarc_deletatactueldu00alli
2013-12-12 18:36:42,425 [main] INFO  main org.solrmarc.marc.MarcImporter - Added record 303 read from file: tormarc_dictionnairerais36prom
2013-12-12 18:36:43,410 [main] INFO  main org.solrmarc.marc.MarcImporter - Added record 304 read from file: tormarc_paroissienromain00cath
2013-12-12 18:36:44,406 [main] INFO  main org.solrmarc.marc.MarcImporter - Added record 305 read from file: tormarc_histoiredupapepi03arta
2013-12-12 18:36:45,440 [main] INFO  main org.solrmarc.marc.MarcImporter - Added record 306 read from file: tormarc_confrencessurl00chev
2013-12-12 18:36:46,429 [main] INFO  main org.solrmarc.marc.MarcImporter - Added record 307 read from file: tormarc_histoiredelgli01herg
2013-12-12 18:36:47,424 [main] INFO  main org.solrmarc.marc.MarcImporter - Added record 308 read from file: tormarc_vieetmmoiresde01pott
2013-12-12 18:36:48,423 [main] INFO  main org.solrmarc.marc.MarcImporter - Added record 309 read from file: tormarc_leprogrsparlec1862fl
2013-12-12 18:36:49,415 [main] INFO  main org.solrmarc.marc.MarcImporter - Added record 310 read from file: tormarc_histoiredelgli06herg
2013-12-12 18:36:50,418 [main] INFO  main org.solrmarc.marc.MarcImporter - Added record 311 read from file: tormarc_dictionnairerais38prom
2013-12-12 18:36:51,432 [main] INFO  main org.solrmarc.marc.MarcImporter - Added record 312 read from file: tormarc_annalescatholiqu05pari
2013-12-12 18:36:52,437 [main] INFO  main org.solrmarc.marc.MarcImporter - Added record 313 read from file: tormarc_ladevotionautrez00dijo
2013-12-12 18:36:53,450 [main] INFO  main org.solrmarc.marc.MarcImporter - Added record 314 read from file: tormarc_sermonsduprebr05brid
2013-12-12 18:36:54,463 [main] INFO  main org.solrmarc.marc.MarcImporter - Added record 315 read from file: tormarc_annalescatholiqu64pari
2013-12-12 18:36:55,513 [main] INFO  main org.solrmarc.marc.MarcImporter - Added record 316 read from file: tormarc_annalescatholiqu10pari
2013-12-12 18:36:56,508 [main] INFO  main org.solrmarc.marc.MarcImporter - Added record 317 read from file: tormarc_dictionnairedeth33berg
2013-12-12 18:36:57,550 [main] INFO  main org.solrmarc.marc.MarcImporter - Added record 318 read from file: tormarc_oeuvrescomplte11boss
2013-12-12 18:36:58,611 [main] INFO  main org.solrmarc.marc.MarcImporter - Added record 319 read from file: tormarc_sermonsdupreb02bour
2013-12-12 18:36:59,653 [main] INFO  main org.solrmarc.marc.MarcImporter - Added record 320 read from file: tormarc_annalescatholiqu80pari
2013-12-12 18:37:00,664 [main] INFO  main org.solrmarc.marc.MarcImporter - Added record 321 read from file: tormarc_correspondancede01rome
2013-12-12 18:37:01,798 [main] INFO  main org.solrmarc.marc.MarcImporter - Added record 322 read from file: tormarc_labbfidusmursd00rogu
2013-12-12 18:37:02,860 [main] INFO  main org.solrmarc.marc.MarcImporter - Added record 323 read from file: tormarc_mditationssoci00mali
2013-12-12 18:37:03,879 [main] INFO  main org.solrmarc.marc.MarcImporter - Added record 324 read from file: tormarc_leprocessionnalr00cath
2013-12-12 18:37:04,881 [main] INFO  main org.solrmarc.marc.MarcImporter - Added record 325 read from file: tormarc_annalescatholiqu22pari
2013-12-12 18:37:05,884 [main] INFO  main org.solrmarc.marc.MarcImporter - Added record 326 read from file: tormarc_statutssynodauxd00alet
2013-12-12 18:37:06,902 [main] INFO  main org.solrmarc.marc.MarcImporter - Added record 327 read from file: tormarc_bibliothquesac10rich
2013-12-12 18:37:07,907 [main] INFO  main org.solrmarc.marc.MarcImporter - Added record 328 read from file: tormarc_annalescatholiqu77pari
2013-12-12 18:37:08,946 [main] INFO  main org.solrmarc.marc.MarcImporter - Added record 329 read from file: tormarc_listechronologiq00nois
2013-12-12 18:37:09,963 [main] INFO  main org.solrmarc.marc.MarcImporter - Added record 330 read from file: tormarc_confrencessurl05chev
2013-12-12 18:37:10,967 [main] INFO  main org.solrmarc.marc.MarcImporter - Added record 331 read from file: tormarc_lesjubilsetl02trud
2013-12-12 18:37:12,006 [main] INFO  main org.solrmarc.marc.MarcImporter - Added record 332 read from file: tormarc_annalescatholiqu45pari
2013-12-12 18:37:13,025 [main] INFO  main org.solrmarc.marc.MarcImporter - Added record 333 read from file: tormarc_annalescatholiqu66pari
2013-12-12 18:37:14,029 [main] INFO  main org.solrmarc.marc.MarcImporter - Added record 334 read from file: tormarc_annepastoraleo02reyr
2013-12-12 18:37:15,044 [main] INFO  main org.solrmarc.marc.MarcImporter - Added record 335 read from file: tormarc_p2lanouvellefranc16qu
2013-12-12 18:37:16,068 [main] INFO  main org.solrmarc.marc.MarcImporter - Added record 336 read from file: tormarc_p2lettresintress03clem
2013-12-12 18:37:17,092 [main] INFO  main org.solrmarc.marc.MarcImporter - Added record 337 read from file: tormarc_annalescatholiqu73pari
2013-12-12 18:37:18,123 [main] INFO  main org.solrmarc.marc.MarcImporter - Added record 338 read from file: tormarc_histoiregnra22ceil
2013-12-12 18:37:19,207 [main] INFO  main org.solrmarc.marc.MarcImporter - Added record 339 read from file: tormarc_chantesliturgiqu00cath
2013-12-12 18:37:20,301 [main] INFO  main org.solrmarc.marc.MarcImporter - Added record 340 read from file: tormarc_essaihistorique02pico
2013-12-12 18:37:21,333 [main] INFO  main org.solrmarc.marc.MarcImporter - Added record 341 read from file: tormarc_annalescatholiqu59pari
2013-12-12 18:37:22,375 [main] INFO  main org.solrmarc.marc.MarcImporter - Added record 342 read from file: tormarc_annalescatholiqu79pari
2013-12-12 18:37:23,447 [main] INFO  main org.solrmarc.marc.MarcImporter - Added record 343 read from file: tormarc_instructionssurl02joly
2013-12-12 18:37:24,574 [main] INFO  main org.solrmarc.marc.MarcImporter - Added record 344 read from file: tormarc_paralleledeladoc00boye
2013-12-12 18:37:25,602 [main] INFO  main org.solrmarc.marc.MarcImporter - Added record 345 read from file: tormarc_bibliothquesac12rich
2013-12-12 18:37:26,620 [main] INFO  main org.solrmarc.marc.MarcImporter - Added record 346 read from file: tormarc_lanouvellefranc10qu
2013-12-12 18:37:27,625 [main] INFO  main org.solrmarc.marc.MarcImporter - Added record 347 read from file: tormarc_histoiregnr02ceil
2013-12-12 18:37:28,715 [main] INFO  main org.solrmarc.marc.MarcImporter - Added record 348 read from file: tormarc_annalescatholiqu47pari
2013-12-12 18:37:29,780 [main] INFO  main org.solrmarc.marc.MarcImporter - Added record 349 read from file: tormarc_prnesrduitse180101bill
2013-12-12 18:37:30,783 [main] INFO  main org.solrmarc.marc.MarcImporter - Added record 350 read from file: tormarc_lacordairejourna00fesc
2013-12-12 18:37:31,859 [main] INFO  main org.solrmarc.marc.MarcImporter - Added record 351 read from file: tormarc_choixdeslettrese03mont
2013-12-12 18:37:32,872 [main] INFO  main org.solrmarc.marc.MarcImporter - Added record 352 read from file: tormarc_sermonsduprebo01bour
2013-12-12 18:37:33,871 [main] INFO  main org.solrmarc.marc.MarcImporter - Added record 353 read from file: tormarc_confrences03laco
2013-12-12 18:37:34,864 [main] INFO  main org.solrmarc.marc.MarcImporter - Added record 354 read from file: tormarc_lchoducabinetd11mont
2013-12-12 18:37:35,868 [main] INFO  main org.solrmarc.marc.MarcImporter - Added record 355 read from file: tormarc_confrencesetdi02mass
2013-12-12 18:37:36,897 [main] INFO  main org.solrmarc.marc.MarcImporter - Added record 356 read from file: tormarc_annalescatholiqu50pari
2013-12-12 18:37:37,935 [main] INFO  main org.solrmarc.marc.MarcImporter - Added record 357 read from file: tormarc_annalescatholiqu43pari
2013-12-12 18:37:38,941 [main] INFO  main org.solrmarc.marc.MarcImporter - Added record 358 read from file: tormarc_choixdeslettrese06mont
2013-12-12 18:37:39,976 [main] INFO  main org.solrmarc.marc.MarcImporter - Added record 359 read from file: tormarc_p2lchoducabinetd10mont
2013-12-12 18:37:40,978 [main] INFO  main org.solrmarc.marc.MarcImporter - Added record 360 read from file: tormarc_labyrinthuscantu00carw
2013-12-12 18:37:42,001 [main] INFO  main org.solrmarc.marc.MarcImporter - Added record 361 read from file: tormarc_annalescatholiqu76pari
2013-12-12 18:37:43,199 [main] INFO  main org.solrmarc.marc.MarcImporter - Added record 362 read from file: tormarc_decretdensplepap00cath
2013-12-12 18:37:44,212 [main] INFO  main org.solrmarc.marc.MarcImporter - Added record 363 read from file: tormarc_annalescatholiqu07pari
2013-12-12 18:37:45,209 [main] INFO  main org.solrmarc.marc.MarcImporter - Added record 364 read from file: tormarc_dupapesuividel01mais
2013-12-12 18:37:46,258 [main] INFO  main org.solrmarc.marc.MarcImporter - Added record 365 read from file: tormarc_lagrandeguerreec00dess
2013-12-12 18:37:47,299 [main] INFO  main org.solrmarc.marc.MarcImporter - Added record 366 read from file: tormarc_instructonschret00tran
2013-12-12 18:37:48,386 [main] INFO  main org.solrmarc.marc.MarcImporter - Added record 367 read from file: tormarc_sermonsduprebo04bour
2013-12-12 18:37:49,382 [main] INFO  main org.solrmarc.marc.MarcImporter - Added record 368 read from file: tormarc_larenaissanceca01thur
2013-12-12 18:37:50,355 [main] INFO  main org.solrmarc.marc.MarcImporter - Added record 369 read from file: tormarc_annalescatholiqu39pari
2013-12-12 18:37:51,353 [main] INFO  main org.solrmarc.marc.MarcImporter - Added record 370 read from file: tormarc_p1lchoducabinetd15mont
2013-12-12 18:37:52,341 [main] INFO  main org.solrmarc.marc.MarcImporter - Added record 371 read from file: tormarc_histoiregnr13ceil
2013-12-12 18:37:53,347 [main] INFO  main org.solrmarc.marc.MarcImporter - Added record 372 read from file: tormarc_choixdeslettrese05mont
2013-12-12 18:37:54,340 [main] INFO  main org.solrmarc.marc.MarcImporter - Added record 373 read from file: tormarc_affaireguibordqu00brow
2013-12-12 18:37:55,342 [main] INFO  main org.solrmarc.marc.MarcImporter - Added record 374 read from file: tormarc_annalescatholiqu61pari
2013-12-12 18:37:56,350 [main] INFO  main org.solrmarc.marc.MarcImporter - Added record 375 read from file: tormarc_ritualeromanump00cath
2013-12-12 18:37:57,358 [main] INFO  main org.solrmarc.marc.MarcImporter - Added record 376 read from file: tormarc_annalescatholiqu63pari
2013-12-12 18:37:58,356 [main] INFO  main org.solrmarc.marc.MarcImporter - Added record 377 read from file: tormarc_sermonsdemmassil03mass
2013-12-12 18:37:59,342 [main] INFO  main org.solrmarc.marc.MarcImporter - Added record 378 read from file: tormarc_lofficedubonpast00cath
2013-12-12 18:38:00,361 [main] INFO  main org.solrmarc.marc.MarcImporter - Added record 379 read from file: tormarc_p1lettresintress03clem
2013-12-12 18:38:01,360 [main] INFO  main org.solrmarc.marc.MarcImporter - Added record 380 read from file: tormarc_nouvelleexplicat02no
2013-12-12 18:38:02,350 [main] INFO  main org.solrmarc.marc.MarcImporter - Added record 381 read from file: tormarc_choixdeslettrese04mont
2013-12-12 18:38:03,375 [main] INFO  main org.solrmarc.marc.MarcImporter - Added record 382 read from file: tormarc_lanouvellefranc02qu
2013-12-12 18:38:04,370 [main] INFO  main org.solrmarc.marc.MarcImporter - Added record 383 read from file: tormarc_annalescatholiqu23pari
2013-12-12 18:38:05,374 [main] INFO  main org.solrmarc.marc.MarcImporter - Added record 384 read from file: tormarc_histoiregnr15ceil
2013-12-12 18:38:06,368 [main] INFO  main org.solrmarc.marc.MarcImporter - Added record 385 read from file: tormarc_annalescatholiqu16pari
2013-12-12 18:38:07,394 [main] INFO  main org.solrmarc.marc.MarcImporter - Added record 386 read from file: tormarc_catchismeprati01mehl
2013-12-12 18:38:08,423 [main] INFO  main org.solrmarc.marc.MarcImporter - Added record 387 read from file: tormarc_graduelromainl00cath
2013-12-12 18:38:09,434 [main] INFO  main org.solrmarc.marc.MarcImporter - Added record 388 read from file: tormarc_bibliothquesac15rich
2013-12-12 18:38:10,503 [main] INFO  main org.solrmarc.marc.MarcImporter - Added record 389 read from file: tormarc_sermonsdeoraison00mass
2013-12-12 18:38:11,533 [main] INFO  main org.solrmarc.marc.MarcImporter - Added record 390 read from file: tormarc_lecatholicismec00viat
2013-12-12 18:38:12,645 [main] INFO  main org.solrmarc.marc.MarcImporter - Added record 391 read from file: tormarc_pensessurdiff00mass
2013-12-12 18:38:13,752 [main] INFO  main org.solrmarc.marc.MarcImporter - Added record 392 read from file: tormarc_histoiregnr12ceil
2013-12-12 18:38:14,732 [main] INFO  main org.solrmarc.marc.MarcImporter - Added record 393 read from file: tormarc_bibliothquesac29rich
2013-12-12 18:38:15,745 [main] INFO  main org.solrmarc.marc.MarcImporter - Added record 394 read from file: tormarc_lanouvellefranc15qu
2013-12-12 18:38:16,767 [main] INFO  main org.solrmarc.marc.MarcImporter - Added record 395 read from file: tormarc_confrences04laco
2013-12-12 18:38:17,757 [main] INFO  main org.solrmarc.marc.MarcImporter - Added record 396 read from file: tormarc_catechismeetsomm00cath
2013-12-12 18:38:18,757 [main] INFO  main org.solrmarc.marc.MarcImporter - Added record 397 read from file: tormarc_annalescatholiqu89pari
2013-12-12 18:38:19,772 [main] INFO  main org.solrmarc.marc.MarcImporter - Added record 398 read from file: tormarc_lanouvellefranc08qu
2013-12-12 18:38:20,765 [main] INFO  main org.solrmarc.marc.MarcImporter - Added record 399 read from file: tormarc_annalescatholiqu53pari
2013-12-12 18:38:20,766 [main] INFO  main org.solrmarc.marc.MarcImporter -  Adding 399 of 399 documents to index
2013-12-12 18:38:20,766 [main] INFO  main org.solrmarc.marc.MarcImporter -  Deleting 0 documents from index
2013-12-12 18:38:20,766 [main] INFO  main org.solrmarc.marc.MarcImporter - Calling commit (with optimize set to false)
2013-12-12 18:38:55,407 [main] INFO  main org.solrmarc.marc.MarcImporter - Done with the commit, closing Solr
2013-12-12 18:38:55,408 [main] INFO  main org.solrmarc.marc.MarcImporter - Setting Solr closed flag
2013-12-12 18:38:55,408 [main] INFO  main org.solrmarc.marc.MarcImporter - Finished indexing in 7:26.00
2013-12-12 18:38:55,409 [main] INFO  main org.solrmarc.marc.MarcImporter - Indexed 399 at a rate of about 0.0 per sec
2013-12-12 18:38:55,409 [main] INFO  main org.solrmarc.marc.MarcImporter - Deleted 0 records
2013-12-12 18:38:55,410 [Thread-1] INFO  Thread-1 org.solrmarc.marc.MarcImporter - Starting Shutdown hook
2013-12-12 18:38:55,411 [Thread-1] INFO  Thread-1 org.solrmarc.marc.MarcImporter - Finished Shutdown hook
