Apr 11, 2013 8:38:11 AM org.solrmarc.marc.MarcImporter main
INFO: Starting SolrMarc indexing.
Apr 11, 2013 8:38:11 AM org.solrmarc.tools.Utils getPropertyFileInputStream
INFO: Opening file: /shared/cportal_prod/data/vufind/import/import.properties
Apr 11, 2013 8:38:11 AM org.solrmarc.marc.MarcImporter getSolrServerProxy
INFO:  Updating to Solr index at /shared/cportal_prod/data/vufind/solr
Apr 11, 2013 8:38:11 AM org.solrmarc.marc.MarcImporter getSolrServerProxy
INFO:      Using Solr core biblio
Apr 11, 2013 8:38:11 AM org.solrmarc.solr.SolrCoreLoader loadEmbeddedCore
INFO: Using the multicore schema file at : /shared/cportal_prod/data/vufind/solr/solr.xml
Apr 11, 2013 8:38:11 AM org.solrmarc.solr.SolrCoreLoader loadEmbeddedCore
INFO: Using the biblio core
Apr 11, 2013 8:38:11 AM org.solrmarc.solr.SolrCoreLoader loadEmbeddedCore
INFO: Using the data directory of: /shared/cportal_prod/data/vufind/solr/biblio
Apr 11, 2013 8:38:12 AM org.solrmarc.marc.MarcHandler loadReader
INFO: Attempting to open data file: /shared/cportal_prod/data/crra/marc-updated/ben.marc
Apr 11, 2013 8:38:12 AM org.solrmarc.marc.MarcImporter importRecords
INFO: Added record 1 read from file: benmarc_6291
Apr 11, 2013 8:38:12 AM org.solrmarc.marc.MarcImporter importRecords
INFO: Added record 2 read from file: benmarc_6399
Apr 11, 2013 8:38:12 AM org.solrmarc.marc.MarcImporter importRecords
INFO: Added record 3 read from file: benmarc_7057
Apr 11, 2013 8:38:12 AM org.solrmarc.marc.MarcImporter importRecords
INFO: Added record 4 read from file: benmarc_13569
Apr 11, 2013 8:38:13 AM org.solrmarc.marc.MarcImporter importRecords
INFO: Added record 5 read from file: benmarc_17764
Apr 11, 2013 8:38:13 AM org.solrmarc.marc.MarcImporter importRecords
INFO: Added record 6 read from file: benmarc_23755
Apr 11, 2013 8:38:13 AM org.solrmarc.marc.MarcImporter importRecords
INFO: Added record 7 read from file: benmarc_24371
Apr 11, 2013 8:38:13 AM org.solrmarc.marc.MarcImporter importRecords
INFO: Added record 8 read from file: benmarc_39681
Apr 11, 2013 8:38:13 AM org.solrmarc.marc.MarcImporter importRecords
INFO: Added record 9 read from file: benmarc_39682
Apr 11, 2013 8:38:13 AM org.solrmarc.marc.MarcImporter importRecords
INFO: Added record 10 read from file: benmarc_39683
Apr 11, 2013 8:38:13 AM org.solrmarc.marc.MarcImporter importRecords
INFO: Added record 11 read from file: benmarc_40540
Apr 11, 2013 8:38:13 AM org.solrmarc.marc.MarcImporter importRecords
INFO: Added record 12 read from file: benmarc_40658
Apr 11, 2013 8:38:13 AM org.solrmarc.marc.MarcImporter importRecords
INFO: Added record 13 read from file: benmarc_40952
Apr 11, 2013 8:38:13 AM org.solrmarc.marc.MarcImporter importRecords
INFO: Added record 14 read from file: benmarc_41104
Apr 11, 2013 8:38:13 AM org.solrmarc.marc.MarcImporter importRecords
INFO: Added record 15 read from file: benmarc_41530
Apr 11, 2013 8:38:13 AM org.solrmarc.marc.MarcImporter importRecords
INFO: Added record 16 read from file: benmarc_43033
Apr 11, 2013 8:38:13 AM org.solrmarc.marc.MarcImporter importRecords
INFO: Added record 17 read from file: benmarc_44335
Apr 11, 2013 8:38:13 AM org.solrmarc.marc.MarcImporter importRecords
INFO: Added record 18 read from file: benmarc_46199
Apr 11, 2013 8:38:13 AM org.solrmarc.marc.MarcImporter importRecords
INFO: Added record 19 read from file: benmarc_46935
Apr 11, 2013 8:38:13 AM org.solrmarc.marc.MarcImporter importRecords
INFO: Added record 20 read from file: benmarc_47314
Apr 11, 2013 8:38:13 AM org.solrmarc.marc.MarcImporter importRecords
INFO: Added record 21 read from file: benmarc_47325
Apr 11, 2013 8:38:13 AM org.solrmarc.marc.MarcImporter importRecords
INFO: Added record 22 read from file: benmarc_47693
Apr 11, 2013 8:38:13 AM org.solrmarc.marc.MarcImporter importRecords
INFO: Added record 23 read from file: benmarc_49093
Apr 11, 2013 8:38:13 AM org.solrmarc.marc.MarcImporter importRecords
INFO: Added record 24 read from file: benmarc_49753
Apr 11, 2013 8:38:13 AM org.solrmarc.marc.MarcImporter importRecords
INFO: Added record 25 read from file: benmarc_49803
Apr 11, 2013 8:38:13 AM org.solrmarc.marc.MarcImporter importRecords
INFO: Added record 26 read from file: benmarc_50818
Apr 11, 2013 8:38:13 AM org.solrmarc.marc.MarcImporter importRecords
INFO: Added record 27 read from file: benmarc_52027
Apr 11, 2013 8:38:13 AM org.solrmarc.marc.MarcImporter importRecords
INFO: Added record 28 read from file: benmarc_52028
Apr 11, 2013 8:38:13 AM org.solrmarc.marc.MarcImporter importRecords
INFO: Added record 29 read from file: benmarc_53226
Apr 11, 2013 8:38:13 AM org.solrmarc.marc.MarcImporter importRecords
INFO: Added record 30 read from file: benmarc_53251
Apr 11, 2013 8:38:13 AM org.solrmarc.marc.MarcImporter importRecords
INFO: Added record 31 read from file: benmarc_53278
Apr 11, 2013 8:38:13 AM org.solrmarc.marc.MarcImporter importRecords
INFO: Added record 32 read from file: benmarc_53619
Apr 11, 2013 8:38:13 AM org.solrmarc.marc.MarcImporter importRecords
INFO: Added record 33 read from file: benmarc_53632
Apr 11, 2013 8:38:13 AM org.solrmarc.marc.MarcImporter importRecords
INFO: Added record 34 read from file: benmarc_53643
Apr 11, 2013 8:38:13 AM org.solrmarc.marc.MarcImporter importRecords
INFO: Added record 35 read from file: benmarc_53644
Apr 11, 2013 8:38:13 AM org.solrmarc.marc.MarcImporter importRecords
INFO: Added record 36 read from file: benmarc_53809
Apr 11, 2013 8:38:13 AM org.solrmarc.marc.MarcImporter importRecords
INFO: Added record 37 read from file: benmarc_53954
Apr 11, 2013 8:38:13 AM org.solrmarc.marc.MarcImporter importRecords
INFO: Added record 38 read from file: benmarc_53955
Apr 11, 2013 8:38:13 AM org.solrmarc.marc.MarcImporter importRecords
INFO: Added record 39 read from file: benmarc_53956
Apr 11, 2013 8:38:13 AM org.solrmarc.marc.MarcImporter importRecords
INFO: Added record 40 read from file: benmarc_53957
Apr 11, 2013 8:38:13 AM org.solrmarc.marc.MarcImporter importRecords
INFO: Added record 41 read from file: benmarc_53958
Apr 11, 2013 8:38:13 AM org.solrmarc.marc.MarcImporter importRecords
INFO: Added record 42 read from file: benmarc_53959
Apr 11, 2013 8:38:13 AM org.solrmarc.marc.MarcImporter importRecords
INFO: Added record 43 read from file: benmarc_53960
Apr 11, 2013 8:38:13 AM org.solrmarc.marc.MarcImporter importRecords
INFO: Added record 44 read from file: benmarc_53961
Apr 11, 2013 8:38:13 AM org.solrmarc.marc.MarcImporter importRecords
INFO: Added record 45 read from file: benmarc_53962
Apr 11, 2013 8:38:13 AM org.solrmarc.marc.MarcImporter importRecords
INFO: Added record 46 read from file: benmarc_53963
Apr 11, 2013 8:38:13 AM org.solrmarc.marc.MarcImporter importRecords
INFO: Added record 47 read from file: benmarc_53964
Apr 11, 2013 8:38:13 AM org.solrmarc.marc.MarcImporter importRecords
INFO: Added record 48 read from file: benmarc_54763
Apr 11, 2013 8:38:13 AM org.solrmarc.marc.MarcImporter importRecords
INFO: Added record 49 read from file: benmarc_54916
Apr 11, 2013 8:38:13 AM org.solrmarc.marc.MarcImporter importRecords
INFO: Added record 50 read from file: benmarc_54917
Apr 11, 2013 8:38:13 AM org.solrmarc.marc.MarcImporter importRecords
INFO: Added record 51 read from file: benmarc_55124
Apr 11, 2013 8:38:13 AM org.solrmarc.marc.MarcImporter importRecords
INFO: Added record 52 read from file: benmarc_55127
Apr 11, 2013 8:38:13 AM org.solrmarc.marc.MarcImporter importRecords
INFO: Added record 53 read from file: benmarc_55128
Apr 11, 2013 8:38:13 AM org.solrmarc.marc.MarcImporter importRecords
INFO: Added record 54 read from file: benmarc_55129
Apr 11, 2013 8:38:13 AM org.solrmarc.marc.MarcImporter importRecords
INFO: Added record 55 read from file: benmarc_55130
Apr 11, 2013 8:38:13 AM org.solrmarc.marc.MarcImporter importRecords
INFO: Added record 56 read from file: benmarc_55131
Apr 11, 2013 8:38:13 AM org.solrmarc.marc.MarcImporter importRecords
INFO: Added record 57 read from file: benmarc_55132
Apr 11, 2013 8:38:13 AM org.solrmarc.marc.MarcImporter importRecords
INFO: Added record 58 read from file: benmarc_55133
Apr 11, 2013 8:38:13 AM org.solrmarc.marc.MarcImporter importRecords
INFO: Added record 59 read from file: benmarc_55355
Apr 11, 2013 8:38:13 AM org.solrmarc.marc.MarcImporter importRecords
INFO: Added record 60 read from file: benmarc_55366
Apr 11, 2013 8:38:13 AM org.solrmarc.marc.MarcImporter importRecords
INFO: Added record 61 read from file: benmarc_55370
Apr 11, 2013 8:38:13 AM org.solrmarc.marc.MarcImporter importRecords
INFO: Added record 62 read from file: benmarc_55376
Apr 11, 2013 8:38:13 AM org.solrmarc.marc.MarcImporter importRecords
INFO: Added record 63 read from file: benmarc_55377
Apr 11, 2013 8:38:13 AM org.solrmarc.marc.MarcImporter importRecords
INFO: Added record 64 read from file: benmarc_55378
Apr 11, 2013 8:38:13 AM org.solrmarc.marc.MarcImporter importRecords
INFO: Added record 65 read from file: benmarc_55509
Apr 11, 2013 8:38:13 AM org.solrmarc.marc.MarcImporter importRecords
INFO: Added record 66 read from file: benmarc_55762
Apr 11, 2013 8:38:13 AM org.solrmarc.marc.MarcImporter importRecords
INFO: Added record 67 read from file: benmarc_55764
Apr 11, 2013 8:38:13 AM org.solrmarc.marc.MarcImporter importRecords
INFO: Added record 68 read from file: benmarc_55780
Apr 11, 2013 8:38:13 AM org.solrmarc.marc.MarcImporter importRecords
INFO: Added record 69 read from file: benmarc_55794
Apr 11, 2013 8:38:13 AM org.solrmarc.marc.MarcImporter importRecords
INFO: Added record 70 read from file: benmarc_55908
Apr 11, 2013 8:38:13 AM org.solrmarc.marc.MarcImporter importRecords
INFO: Added record 71 read from file: benmarc_55909
Apr 11, 2013 8:38:13 AM org.solrmarc.marc.MarcImporter importRecords
INFO: Added record 72 read from file: benmarc_55910
Apr 11, 2013 8:38:13 AM org.solrmarc.marc.MarcImporter importRecords
INFO: Added record 73 read from file: benmarc_55911
Apr 11, 2013 8:38:13 AM org.solrmarc.marc.MarcImporter importRecords
INFO: Added record 74 read from file: benmarc_55912
Apr 11, 2013 8:38:13 AM org.solrmarc.marc.MarcImporter importRecords
INFO: Added record 75 read from file: benmarc_56107
Apr 11, 2013 8:38:13 AM org.solrmarc.marc.MarcImporter importRecords
INFO: Added record 76 read from file: benmarc_56116
Apr 11, 2013 8:38:13 AM org.solrmarc.marc.MarcImporter importRecords
INFO: Added record 77 read from file: benmarc_56131
Apr 11, 2013 8:38:13 AM org.solrmarc.marc.MarcImporter importRecords
INFO: Added record 78 read from file: benmarc_56225
Apr 11, 2013 8:38:13 AM org.solrmarc.marc.MarcImporter importRecords
INFO: Added record 79 read from file: benmarc_56310
Apr 11, 2013 8:38:13 AM org.solrmarc.marc.MarcImporter importRecords
INFO: Added record 80 read from file: benmarc_56311
Apr 11, 2013 8:38:13 AM org.solrmarc.marc.MarcImporter importRecords
INFO: Added record 81 read from file: benmarc_56312
Apr 11, 2013 8:38:13 AM org.solrmarc.marc.MarcImporter importRecords
INFO: Added record 82 read from file: benmarc_56313
Apr 11, 2013 8:38:13 AM org.solrmarc.marc.MarcImporter importRecords
INFO: Added record 83 read from file: benmarc_56314
Apr 11, 2013 8:38:13 AM org.solrmarc.marc.MarcImporter importRecords
INFO: Added record 84 read from file: benmarc_56315
Apr 11, 2013 8:38:13 AM org.solrmarc.marc.MarcImporter importRecords
INFO: Added record 85 read from file: benmarc_56316
Apr 11, 2013 8:38:13 AM org.solrmarc.marc.MarcImporter importRecords
INFO: Added record 86 read from file: benmarc_56317
Apr 11, 2013 8:38:13 AM org.solrmarc.marc.MarcImporter importRecords
INFO: Added record 87 read from file: benmarc_56318
Apr 11, 2013 8:38:13 AM org.solrmarc.marc.MarcImporter importRecords
INFO: Added record 88 read from file: benmarc_56319
Apr 11, 2013 8:38:13 AM org.solrmarc.marc.MarcImporter importRecords
INFO: Added record 89 read from file: benmarc_56320
Apr 11, 2013 8:38:13 AM org.solrmarc.marc.MarcImporter importRecords
INFO: Added record 90 read from file: benmarc_56321
Apr 11, 2013 8:38:13 AM org.solrmarc.marc.MarcImporter importRecords
INFO: Added record 91 read from file: benmarc_56322
Apr 11, 2013 8:38:13 AM org.solrmarc.marc.MarcImporter importRecords
INFO: Added record 92 read from file: benmarc_56324
Apr 11, 2013 8:38:13 AM org.solrmarc.marc.MarcImporter importRecords
INFO: Added record 93 read from file: benmarc_56325
Apr 11, 2013 8:38:13 AM org.solrmarc.marc.MarcImporter importRecords
INFO: Added record 94 read from file: benmarc_56326
Apr 11, 2013 8:38:13 AM org.solrmarc.marc.MarcImporter importRecords
INFO: Added record 95 read from file: benmarc_56327
Apr 11, 2013 8:38:13 AM org.solrmarc.marc.MarcImporter importRecords
INFO: Added record 96 read from file: benmarc_56328
Apr 11, 2013 8:38:13 AM org.solrmarc.marc.MarcImporter importRecords
INFO: Added record 97 read from file: benmarc_56329
Apr 11, 2013 8:38:13 AM org.solrmarc.marc.MarcImporter importRecords
INFO: Added record 98 read from file: benmarc_56330
Apr 11, 2013 8:38:13 AM org.solrmarc.marc.MarcImporter importRecords
INFO: Added record 99 read from file: benmarc_56332
Apr 11, 2013 8:38:13 AM org.solrmarc.marc.MarcImporter importRecords
INFO: Added record 100 read from file: benmarc_56571
Apr 11, 2013 8:38:13 AM org.solrmarc.marc.MarcImporter importRecords
INFO: Added record 101 read from file: benmarc_56601
Apr 11, 2013 8:38:13 AM org.solrmarc.marc.MarcImporter importRecords
INFO: Added record 102 read from file: benmarc_56695
Apr 11, 2013 8:38:13 AM org.solrmarc.marc.MarcImporter importRecords
INFO: Added record 103 read from file: benmarc_56735
Apr 11, 2013 8:38:13 AM org.solrmarc.marc.MarcImporter importRecords
INFO: Added record 104 read from file: benmarc_57067
Apr 11, 2013 8:38:13 AM org.solrmarc.marc.MarcImporter importRecords
INFO: Added record 105 read from file: benmarc_60119
Apr 11, 2013 8:38:13 AM org.solrmarc.marc.MarcImporter importRecords
INFO: Added record 106 read from file: benmarc_60125
Apr 11, 2013 8:38:13 AM org.solrmarc.marc.MarcImporter importRecords
INFO: Added record 107 read from file: benmarc_60260
Apr 11, 2013 8:38:13 AM org.solrmarc.marc.MarcImporter importRecords
INFO: Added record 108 read from file: benmarc_60706
Apr 11, 2013 8:38:13 AM org.solrmarc.marc.MarcImporter importRecords
INFO: Added record 109 read from file: benmarc_60816
Apr 11, 2013 8:38:13 AM org.solrmarc.marc.MarcImporter importRecords
INFO: Added record 110 read from file: benmarc_60938
Apr 11, 2013 8:38:13 AM org.solrmarc.marc.MarcImporter importRecords
INFO: Added record 111 read from file: benmarc_61336
Apr 11, 2013 8:38:13 AM org.solrmarc.marc.MarcImporter importRecords
INFO: Added record 112 read from file: benmarc_65203
Apr 11, 2013 8:38:13 AM org.solrmarc.marc.MarcImporter importRecords
INFO: Added record 113 read from file: benmarc_65853
Apr 11, 2013 8:38:13 AM org.solrmarc.marc.MarcImporter importRecords
INFO: Added record 114 read from file: benmarc_65877
Apr 11, 2013 8:38:13 AM org.solrmarc.marc.MarcImporter importRecords
INFO: Added record 115 read from file: benmarc_67434
Apr 11, 2013 8:38:13 AM org.solrmarc.marc.MarcImporter importRecords
INFO: Added record 116 read from file: benmarc_67575
Apr 11, 2013 8:38:13 AM org.solrmarc.marc.MarcImporter importRecords
INFO: Added record 117 read from file: benmarc_67578
Apr 11, 2013 8:38:13 AM org.solrmarc.marc.MarcImporter importRecords
INFO: Added record 118 read from file: benmarc_67579
Apr 11, 2013 8:38:13 AM org.solrmarc.marc.MarcImporter importRecords
INFO: Added record 119 read from file: benmarc_67839
Apr 11, 2013 8:38:13 AM org.solrmarc.marc.MarcImporter importRecords
INFO: Added record 120 read from file: benmarc_67840
Apr 11, 2013 8:38:13 AM org.solrmarc.marc.MarcImporter importRecords
INFO: Added record 121 read from file: benmarc_67841
Apr 11, 2013 8:38:13 AM org.solrmarc.marc.MarcImporter importRecords
INFO: Added record 122 read from file: benmarc_68271
Apr 11, 2013 8:38:13 AM org.solrmarc.marc.MarcImporter importRecords
INFO: Added record 123 read from file: benmarc_69242
Apr 11, 2013 8:38:13 AM org.solrmarc.marc.MarcImporter importRecords
INFO: Added record 124 read from file: benmarc_69244
Apr 11, 2013 8:38:13 AM org.solrmarc.marc.MarcImporter importRecords
INFO: Added record 125 read from file: benmarc_70757
Apr 11, 2013 8:38:13 AM org.solrmarc.marc.MarcImporter importRecords
INFO: Added record 126 read from file: benmarc_71305
Apr 11, 2013 8:38:13 AM org.solrmarc.marc.MarcImporter importRecords
INFO: Added record 127 read from file: benmarc_71316
Apr 11, 2013 8:38:13 AM org.solrmarc.marc.MarcImporter importRecords
INFO: Added record 128 read from file: benmarc_71698
Apr 11, 2013 8:38:13 AM org.solrmarc.marc.MarcImporter importRecords
INFO: Added record 129 read from file: benmarc_72083
Apr 11, 2013 8:38:13 AM org.solrmarc.marc.MarcImporter importRecords
INFO: Added record 130 read from file: benmarc_73461
Apr 11, 2013 8:38:13 AM org.solrmarc.marc.MarcImporter importRecords
INFO: Added record 131 read from file: benmarc_73770
Apr 11, 2013 8:38:13 AM org.solrmarc.marc.MarcImporter importRecords
INFO: Added record 132 read from file: benmarc_74665
Apr 11, 2013 8:38:13 AM org.solrmarc.marc.MarcImporter importRecords
INFO: Added record 133 read from file: benmarc_74858
Apr 11, 2013 8:38:13 AM org.solrmarc.marc.MarcImporter importRecords
INFO: Added record 134 read from file: benmarc_75301
Apr 11, 2013 8:38:13 AM org.solrmarc.marc.MarcImporter importRecords
INFO: Added record 135 read from file: benmarc_75355
Apr 11, 2013 8:38:13 AM org.solrmarc.marc.MarcImporter importRecords
INFO: Added record 136 read from file: benmarc_75532
Apr 11, 2013 8:38:13 AM org.solrmarc.marc.MarcImporter importRecords
INFO: Added record 137 read from file: benmarc_75566
Apr 11, 2013 8:38:13 AM org.solrmarc.marc.MarcImporter importRecords
INFO: Added record 138 read from file: benmarc_75779
Apr 11, 2013 8:38:13 AM org.solrmarc.marc.MarcImporter importRecords
INFO: Added record 139 read from file: benmarc_76060
Apr 11, 2013 8:38:13 AM org.solrmarc.marc.MarcImporter importRecords
INFO: Added record 140 read from file: benmarc_76061
Apr 11, 2013 8:38:13 AM org.solrmarc.marc.MarcImporter importRecords
INFO: Added record 141 read from file: benmarc_76397
Apr 11, 2013 8:38:13 AM org.solrmarc.marc.MarcImporter importRecords
INFO: Added record 142 read from file: benmarc_76406
Apr 11, 2013 8:38:13 AM org.solrmarc.marc.MarcImporter importRecords
INFO: Added record 143 read from file: benmarc_76407
Apr 11, 2013 8:38:13 AM org.solrmarc.marc.MarcImporter importRecords
INFO: Added record 144 read from file: benmarc_76415
Apr 11, 2013 8:38:13 AM org.solrmarc.marc.MarcImporter importRecords
INFO: Added record 145 read from file: benmarc_76416
Apr 11, 2013 8:38:13 AM org.solrmarc.marc.MarcImporter importRecords
INFO: Added record 146 read from file: benmarc_76492
Apr 11, 2013 8:38:13 AM org.solrmarc.marc.MarcImporter importRecords
INFO: Added record 147 read from file: benmarc_76537
Apr 11, 2013 8:38:13 AM org.solrmarc.marc.MarcImporter importRecords
INFO: Added record 148 read from file: benmarc_76544
Apr 11, 2013 8:38:13 AM org.solrmarc.marc.MarcImporter importRecords
INFO: Added record 149 read from file: benmarc_76794
Apr 11, 2013 8:38:13 AM org.solrmarc.marc.MarcImporter importRecords
INFO: Added record 150 read from file: benmarc_76827
Apr 11, 2013 8:38:13 AM org.solrmarc.marc.MarcImporter importRecords
INFO: Added record 151 read from file: benmarc_76921
Apr 11, 2013 8:38:13 AM org.solrmarc.marc.MarcImporter importRecords
INFO: Added record 152 read from file: benmarc_77568
Apr 11, 2013 8:38:13 AM org.solrmarc.marc.MarcImporter importRecords
INFO: Added record 153 read from file: benmarc_77911
Apr 11, 2013 8:38:13 AM org.solrmarc.marc.MarcImporter importRecords
INFO: Added record 154 read from file: benmarc_77922
Apr 11, 2013 8:38:13 AM org.solrmarc.marc.MarcImporter importRecords
INFO: Added record 155 read from file: benmarc_78145
Apr 11, 2013 8:38:13 AM org.solrmarc.marc.MarcImporter importRecords
INFO: Added record 156 read from file: benmarc_78460
Apr 11, 2013 8:38:13 AM org.solrmarc.marc.MarcImporter importRecords
INFO: Added record 157 read from file: benmarc_79025
Apr 11, 2013 8:38:13 AM org.solrmarc.marc.MarcImporter importRecords
INFO: Added record 158 read from file: benmarc_79026
Apr 11, 2013 8:38:13 AM org.solrmarc.marc.MarcImporter importRecords
INFO: Added record 159 read from file: benmarc_79485
Apr 11, 2013 8:38:13 AM org.solrmarc.marc.MarcImporter importRecords
INFO: Added record 160 read from file: benmarc_79508
Apr 11, 2013 8:38:13 AM org.solrmarc.marc.MarcImporter importRecords
INFO: Added record 161 read from file: benmarc_79668
Apr 11, 2013 8:38:13 AM org.solrmarc.marc.MarcImporter importRecords
INFO: Added record 162 read from file: benmarc_79907
Apr 11, 2013 8:38:13 AM org.solrmarc.marc.MarcImporter importRecords
INFO: Added record 163 read from file: benmarc_79951
Apr 11, 2013 8:38:13 AM org.solrmarc.marc.MarcImporter importRecords
INFO: Added record 164 read from file: benmarc_80036
Apr 11, 2013 8:38:13 AM org.solrmarc.marc.MarcImporter importRecords
INFO: Added record 165 read from file: benmarc_80063
Apr 11, 2013 8:38:14 AM org.solrmarc.marc.MarcImporter importRecords
INFO: Added record 166 read from file: benmarc_80066
Apr 11, 2013 8:38:14 AM org.solrmarc.marc.MarcImporter importRecords
INFO: Added record 167 read from file: benmarc_80068
Apr 11, 2013 8:38:14 AM org.solrmarc.marc.MarcImporter importRecords
INFO: Added record 168 read from file: benmarc_80069
Apr 11, 2013 8:38:14 AM org.solrmarc.marc.MarcImporter importRecords
INFO: Added record 169 read from file: benmarc_80181
Apr 11, 2013 8:38:14 AM org.solrmarc.marc.MarcImporter importRecords
INFO: Added record 170 read from file: benmarc_80184
Apr 11, 2013 8:38:14 AM org.solrmarc.marc.MarcImporter importRecords
INFO: Added record 171 read from file: benmarc_80185
Apr 11, 2013 8:38:14 AM org.solrmarc.marc.MarcImporter importRecords
INFO: Added record 172 read from file: benmarc_80189
Apr 11, 2013 8:38:14 AM org.solrmarc.marc.MarcImporter importRecords
INFO: Added record 173 read from file: benmarc_80245
Apr 11, 2013 8:38:14 AM org.solrmarc.marc.MarcImporter importRecords
INFO: Added record 174 read from file: benmarc_80327
Apr 11, 2013 8:38:14 AM org.solrmarc.marc.MarcImporter importRecords
INFO: Added record 175 read from file: benmarc_80373
Apr 11, 2013 8:38:14 AM org.solrmarc.marc.MarcImporter importRecords
INFO: Added record 176 read from file: benmarc_80815
Apr 11, 2013 8:38:14 AM org.solrmarc.marc.MarcImporter importRecords
INFO: Added record 177 read from file: benmarc_81517
Apr 11, 2013 8:38:14 AM org.solrmarc.marc.MarcImporter importRecords
INFO: Added record 178 read from file: benmarc_81518
Apr 11, 2013 8:38:14 AM org.solrmarc.marc.MarcImporter importRecords
INFO: Added record 179 read from file: benmarc_81519
Apr 11, 2013 8:38:14 AM org.solrmarc.marc.MarcImporter importRecords
INFO: Added record 180 read from file: benmarc_81520
Apr 11, 2013 8:38:14 AM org.solrmarc.marc.MarcImporter importRecords
INFO: Added record 181 read from file: benmarc_83459
Apr 11, 2013 8:38:14 AM org.solrmarc.marc.MarcImporter importRecords
INFO: Added record 182 read from file: benmarc_83460
Apr 11, 2013 8:38:14 AM org.solrmarc.marc.MarcImporter importRecords
INFO: Added record 183 read from file: benmarc_83461
Apr 11, 2013 8:38:14 AM org.solrmarc.marc.MarcImporter importRecords
INFO: Added record 184 read from file: benmarc_83462
Apr 11, 2013 8:38:14 AM org.solrmarc.marc.MarcImporter importRecords
INFO: Added record 185 read from file: benmarc_83463
Apr 11, 2013 8:38:14 AM org.solrmarc.marc.MarcImporter importRecords
INFO: Added record 186 read from file: benmarc_84221
Apr 11, 2013 8:38:14 AM org.solrmarc.marc.MarcImporter importRecords
INFO: Added record 187 read from file: benmarc_84726
Apr 11, 2013 8:38:14 AM org.solrmarc.marc.MarcImporter importRecords
INFO: Added record 188 read from file: benmarc_84729
Apr 11, 2013 8:38:14 AM org.solrmarc.marc.MarcImporter importRecords
INFO: Added record 189 read from file: benmarc_84731
Apr 11, 2013 8:38:14 AM org.solrmarc.marc.MarcImporter importRecords
INFO: Added record 190 read from file: benmarc_84732
Apr 11, 2013 8:38:14 AM org.solrmarc.marc.MarcImporter importRecords
INFO: Added record 191 read from file: benmarc_84733
Apr 11, 2013 8:38:14 AM org.solrmarc.marc.MarcImporter importRecords
INFO: Added record 192 read from file: benmarc_84735
Apr 11, 2013 8:38:14 AM org.solrmarc.marc.MarcImporter importRecords
INFO: Added record 193 read from file: benmarc_84737
Apr 11, 2013 8:38:14 AM org.solrmarc.marc.MarcImporter importRecords
INFO: Added record 194 read from file: benmarc_84738
Apr 11, 2013 8:38:14 AM org.solrmarc.marc.MarcImporter importRecords
INFO: Added record 195 read from file: benmarc_84739
Apr 11, 2013 8:38:14 AM org.solrmarc.marc.MarcImporter importRecords
INFO: Added record 196 read from file: benmarc_84740
Apr 11, 2013 8:38:14 AM org.solrmarc.marc.MarcImporter importRecords
INFO: Added record 197 read from file: benmarc_84741
Apr 11, 2013 8:38:14 AM org.solrmarc.marc.MarcImporter importRecords
INFO: Added record 198 read from file: benmarc_84743
Apr 11, 2013 8:38:14 AM org.solrmarc.marc.MarcImporter importRecords
INFO: Added record 199 read from file: benmarc_84745
Apr 11, 2013 8:38:14 AM org.solrmarc.marc.MarcImporter importRecords
INFO: Added record 200 read from file: benmarc_84747
Apr 11, 2013 8:38:14 AM org.solrmarc.marc.MarcImporter importRecords
INFO: Added record 201 read from file: benmarc_84748
Apr 11, 2013 8:38:14 AM org.solrmarc.marc.MarcImporter importRecords
INFO: Added record 202 read from file: benmarc_84749
Apr 11, 2013 8:38:14 AM org.solrmarc.marc.MarcImporter importRecords
INFO: Added record 203 read from file: benmarc_84750
Apr 11, 2013 8:38:14 AM org.solrmarc.marc.MarcImporter importRecords
INFO: Added record 204 read from file: benmarc_84751
Apr 11, 2013 8:38:14 AM org.solrmarc.marc.MarcImporter importRecords
INFO: Added record 205 read from file: benmarc_84752
Apr 11, 2013 8:38:14 AM org.solrmarc.marc.MarcImporter importRecords
INFO: Added record 206 read from file: benmarc_84753
Apr 11, 2013 8:38:14 AM org.solrmarc.marc.MarcImporter importRecords
INFO: Added record 207 read from file: benmarc_84754
Apr 11, 2013 8:38:14 AM org.solrmarc.marc.MarcImporter importRecords
INFO: Added record 208 read from file: benmarc_84756
Apr 11, 2013 8:38:14 AM org.solrmarc.marc.MarcImporter importRecords
INFO: Added record 209 read from file: benmarc_84757
Apr 11, 2013 8:38:14 AM org.solrmarc.marc.MarcImporter importRecords
INFO: Added record 210 read from file: benmarc_84758
Apr 11, 2013 8:38:14 AM org.solrmarc.marc.MarcImporter importRecords
INFO: Added record 211 read from file: benmarc_84759
Apr 11, 2013 8:38:14 AM org.solrmarc.marc.MarcImporter importRecords
INFO: Added record 212 read from file: benmarc_84760
Apr 11, 2013 8:38:14 AM org.solrmarc.marc.MarcImporter importRecords
INFO: Added record 213 read from file: benmarc_84761
Apr 11, 2013 8:38:14 AM org.solrmarc.marc.MarcImporter importRecords
INFO: Added record 214 read from file: benmarc_84762
Apr 11, 2013 8:38:14 AM org.solrmarc.marc.MarcImporter importRecords
INFO: Added record 215 read from file: benmarc_84763
Apr 11, 2013 8:38:14 AM org.solrmarc.marc.MarcImporter importRecords
INFO: Added record 216 read from file: benmarc_84764
Apr 11, 2013 8:38:14 AM org.solrmarc.marc.MarcImporter importRecords
INFO: Added record 217 read from file: benmarc_84766
Apr 11, 2013 8:38:14 AM org.solrmarc.marc.MarcImporter importRecords
INFO: Added record 218 read from file: benmarc_84768
Apr 11, 2013 8:38:14 AM org.solrmarc.marc.MarcImporter importRecords
INFO: Added record 219 read from file: benmarc_84773
Apr 11, 2013 8:38:14 AM org.solrmarc.marc.MarcImporter importRecords
INFO: Added record 220 read from file: benmarc_84786
Apr 11, 2013 8:38:14 AM org.solrmarc.marc.MarcImporter importRecords
INFO: Added record 221 read from file: benmarc_84797
Apr 11, 2013 8:38:14 AM org.solrmarc.marc.MarcImporter importRecords
INFO: Added record 222 read from file: benmarc_84799
Apr 11, 2013 8:38:14 AM org.solrmarc.marc.MarcImporter importRecords
INFO: Added record 223 read from file: benmarc_84800
Apr 11, 2013 8:38:14 AM org.solrmarc.marc.MarcImporter importRecords
INFO: Added record 224 read from file: benmarc_84802
Apr 11, 2013 8:38:14 AM org.solrmarc.marc.MarcImporter importRecords
INFO: Added record 225 read from file: benmarc_84803
Apr 11, 2013 8:38:14 AM org.solrmarc.marc.MarcImporter importRecords
INFO: Added record 226 read from file: benmarc_84804
Apr 11, 2013 8:38:14 AM org.solrmarc.marc.MarcImporter importRecords
INFO: Added record 227 read from file: benmarc_84805
Apr 11, 2013 8:38:14 AM org.solrmarc.marc.MarcImporter importRecords
INFO: Added record 228 read from file: benmarc_84806
Apr 11, 2013 8:38:14 AM org.solrmarc.marc.MarcImporter importRecords
INFO: Added record 229 read from file: benmarc_84807
Apr 11, 2013 8:38:14 AM org.solrmarc.marc.MarcImporter importRecords
INFO: Added record 230 read from file: benmarc_84808
Apr 11, 2013 8:38:14 AM org.solrmarc.marc.MarcImporter importRecords
INFO: Added record 231 read from file: benmarc_84809
Apr 11, 2013 8:38:14 AM org.solrmarc.marc.MarcImporter importRecords
INFO: Added record 232 read from file: benmarc_84810
Apr 11, 2013 8:38:14 AM org.solrmarc.marc.MarcImporter importRecords
INFO: Added record 233 read from file: benmarc_84811
Apr 11, 2013 8:38:14 AM org.solrmarc.marc.MarcImporter importRecords
INFO: Added record 234 read from file: benmarc_84812
Apr 11, 2013 8:38:14 AM org.solrmarc.marc.MarcImporter importRecords
INFO: Added record 235 read from file: benmarc_84813
Apr 11, 2013 8:38:14 AM org.solrmarc.marc.MarcImporter importRecords
INFO: Added record 236 read from file: benmarc_84814
Apr 11, 2013 8:38:14 AM org.solrmarc.marc.MarcImporter importRecords
INFO: Added record 237 read from file: benmarc_84816
Apr 11, 2013 8:38:14 AM org.solrmarc.marc.MarcImporter importRecords
INFO: Added record 238 read from file: benmarc_84817
Apr 11, 2013 8:38:14 AM org.solrmarc.marc.MarcImporter importRecords
INFO: Added record 239 read from file: benmarc_84825
Apr 11, 2013 8:38:14 AM org.solrmarc.marc.MarcImporter importRecords
INFO: Added record 240 read from file: benmarc_84826
Apr 11, 2013 8:38:14 AM org.solrmarc.marc.MarcImporter importRecords
INFO: Added record 241 read from file: benmarc_84828
Apr 11, 2013 8:38:14 AM org.solrmarc.marc.MarcImporter importRecords
INFO: Added record 242 read from file: benmarc_84829
Apr 11, 2013 8:38:14 AM org.solrmarc.marc.MarcImporter importRecords
INFO: Added record 243 read from file: benmarc_84830
Apr 11, 2013 8:38:14 AM org.solrmarc.marc.MarcImporter importRecords
INFO: Added record 244 read from file: benmarc_84831
Apr 11, 2013 8:38:14 AM org.solrmarc.marc.MarcImporter importRecords
INFO: Added record 245 read from file: benmarc_84834
Apr 11, 2013 8:38:14 AM org.solrmarc.marc.MarcImporter importRecords
INFO: Added record 246 read from file: benmarc_84838
Apr 11, 2013 8:38:14 AM org.solrmarc.marc.MarcImporter importRecords
INFO: Added record 247 read from file: benmarc_84840
Apr 11, 2013 8:38:14 AM org.solrmarc.marc.MarcImporter importRecords
INFO: Added record 248 read from file: benmarc_84845
Apr 11, 2013 8:38:14 AM org.solrmarc.marc.MarcImporter importRecords
INFO: Added record 249 read from file: benmarc_84846
Apr 11, 2013 8:38:14 AM org.solrmarc.marc.MarcImporter importRecords
INFO: Added record 250 read from file: benmarc_84847
Apr 11, 2013 8:38:14 AM org.solrmarc.marc.MarcImporter importRecords
INFO: Added record 251 read from file: benmarc_84848
Apr 11, 2013 8:38:14 AM org.solrmarc.marc.MarcImporter importRecords
INFO: Added record 252 read from file: benmarc_84849
Apr 11, 2013 8:38:14 AM org.solrmarc.marc.MarcImporter importRecords
INFO: Added record 253 read from file: benmarc_84851
Apr 11, 2013 8:38:14 AM org.solrmarc.marc.MarcImporter importRecords
INFO: Added record 254 read from file: benmarc_84857
Apr 11, 2013 8:38:14 AM org.solrmarc.marc.MarcImporter importRecords
INFO: Added record 255 read from file: benmarc_84862
Apr 11, 2013 8:38:14 AM org.solrmarc.marc.MarcImporter importRecords
INFO: Added record 256 read from file: benmarc_85113
Apr 11, 2013 8:38:14 AM org.solrmarc.marc.MarcImporter importRecords
INFO: Added record 257 read from file: benmarc_85133
Apr 11, 2013 8:38:14 AM org.solrmarc.marc.MarcImporter importRecords
INFO: Added record 258 read from file: benmarc_85278
Apr 11, 2013 8:38:14 AM org.solrmarc.marc.MarcImporter importRecords
INFO: Added record 259 read from file: benmarc_85279
Apr 11, 2013 8:38:14 AM org.solrmarc.marc.MarcImporter importRecords
INFO: Added record 260 read from file: benmarc_86276
Apr 11, 2013 8:38:14 AM org.solrmarc.marc.MarcImporter importRecords
INFO: Added record 261 read from file: benmarc_86368
Apr 11, 2013 8:38:14 AM org.solrmarc.marc.MarcImporter importRecords
INFO: Added record 262 read from file: benmarc_87128
Apr 11, 2013 8:38:14 AM org.solrmarc.marc.MarcImporter importRecords
INFO: Added record 263 read from file: benmarc_87539
Apr 11, 2013 8:38:14 AM org.solrmarc.marc.MarcImporter importRecords
INFO: Added record 264 read from file: benmarc_89061
Apr 11, 2013 8:38:14 AM org.solrmarc.marc.MarcImporter importRecords
INFO: Added record 265 read from file: benmarc_90451
Apr 11, 2013 8:38:14 AM org.solrmarc.marc.MarcImporter importRecords
INFO: Added record 266 read from file: benmarc_90714
Apr 11, 2013 8:38:14 AM org.solrmarc.marc.MarcImporter importRecords
INFO: Added record 267 read from file: benmarc_90786
Apr 11, 2013 8:38:14 AM org.solrmarc.marc.MarcImporter importRecords
INFO: Added record 268 read from file: benmarc_92143
Apr 11, 2013 8:38:14 AM org.solrmarc.marc.MarcImporter importRecords
INFO: Added record 269 read from file: benmarc_93127
Apr 11, 2013 8:38:14 AM org.solrmarc.marc.MarcImporter importRecords
INFO: Added record 270 read from file: benmarc_93129
Apr 11, 2013 8:38:14 AM org.solrmarc.marc.MarcImporter importRecords
INFO: Added record 271 read from file: benmarc_95485
Apr 11, 2013 8:38:14 AM org.solrmarc.marc.MarcImporter importRecords
INFO: Added record 272 read from file: benmarc_98651
Apr 11, 2013 8:38:14 AM org.solrmarc.marc.MarcImporter importRecords
INFO: Added record 273 read from file: benmarc_100252
Apr 11, 2013 8:38:14 AM org.solrmarc.marc.MarcImporter importRecords
INFO: Added record 274 read from file: benmarc_106191
Apr 11, 2013 8:38:14 AM org.solrmarc.marc.MarcImporter importRecords
INFO: Added record 275 read from file: benmarc_106548
Apr 11, 2013 8:38:14 AM org.solrmarc.marc.MarcImporter importRecords
INFO: Added record 276 read from file: benmarc_107183
Apr 11, 2013 8:38:14 AM org.solrmarc.marc.MarcImporter importRecords
INFO: Added record 277 read from file: benmarc_108010
Apr 11, 2013 8:38:14 AM org.solrmarc.marc.MarcImporter importRecords
INFO: Added record 278 read from file: benmarc_120435
Apr 11, 2013 8:38:14 AM org.solrmarc.marc.MarcImporter importRecords
INFO: Added record 279 read from file: benmarc_145125
Apr 11, 2013 8:38:14 AM org.solrmarc.marc.MarcImporter importRecords
INFO: Added record 280 read from file: benmarc_145127
Apr 11, 2013 8:38:14 AM org.solrmarc.marc.MarcImporter importRecords
INFO: Added record 281 read from file: benmarc_145128
Apr 11, 2013 8:38:14 AM org.solrmarc.marc.MarcImporter importRecords
INFO: Added record 282 read from file: benmarc_145131
Apr 11, 2013 8:38:14 AM org.solrmarc.marc.MarcImporter importRecords
INFO: Added record 283 read from file: benmarc_147781
Apr 11, 2013 8:38:14 AM org.solrmarc.marc.MarcImporter importRecords
INFO: Added record 284 read from file: benmarc_148649
Apr 11, 2013 8:38:14 AM org.solrmarc.marc.MarcImporter importRecords
INFO: Added record 285 read from file: benmarc_148650
Apr 11, 2013 8:38:14 AM org.solrmarc.marc.MarcImporter importRecords
INFO: Added record 286 read from file: benmarc_148651
Apr 11, 2013 8:38:14 AM org.solrmarc.marc.MarcImporter importRecords
INFO: Added record 287 read from file: benmarc_148652
Apr 11, 2013 8:38:14 AM org.solrmarc.marc.MarcImporter importRecords
INFO: Added record 288 read from file: benmarc_148653
Apr 11, 2013 8:38:14 AM org.solrmarc.marc.MarcImporter importRecords
INFO: Added record 289 read from file: benmarc_148655
Apr 11, 2013 8:38:14 AM org.solrmarc.marc.MarcImporter importRecords
INFO: Added record 290 read from file: benmarc_148656
Apr 11, 2013 8:38:14 AM org.solrmarc.marc.MarcImporter importRecords
INFO: Added record 291 read from file: benmarc_148657
Apr 11, 2013 8:38:14 AM org.solrmarc.marc.MarcImporter importRecords
INFO: Added record 292 read from file: benmarc_148658
Apr 11, 2013 8:38:14 AM org.solrmarc.marc.MarcImporter importRecords
INFO: Added record 293 read from file: benmarc_148683
Apr 11, 2013 8:38:14 AM org.solrmarc.marc.MarcImporter importRecords
INFO: Added record 294 read from file: benmarc_148790
Apr 11, 2013 8:38:14 AM org.solrmarc.marc.MarcImporter importRecords
INFO: Added record 295 read from file: benmarc_148791
Apr 11, 2013 8:38:14 AM org.solrmarc.marc.MarcImporter importRecords
INFO: Added record 296 read from file: benmarc_149924
Apr 11, 2013 8:38:14 AM org.solrmarc.marc.MarcImporter importRecords
INFO: Added record 297 read from file: benmarc_150301
Apr 11, 2013 8:38:14 AM org.solrmarc.marc.MarcImporter importRecords
INFO: Added record 298 read from file: benmarc_153053
Apr 11, 2013 8:38:14 AM org.solrmarc.marc.MarcImporter importRecords
INFO: Added record 299 read from file: benmarc_153162
Apr 11, 2013 8:38:14 AM org.solrmarc.marc.MarcImporter importRecords
INFO: Added record 300 read from file: benmarc_153169
Apr 11, 2013 8:38:14 AM org.solrmarc.marc.MarcImporter importRecords
INFO: Added record 301 read from file: benmarc_153181
Apr 11, 2013 8:38:14 AM org.solrmarc.marc.MarcImporter importRecords
INFO: Added record 302 read from file: benmarc_153186
Apr 11, 2013 8:38:14 AM org.solrmarc.marc.MarcImporter importRecords
INFO: Added record 303 read from file: benmarc_153187
Apr 11, 2013 8:38:14 AM org.solrmarc.marc.MarcImporter importRecords
INFO: Added record 304 read from file: benmarc_155537
Apr 11, 2013 8:38:14 AM org.solrmarc.marc.MarcImporter importRecords
INFO: Added record 305 read from file: benmarc_155540
Apr 11, 2013 8:38:14 AM org.solrmarc.marc.MarcImporter importRecords
INFO: Added record 306 read from file: benmarc_155546
Apr 11, 2013 8:38:14 AM org.solrmarc.marc.MarcImporter importRecords
INFO: Added record 307 read from file: benmarc_155547
Apr 11, 2013 8:38:14 AM org.solrmarc.marc.MarcImporter importRecords
INFO: Added record 308 read from file: benmarc_155912
Apr 11, 2013 8:38:14 AM org.solrmarc.marc.MarcImporter importRecords
INFO: Added record 309 read from file: benmarc_155914
Apr 11, 2013 8:38:14 AM org.solrmarc.marc.MarcImporter importRecords
INFO: Added record 310 read from file: benmarc_155915
Apr 11, 2013 8:38:14 AM org.solrmarc.marc.MarcImporter importRecords
INFO: Added record 311 read from file: benmarc_155916
Apr 11, 2013 8:38:14 AM org.solrmarc.marc.MarcImporter importRecords
INFO: Added record 312 read from file: benmarc_155917
Apr 11, 2013 8:38:14 AM org.solrmarc.marc.MarcImporter importRecords
INFO: Added record 313 read from file: benmarc_155918
Apr 11, 2013 8:38:14 AM org.solrmarc.marc.MarcImporter importRecords
INFO: Added record 314 read from file: benmarc_155919
Apr 11, 2013 8:38:14 AM org.solrmarc.marc.MarcImporter importRecords
INFO: Added record 315 read from file: benmarc_155920
Apr 11, 2013 8:38:14 AM org.solrmarc.marc.MarcImporter importRecords
INFO: Added record 316 read from file: benmarc_155921
Apr 11, 2013 8:38:14 AM org.solrmarc.marc.MarcImporter importRecords
INFO: Added record 317 read from file: benmarc_155922
Apr 11, 2013 8:38:14 AM org.solrmarc.marc.MarcImporter importRecords
INFO: Added record 318 read from file: benmarc_155923
Apr 11, 2013 8:38:14 AM org.solrmarc.marc.MarcImporter importRecords
INFO: Added record 319 read from file: benmarc_155924
Apr 11, 2013 8:38:14 AM org.solrmarc.marc.MarcImporter importRecords
INFO: Added record 320 read from file: benmarc_155925
Apr 11, 2013 8:38:14 AM org.solrmarc.marc.MarcImporter importRecords
INFO: Added record 321 read from file: benmarc_156600
Apr 11, 2013 8:38:14 AM org.solrmarc.marc.MarcImporter importRecords
INFO: Added record 322 read from file: benmarc_225557
Apr 11, 2013 8:38:14 AM org.solrmarc.marc.MarcImporter importRecords
INFO: Added record 323 read from file: benmarc_225558
Apr 11, 2013 8:38:14 AM org.solrmarc.marc.MarcImporter importRecords
INFO: Added record 324 read from file: benmarc_225832
Apr 11, 2013 8:38:14 AM org.solrmarc.marc.MarcImporter importRecords
INFO: Added record 325 read from file: benmarc_225833
Apr 11, 2013 8:38:14 AM org.solrmarc.marc.MarcImporter importRecords
INFO: Added record 326 read from file: benmarc_232671
Apr 11, 2013 8:38:14 AM org.solrmarc.marc.MarcImporter importRecords
INFO: Added record 327 read from file: benmarc_232674
Apr 11, 2013 8:38:14 AM org.solrmarc.marc.MarcImporter importRecords
INFO: Added record 328 read from file: benmarc_240031
Apr 11, 2013 8:38:14 AM org.solrmarc.marc.MarcImporter importRecords
INFO: Added record 329 read from file: benmarc_240033
Apr 11, 2013 8:38:14 AM org.solrmarc.marc.MarcImporter importRecords
INFO: Added record 330 read from file: benmarc_258173
Apr 11, 2013 8:38:14 AM org.solrmarc.marc.MarcImporter importRecords
INFO: Added record 331 read from file: benmarc_258175
Apr 11, 2013 8:38:14 AM org.solrmarc.marc.MarcImporter importRecords
INFO: Added record 332 read from file: benmarc_258176
Apr 11, 2013 8:38:14 AM org.solrmarc.marc.MarcImporter importRecords
INFO: Added record 333 read from file: benmarc_261739
Apr 11, 2013 8:38:14 AM org.solrmarc.marc.MarcImporter importRecords
INFO: Added record 334 read from file: benmarc_262034
Apr 11, 2013 8:38:14 AM org.solrmarc.marc.MarcImporter importRecords
INFO: Added record 335 read from file: benmarc_262035
Apr 11, 2013 8:38:14 AM org.solrmarc.marc.MarcImporter importRecords
INFO: Added record 336 read from file: benmarc_262111
Apr 11, 2013 8:38:14 AM org.solrmarc.marc.MarcImporter importRecords
INFO: Added record 337 read from file: benmarc_262113
Apr 11, 2013 8:38:14 AM org.solrmarc.marc.MarcImporter importRecords
INFO: Added record 338 read from file: benmarc_262114
Apr 11, 2013 8:38:14 AM org.solrmarc.marc.MarcImporter importRecords
INFO: Added record 339 read from file: benmarc_262115
Apr 11, 2013 8:38:14 AM org.solrmarc.marc.MarcImporter importRecords
INFO: Added record 340 read from file: benmarc_262116
Apr 11, 2013 8:38:14 AM org.solrmarc.marc.MarcImporter importRecords
INFO: Added record 341 read from file: benmarc_262117
Apr 11, 2013 8:38:14 AM org.solrmarc.marc.MarcImporter importRecords
INFO: Added record 342 read from file: benmarc_262118
Apr 11, 2013 8:38:14 AM org.solrmarc.marc.MarcImporter importRecords
INFO: Added record 343 read from file: benmarc_262155
Apr 11, 2013 8:38:14 AM org.solrmarc.marc.MarcImporter importRecords
INFO: Added record 344 read from file: benmarc_262156
Apr 11, 2013 8:38:14 AM org.solrmarc.marc.MarcImporter importRecords
INFO: Added record 345 read from file: benmarc_262193
Apr 11, 2013 8:38:14 AM org.solrmarc.marc.MarcImporter importRecords
INFO: Added record 346 read from file: benmarc_262194
Apr 11, 2013 8:38:14 AM org.solrmarc.marc.MarcImporter importRecords
INFO: Added record 347 read from file: benmarc_262312
Apr 11, 2013 8:38:14 AM org.solrmarc.marc.MarcImporter importRecords
INFO: Added record 348 read from file: benmarc_262313
Apr 11, 2013 8:38:14 AM org.solrmarc.marc.MarcImporter importRecords
INFO: Added record 349 read from file: benmarc_262314
Apr 11, 2013 8:38:14 AM org.solrmarc.marc.MarcImporter importRecords
INFO: Added record 350 read from file: benmarc_262318
Apr 11, 2013 8:38:14 AM org.solrmarc.marc.MarcImporter importRecords
INFO: Added record 351 read from file: benmarc_268632
Apr 11, 2013 8:38:14 AM org.solrmarc.marc.MarcImporter importRecords
INFO: Added record 352 read from file: benmarc_268733
Apr 11, 2013 8:38:14 AM org.solrmarc.marc.MarcImporter importRecords
INFO: Added record 353 read from file: benmarc_268734
Apr 11, 2013 8:38:14 AM org.solrmarc.marc.MarcImporter importRecords
INFO: Added record 354 read from file: benmarc_268735
Apr 11, 2013 8:38:14 AM org.solrmarc.marc.MarcImporter importRecords
INFO: Added record 355 read from file: benmarc_268736
Apr 11, 2013 8:38:14 AM org.solrmarc.marc.MarcImporter importRecords
INFO: Added record 356 read from file: benmarc_268737
Apr 11, 2013 8:38:14 AM org.solrmarc.marc.MarcImporter importRecords
INFO: Added record 357 read from file: benmarc_268738
Apr 11, 2013 8:38:14 AM org.solrmarc.marc.MarcImporter importRecords
INFO: Added record 358 read from file: benmarc_268739
Apr 11, 2013 8:38:14 AM org.solrmarc.marc.MarcImporter importRecords
INFO: Added record 359 read from file: benmarc_268740
Apr 11, 2013 8:38:14 AM org.solrmarc.marc.MarcImporter importRecords
INFO: Added record 360 read from file: benmarc_268741
Apr 11, 2013 8:38:14 AM org.solrmarc.marc.MarcImporter importRecords
INFO: Added record 361 read from file: benmarc_268742
Apr 11, 2013 8:38:14 AM org.solrmarc.marc.MarcImporter importRecords
INFO: Added record 362 read from file: benmarc_268743
Apr 11, 2013 8:38:14 AM org.solrmarc.marc.MarcImporter importRecords
INFO: Added record 363 read from file: benmarc_268773
Apr 11, 2013 8:38:14 AM org.solrmarc.marc.MarcImporter importRecords
INFO: Added record 364 read from file: benmarc_268774
Apr 11, 2013 8:38:14 AM org.solrmarc.marc.MarcImporter importRecords
INFO: Added record 365 read from file: benmarc_268775
Apr 11, 2013 8:38:14 AM org.solrmarc.marc.MarcImporter importRecords
INFO: Added record 366 read from file: benmarc_268892
Apr 11, 2013 8:38:14 AM org.solrmarc.marc.MarcImporter importRecords
INFO: Added record 367 read from file: benmarc_268893
Apr 11, 2013 8:38:14 AM org.solrmarc.marc.MarcImporter importRecords
INFO: Added record 368 read from file: benmarc_268894
Apr 11, 2013 8:38:14 AM org.solrmarc.marc.MarcImporter importRecords
INFO: Added record 369 read from file: benmarc_268895
Apr 11, 2013 8:38:14 AM org.solrmarc.marc.MarcImporter importRecords
INFO: Added record 370 read from file: benmarc_268896
Apr 11, 2013 8:38:14 AM org.solrmarc.marc.MarcImporter importRecords
INFO: Added record 371 read from file: benmarc_268897
Apr 11, 2013 8:38:14 AM org.solrmarc.marc.MarcImporter importRecords
INFO: Added record 372 read from file: benmarc_271384
Apr 11, 2013 8:38:14 AM org.solrmarc.marc.MarcImporter importRecords
INFO: Added record 373 read from file: benmarc_271385
Apr 11, 2013 8:38:14 AM org.solrmarc.marc.MarcImporter importRecords
INFO: Added record 374 read from file: benmarc_271387
Apr 11, 2013 8:38:14 AM org.solrmarc.marc.MarcImporter importRecords
INFO: Added record 375 read from file: benmarc_271388
Apr 11, 2013 8:38:14 AM org.solrmarc.marc.MarcImporter importRecords
INFO: Added record 376 read from file: benmarc_271389
Apr 11, 2013 8:38:14 AM org.solrmarc.marc.MarcImporter importRecords
INFO: Added record 377 read from file: benmarc_271390
Apr 11, 2013 8:38:14 AM org.solrmarc.marc.MarcImporter importRecords
INFO: Added record 378 read from file: benmarc_271391
Apr 11, 2013 8:38:14 AM org.solrmarc.marc.MarcImporter importRecords
INFO: Added record 379 read from file: benmarc_271392
Apr 11, 2013 8:38:14 AM org.solrmarc.marc.MarcImporter importRecords
INFO: Added record 380 read from file: benmarc_271393
Apr 11, 2013 8:38:14 AM org.solrmarc.marc.MarcImporter importRecords
INFO: Added record 381 read from file: benmarc_271394
Apr 11, 2013 8:38:14 AM org.solrmarc.marc.MarcImporter importRecords
INFO: Added record 382 read from file: benmarc_271395
Apr 11, 2013 8:38:14 AM org.solrmarc.marc.MarcImporter importRecords
INFO: Added record 383 read from file: benmarc_271396
Apr 11, 2013 8:38:14 AM org.solrmarc.marc.MarcImporter importRecords
INFO: Added record 384 read from file: benmarc_271397
Apr 11, 2013 8:38:14 AM org.solrmarc.marc.MarcImporter importRecords
INFO: Added record 385 read from file: benmarc_271398
Apr 11, 2013 8:38:14 AM org.solrmarc.marc.MarcImporter importRecords
INFO: Added record 386 read from file: benmarc_271512
Apr 11, 2013 8:38:14 AM org.solrmarc.marc.MarcImporter importRecords
INFO: Added record 387 read from file: benmarc_271513
Apr 11, 2013 8:38:14 AM org.solrmarc.marc.MarcImporter importRecords
INFO: Added record 388 read from file: benmarc_271557
Apr 11, 2013 8:38:14 AM org.solrmarc.marc.MarcImporter importRecords
INFO: Added record 389 read from file: benmarc_271566
Apr 11, 2013 8:38:14 AM org.solrmarc.marc.MarcImporter importRecords
INFO: Added record 390 read from file: benmarc_271567
Apr 11, 2013 8:38:14 AM org.solrmarc.marc.MarcImporter importRecords
INFO: Added record 391 read from file: benmarc_271568
Apr 11, 2013 8:38:14 AM org.solrmarc.marc.MarcImporter importRecords
INFO: Added record 392 read from file: benmarc_271569
Apr 11, 2013 8:38:14 AM org.solrmarc.marc.MarcImporter importRecords
INFO: Added record 393 read from file: benmarc_271570
Apr 11, 2013 8:38:14 AM org.solrmarc.marc.MarcImporter importRecords
INFO: Added record 394 read from file: benmarc_271571
Apr 11, 2013 8:38:14 AM org.solrmarc.marc.MarcImporter importRecords
INFO: Added record 395 read from file: benmarc_271572
Apr 11, 2013 8:38:14 AM org.solrmarc.marc.MarcImporter importRecords
INFO: Added record 396 read from file: benmarc_271573
Apr 11, 2013 8:38:14 AM org.solrmarc.marc.MarcImporter importRecords
INFO: Added record 397 read from file: benmarc_271576
Apr 11, 2013 8:38:14 AM org.solrmarc.marc.MarcImporter importRecords
INFO: Added record 398 read from file: benmarc_271577
Apr 11, 2013 8:38:14 AM org.solrmarc.marc.MarcImporter importRecords
INFO: Added record 399 read from file: benmarc_271630
Apr 11, 2013 8:38:14 AM org.solrmarc.marc.MarcImporter importRecords
INFO: Added record 400 read from file: benmarc_271631
Apr 11, 2013 8:38:14 AM org.solrmarc.marc.MarcImporter importRecords
INFO: Added record 401 read from file: benmarc_271632
Apr 11, 2013 8:38:14 AM org.solrmarc.marc.MarcImporter importRecords
INFO: Added record 402 read from file: benmarc_271633
Apr 11, 2013 8:38:14 AM org.solrmarc.marc.MarcImporter importRecords
INFO: Added record 403 read from file: benmarc_271634
Apr 11, 2013 8:38:14 AM org.solrmarc.marc.MarcImporter importRecords
INFO: Added record 404 read from file: benmarc_271635
Apr 11, 2013 8:38:14 AM org.solrmarc.marc.MarcImporter importRecords
INFO: Added record 405 read from file: benmarc_271640
Apr 11, 2013 8:38:14 AM org.solrmarc.marc.MarcImporter importRecords
INFO: Added record 406 read from file: benmarc_271653
Apr 11, 2013 8:38:14 AM org.solrmarc.marc.MarcImporter importRecords
INFO: Added record 407 read from file: benmarc_271654
Apr 11, 2013 8:38:14 AM org.solrmarc.marc.MarcImporter importRecords
INFO: Added record 408 read from file: benmarc_271655
Apr 11, 2013 8:38:14 AM org.solrmarc.marc.MarcImporter importRecords
INFO: Added record 409 read from file: benmarc_271656
Apr 11, 2013 8:38:14 AM org.solrmarc.marc.MarcImporter importRecords
INFO: Added record 410 read from file: benmarc_271657
Apr 11, 2013 8:38:14 AM org.solrmarc.marc.MarcImporter importRecords
INFO: Added record 411 read from file: benmarc_274498
Apr 11, 2013 8:38:14 AM org.solrmarc.marc.MarcImporter importRecords
INFO: Added record 412 read from file: benmarc_274504
Apr 11, 2013 8:38:14 AM org.solrmarc.marc.MarcImporter importRecords
INFO: Added record 413 read from file: benmarc_274505
Apr 11, 2013 8:38:14 AM org.solrmarc.marc.MarcImporter importRecords
INFO: Added record 414 read from file: benmarc_274506
Apr 11, 2013 8:38:14 AM org.solrmarc.marc.MarcImporter importRecords
INFO: Added record 415 read from file: benmarc_274507
Apr 11, 2013 8:38:14 AM org.solrmarc.marc.MarcImporter importRecords
INFO: Added record 416 read from file: benmarc_279666
Apr 11, 2013 8:38:14 AM org.solrmarc.marc.MarcImporter importRecords
INFO: Added record 417 read from file: benmarc_279869
Apr 11, 2013 8:38:14 AM org.solrmarc.marc.MarcImporter importRecords
INFO: Added record 418 read from file: benmarc_279870
Apr 11, 2013 8:38:14 AM org.solrmarc.marc.MarcImporter importRecords
INFO: Added record 419 read from file: benmarc_279871
Apr 11, 2013 8:38:14 AM org.solrmarc.marc.MarcImporter importRecords
INFO: Added record 420 read from file: benmarc_279872
Apr 11, 2013 8:38:14 AM org.solrmarc.marc.MarcImporter importRecords
INFO: Added record 421 read from file: benmarc_279873
Apr 11, 2013 8:38:14 AM org.solrmarc.marc.MarcImporter importRecords
INFO: Added record 422 read from file: benmarc_279875
Apr 11, 2013 8:38:14 AM org.solrmarc.marc.MarcImporter importRecords
INFO: Added record 423 read from file: benmarc_279876
Apr 11, 2013 8:38:14 AM org.solrmarc.marc.MarcImporter importRecords
INFO: Added record 424 read from file: benmarc_279921
Apr 11, 2013 8:38:14 AM org.solrmarc.marc.MarcImporter importRecords
INFO: Added record 425 read from file: benmarc_279922
Apr 11, 2013 8:38:14 AM org.solrmarc.marc.MarcImporter importRecords
INFO: Added record 426 read from file: benmarc_279942
Apr 11, 2013 8:38:15 AM org.solrmarc.marc.MarcImporter importRecords
INFO: Added record 427 read from file: benmarc_279954
Apr 11, 2013 8:38:15 AM org.solrmarc.marc.MarcImporter importRecords
INFO: Added record 428 read from file: benmarc_279955
Apr 11, 2013 8:38:15 AM org.solrmarc.marc.MarcImporter importRecords
INFO: Added record 429 read from file: benmarc_279956
Apr 11, 2013 8:38:15 AM org.solrmarc.marc.MarcImporter importRecords
INFO: Added record 430 read from file: benmarc_279970
Apr 11, 2013 8:38:15 AM org.solrmarc.marc.MarcImporter importRecords
INFO: Added record 431 read from file: benmarc_279971
Apr 11, 2013 8:38:15 AM org.solrmarc.marc.MarcImporter importRecords
INFO: Added record 432 read from file: benmarc_279972
Apr 11, 2013 8:38:15 AM org.solrmarc.marc.MarcImporter importRecords
INFO: Added record 433 read from file: benmarc_279973
Apr 11, 2013 8:38:15 AM org.solrmarc.marc.MarcImporter importRecords
INFO: Added record 434 read from file: benmarc_279974
Apr 11, 2013 8:38:15 AM org.solrmarc.marc.MarcImporter importRecords
INFO: Added record 435 read from file: benmarc_279975
Apr 11, 2013 8:38:15 AM org.solrmarc.marc.MarcImporter importRecords
INFO: Added record 436 read from file: benmarc_279976
Apr 11, 2013 8:38:15 AM org.solrmarc.marc.MarcImporter importRecords
INFO: Added record 437 read from file: benmarc_279977
Apr 11, 2013 8:38:15 AM org.solrmarc.marc.MarcImporter importRecords
INFO: Added record 438 read from file: benmarc_279978
Apr 11, 2013 8:38:15 AM org.solrmarc.marc.MarcImporter importRecords
INFO: Added record 439 read from file: benmarc_279979
Apr 11, 2013 8:38:15 AM org.solrmarc.marc.MarcImporter importRecords
INFO: Added record 440 read from file: benmarc_279980
Apr 11, 2013 8:38:15 AM org.solrmarc.marc.MarcImporter importRecords
INFO: Added record 441 read from file: benmarc_280008
Apr 11, 2013 8:38:15 AM org.solrmarc.marc.MarcImporter importRecords
INFO: Added record 442 read from file: benmarc_280009
Apr 11, 2013 8:38:15 AM org.solrmarc.marc.MarcImporter importRecords
INFO: Added record 443 read from file: benmarc_280010
Apr 11, 2013 8:38:15 AM org.solrmarc.marc.MarcImporter importRecords
INFO: Added record 444 read from file: benmarc_280011
Apr 11, 2013 8:38:15 AM org.solrmarc.marc.MarcImporter importRecords
INFO: Added record 445 read from file: benmarc_280012
Apr 11, 2013 8:38:15 AM org.solrmarc.marc.MarcImporter importRecords
INFO: Added record 446 read from file: benmarc_280013
Apr 11, 2013 8:38:15 AM org.solrmarc.marc.MarcImporter importRecords
INFO: Added record 447 read from file: benmarc_280017
Apr 11, 2013 8:38:15 AM org.solrmarc.marc.MarcImporter importRecords
INFO: Added record 448 read from file: benmarc_280018
Apr 11, 2013 8:38:15 AM org.solrmarc.marc.MarcImporter importRecords
INFO: Added record 449 read from file: benmarc_280019
Apr 11, 2013 8:38:15 AM org.solrmarc.marc.MarcImporter importRecords
INFO: Added record 450 read from file: benmarc_280020
Apr 11, 2013 8:38:15 AM org.solrmarc.marc.MarcImporter importRecords
INFO: Added record 451 read from file: benmarc_280021
Apr 11, 2013 8:38:15 AM org.solrmarc.marc.MarcImporter importRecords
INFO: Added record 452 read from file: benmarc_280022
Apr 11, 2013 8:38:15 AM org.solrmarc.marc.MarcImporter importRecords
INFO: Added record 453 read from file: benmarc_280023
Apr 11, 2013 8:38:15 AM org.solrmarc.marc.MarcImporter importRecords
INFO: Added record 454 read from file: benmarc_280024
Apr 11, 2013 8:38:15 AM org.solrmarc.marc.MarcImporter importRecords
INFO: Added record 455 read from file: benmarc_280025
Apr 11, 2013 8:38:15 AM org.solrmarc.marc.MarcImporter importRecords
INFO: Added record 456 read from file: benmarc_280026
Apr 11, 2013 8:38:15 AM org.solrmarc.marc.MarcImporter importRecords
INFO: Added record 457 read from file: benmarc_280027
Apr 11, 2013 8:38:15 AM org.solrmarc.marc.MarcImporter importRecords
INFO: Added record 458 read from file: benmarc_280028
Apr 11, 2013 8:38:15 AM org.solrmarc.marc.MarcImporter importRecords
INFO: Added record 459 read from file: benmarc_280029
Apr 11, 2013 8:38:15 AM org.solrmarc.marc.MarcImporter importRecords
INFO: Added record 460 read from file: benmarc_280030
Apr 11, 2013 8:38:15 AM org.solrmarc.marc.MarcImporter importRecords
INFO: Added record 461 read from file: benmarc_280031
Apr 11, 2013 8:38:15 AM org.solrmarc.marc.MarcImporter importRecords
INFO: Added record 462 read from file: benmarc_280032
Apr 11, 2013 8:38:15 AM org.solrmarc.marc.MarcImporter importRecords
INFO: Added record 463 read from file: benmarc_280033
Apr 11, 2013 8:38:15 AM org.solrmarc.marc.MarcImporter importRecords
INFO: Added record 464 read from file: benmarc_280045
Apr 11, 2013 8:38:15 AM org.solrmarc.marc.MarcImporter importRecords
INFO: Added record 465 read from file: benmarc_280046
Apr 11, 2013 8:38:15 AM org.solrmarc.marc.MarcImporter importRecords
INFO: Added record 466 read from file: benmarc_280047
Apr 11, 2013 8:38:15 AM org.solrmarc.marc.MarcImporter importRecords
INFO: Added record 467 read from file: benmarc_280048
Apr 11, 2013 8:38:15 AM org.solrmarc.marc.MarcImporter importRecords
INFO: Added record 468 read from file: benmarc_280049
Apr 11, 2013 8:38:15 AM org.solrmarc.marc.MarcImporter importRecords
INFO: Added record 469 read from file: benmarc_280690
Apr 11, 2013 8:38:15 AM org.solrmarc.marc.MarcImporter importRecords
INFO: Added record 470 read from file: benmarc_287759
Apr 11, 2013 8:38:15 AM org.solrmarc.marc.MarcImporter importRecords
INFO: Added record 471 read from file: benmarc_291982
Apr 11, 2013 8:38:15 AM org.solrmarc.marc.MarcImporter importRecords
INFO: Added record 472 read from file: benmarc_292498
Apr 11, 2013 8:38:15 AM org.solrmarc.marc.MarcImporter importRecords
INFO: Added record 473 read from file: benmarc_299943
Apr 11, 2013 8:38:15 AM org.solrmarc.marc.MarcImporter importRecords
INFO: Added record 474 read from file: benmarc_302609
Apr 11, 2013 8:38:15 AM org.solrmarc.marc.MarcImporter importRecords
INFO: Added record 475 read from file: benmarc_302615
Apr 11, 2013 8:38:15 AM org.solrmarc.marc.MarcImporter importRecords
INFO: Added record 476 read from file: benmarc_302616
Apr 11, 2013 8:38:15 AM org.solrmarc.marc.MarcImporter importRecords
INFO: Added record 477 read from file: benmarc_302617
Apr 11, 2013 8:38:15 AM org.solrmarc.marc.MarcImporter importRecords
INFO: Added record 478 read from file: benmarc_302618
Apr 11, 2013 8:38:15 AM org.solrmarc.marc.MarcImporter handleAll
INFO:  Adding 478 of 478 documents to index
Apr 11, 2013 8:38:15 AM org.solrmarc.marc.MarcImporter handleAll
INFO:  Deleting 0 documents from index
Apr 11, 2013 8:38:15 AM org.solrmarc.marc.MarcImporter finish
INFO: Calling commit (with optimize set to false)
Apr 11, 2013 8:38:19 AM org.solrmarc.marc.MarcImporter finish
INFO: Done with the commit, closing Solr
Apr 11, 2013 8:38:19 AM org.solrmarc.marc.MarcImporter finish
INFO: Setting Solr closed flag
Apr 11, 2013 8:38:19 AM org.solrmarc.marc.MarcImporter signalServer
INFO: Connecting to solr server at URL: http://localhost:8081/solr/biblio/update
Apr 11, 2013 8:38:19 AM org.solrmarc.tools.SolrUpdate signalServer
INFO: <?xml version="1.0" encoding="UTF-8"?>
Apr 11, 2013 8:38:19 AM org.solrmarc.tools.SolrUpdate signalServer
INFO: <response>
Apr 11, 2013 8:38:19 AM org.solrmarc.tools.SolrUpdate signalServer
INFO: <lst name="responseHeader"><int name="status">0</int><int name="QTime">83</int></lst>
Apr 11, 2013 8:38:19 AM org.solrmarc.tools.SolrUpdate signalServer
INFO: </response>
Apr 11, 2013 8:38:19 AM org.solrmarc.marc.MarcImporter$MyShutdownThread run
INFO: Starting Shutdown hook
