Jul 1, 2013 9:18:29 AM org.solrmarc.marc.MarcImporter main
INFO: Starting SolrMarc indexing.
Jul 1, 2013 9:18:29 AM org.solrmarc.tools.Utils getPropertyFileInputStream
INFO: Opening file: /shared/cportal_prod/data/vufind/import/import.properties
Jul 1, 2013 9:18:29 AM org.solrmarc.marc.MarcImporter getSolrServerProxy
INFO:  Updating to Solr index at /shared/cportal_prod/data/vufind/solr
Jul 1, 2013 9:18:29 AM org.solrmarc.marc.MarcImporter getSolrServerProxy
INFO:      Using Solr core biblio
Jul 1, 2013 9:18:29 AM org.solrmarc.solr.SolrCoreLoader loadEmbeddedCore
INFO: Using the multicore schema file at : /shared/cportal_prod/data/vufind/solr/solr.xml
Jul 1, 2013 9:18:29 AM org.solrmarc.solr.SolrCoreLoader loadEmbeddedCore
INFO: Using the biblio core
Jul 1, 2013 9:18:29 AM org.solrmarc.solr.SolrCoreLoader loadEmbeddedCore
INFO: Using the data directory of: /shared/cportal_prod/data/vufind/solr/biblio
Jul 1, 2013 9:18:30 AM org.solrmarc.marc.MarcHandler loadReader
INFO: Attempting to open data file: /shared/cportal_prod/data/crra/marc-updated/cnr.marc
Jul 1, 2013 9:18:30 AM org.solrmarc.marc.MarcImporter importRecords
INFO: Added record 1 read from file: cnrmarc_ocm10035892
Jul 1, 2013 9:18:30 AM org.solrmarc.marc.MarcImporter importRecords
INFO: Added record 2 read from file: cnrmarc_ocm10054785
Jul 1, 2013 9:18:31 AM org.solrmarc.marc.MarcImporter importRecords
INFO: Added record 3 read from file: cnrmarc_ocm10113411
Jul 1, 2013 9:18:31 AM org.solrmarc.marc.MarcImporter importRecords
INFO: Added record 4 read from file: cnrmarc_ocm10377023
Jul 1, 2013 9:18:31 AM org.solrmarc.marc.MarcImporter importRecords
INFO: Added record 5 read from file: cnrmarc_ocm10508168
Jul 1, 2013 9:18:31 AM org.solrmarc.marc.MarcImporter importRecords
INFO: Added record 6 read from file: cnrmarc_ocm10517217
Jul 1, 2013 9:18:31 AM org.solrmarc.marc.MarcImporter importRecords
INFO: Added record 7 read from file: cnrmarc_ocm10581124
Jul 1, 2013 9:18:31 AM org.solrmarc.marc.MarcImporter importRecords
INFO: Added record 8 read from file: cnrmarc_ocm10772310
Jul 1, 2013 9:18:31 AM org.solrmarc.marc.MarcImporter importRecords
INFO: Added record 9 read from file: cnrmarc_ocm10894634
Jul 1, 2013 9:18:31 AM org.solrmarc.marc.MarcImporter importRecords
INFO: Added record 10 read from file: cnrmarc_ocm11368749
Jul 1, 2013 9:18:31 AM org.solrmarc.marc.MarcImporter importRecords
INFO: Added record 11 read from file: cnrmarc_ocm11369330
Jul 1, 2013 9:18:31 AM org.solrmarc.marc.MarcImporter importRecords
INFO: Added record 12 read from file: cnrmarc_ocm11377114
Jul 1, 2013 9:18:31 AM org.solrmarc.marc.MarcImporter importRecords
INFO: Added record 13 read from file: cnrmarc_ocm11377163
Jul 1, 2013 9:18:31 AM org.solrmarc.marc.MarcImporter importRecords
INFO: Added record 14 read from file: cnrmarc_ocm11380718
Jul 1, 2013 9:18:31 AM org.solrmarc.marc.MarcImporter importRecords
INFO: Added record 15 read from file: cnrmarc_ocm11381259
Jul 1, 2013 9:18:31 AM org.solrmarc.marc.MarcImporter importRecords
INFO: Added record 16 read from file: cnrmarc_ocm11381281
Jul 1, 2013 9:18:31 AM org.solrmarc.marc.MarcImporter importRecords
INFO: Added record 17 read from file: cnrmarc_ocm11381369
Jul 1, 2013 9:18:31 AM org.solrmarc.marc.MarcImporter importRecords
INFO: Added record 18 read from file: cnrmarc_ocm11381641
Jul 1, 2013 9:18:31 AM org.solrmarc.marc.MarcImporter importRecords
INFO: Added record 19 read from file: cnrmarc_ocm11381664
Jul 1, 2013 9:18:31 AM org.solrmarc.marc.MarcImporter importRecords
INFO: Added record 20 read from file: cnrmarc_ocm11381733
Jul 1, 2013 9:18:31 AM org.solrmarc.marc.MarcImporter importRecords
INFO: Added record 21 read from file: cnrmarc_ocm11389462
Jul 1, 2013 9:18:31 AM org.solrmarc.marc.MarcImporter importRecords
INFO: Added record 22 read from file: cnrmarc_ocm11389580
Jul 1, 2013 9:18:31 AM org.solrmarc.marc.MarcImporter importRecords
INFO: Added record 23 read from file: cnrmarc_ocm11389619
Jul 1, 2013 9:18:31 AM org.solrmarc.marc.MarcImporter importRecords
INFO: Added record 24 read from file: cnrmarc_ocm11389633
Jul 1, 2013 9:18:31 AM org.solrmarc.marc.MarcImporter importRecords
INFO: Added record 25 read from file: cnrmarc_ocm11405466
Jul 1, 2013 9:18:31 AM org.solrmarc.marc.MarcImporter importRecords
INFO: Added record 26 read from file: cnrmarc_ocm11405470
Jul 1, 2013 9:18:31 AM org.solrmarc.marc.MarcImporter importRecords
INFO: Added record 27 read from file: cnrmarc_ocm11616849
Jul 1, 2013 9:18:31 AM org.solrmarc.marc.MarcImporter importRecords
INFO: Added record 28 read from file: cnrmarc_ocm11655527
Jul 1, 2013 9:18:31 AM org.solrmarc.marc.MarcImporter importRecords
INFO: Added record 29 read from file: cnrmarc_ocm11661300
Jul 1, 2013 9:18:31 AM org.solrmarc.marc.MarcImporter importRecords
INFO: Added record 30 read from file: cnrmarc_ocm11672443
Jul 1, 2013 9:18:31 AM org.solrmarc.marc.MarcImporter importRecords
INFO: Added record 31 read from file: cnrmarc_ocm01176512
Jul 1, 2013 9:18:31 AM org.solrmarc.marc.MarcImporter importRecords
INFO: Added record 32 read from file: cnrmarc_ocm12066658
Jul 1, 2013 9:18:31 AM org.solrmarc.marc.MarcImporter importRecords
INFO: Added record 33 read from file: cnrmarc_ocm12076059
Jul 1, 2013 9:18:31 AM org.solrmarc.marc.MarcImporter importRecords
INFO: Added record 34 read from file: cnrmarc_ocm01212998
Jul 1, 2013 9:18:31 AM org.solrmarc.marc.MarcImporter importRecords
INFO: Added record 35 read from file: cnrmarc_ocm01228985
Jul 1, 2013 9:18:31 AM org.solrmarc.marc.MarcImporter importRecords
INFO: Added record 36 read from file: cnrmarc_ocm01250406
Jul 1, 2013 9:18:31 AM org.solrmarc.marc.MarcImporter importRecords
INFO: Added record 37 read from file: cnrmarc_ocm01264175
Jul 1, 2013 9:18:31 AM org.solrmarc.marc.MarcImporter importRecords
INFO: Added record 38 read from file: cnrmarc_ocm12695569
Jul 1, 2013 9:18:31 AM org.solrmarc.marc.MarcImporter importRecords
INFO: Added record 39 read from file: cnrmarc_ocm13121857
Jul 1, 2013 9:18:31 AM org.solrmarc.marc.MarcImporter importRecords
INFO: Added record 40 read from file: cnrmarc_ocm13522488
Jul 1, 2013 9:18:31 AM org.solrmarc.marc.MarcImporter importRecords
INFO: Added record 41 read from file: cnrmarc_ocm13554249
Jul 1, 2013 9:18:31 AM org.solrmarc.marc.MarcImporter importRecords
INFO: Added record 42 read from file: cnrmarc_ocm13554258
Jul 1, 2013 9:18:31 AM org.solrmarc.marc.MarcImporter importRecords
INFO: Added record 43 read from file: cnrmarc_ocm13579900
Jul 1, 2013 9:18:31 AM org.solrmarc.marc.MarcImporter importRecords
INFO: Added record 44 read from file: cnrmarc_ocm13948340
Jul 1, 2013 9:18:31 AM org.solrmarc.marc.MarcImporter importRecords
INFO: Added record 45 read from file: cnrmarc_ocm01395336
Jul 1, 2013 9:18:31 AM org.solrmarc.marc.MarcImporter importRecords
INFO: Added record 46 read from file: cnrmarc_ocm14062943
Jul 1, 2013 9:18:31 AM org.solrmarc.marc.MarcImporter importRecords
INFO: Added record 47 read from file: cnrmarc_ocm01442226
Jul 1, 2013 9:18:31 AM org.solrmarc.marc.MarcImporter importRecords
INFO: Added record 48 read from file: cnrmarc_ocm14513380
Jul 1, 2013 9:18:31 AM org.solrmarc.marc.MarcImporter importRecords
INFO: Added record 49 read from file: cnrmarc_ocm00147202
Jul 1, 2013 9:18:31 AM org.solrmarc.marc.MarcImporter importRecords
INFO: Added record 50 read from file: cnrmarc_ocm14803886
Jul 1, 2013 9:18:31 AM org.solrmarc.marc.MarcImporter importRecords
INFO: Added record 51 read from file: cnrmarc_ocm01495086
Jul 1, 2013 9:18:31 AM org.solrmarc.marc.MarcImporter importRecords
INFO: Added record 52 read from file: cnrmarc_ocm01521076
Jul 1, 2013 9:18:31 AM org.solrmarc.marc.MarcImporter importRecords
INFO: Added record 53 read from file: cnrmarc_ocm01522576
Jul 1, 2013 9:18:31 AM org.solrmarc.marc.MarcImporter importRecords
INFO: Added record 54 read from file: cnrmarc_ocm01531207
Jul 1, 2013 9:18:31 AM org.solrmarc.marc.MarcImporter importRecords
INFO: Added record 55 read from file: cnrmarc_ocm01538118
Jul 1, 2013 9:18:31 AM org.solrmarc.marc.MarcImporter importRecords
INFO: Added record 56 read from file: cnrmarc_ocm15705280
Jul 1, 2013 9:18:31 AM org.solrmarc.marc.MarcImporter importRecords
INFO: Added record 57 read from file: cnrmarc_ocm15918086
Jul 1, 2013 9:18:31 AM org.solrmarc.marc.MarcImporter importRecords
INFO: Added record 58 read from file: cnrmarc_ocm15970026
Jul 1, 2013 9:18:31 AM org.solrmarc.marc.MarcImporter importRecords
SEVERE: Error reading record: expected record terminator
org.marc4j.MarcException: expected record terminator
	at org.marc4j.MarcPermissiveStreamReader.parseRecord(MarcPermissiveStreamReader.java:863)
	at org.marc4j.MarcPermissiveStreamReader.next(MarcPermissiveStreamReader.java:307)
	at org.solrmarc.marc.MarcImporter.importRecords(MarcImporter.java:288)
	at org.solrmarc.marc.MarcImporter.handleAll(MarcImporter.java:572)
	at org.solrmarc.marc.MarcImporter.main(MarcImporter.java:832)
	at sun.reflect.NativeMethodAccessorImpl.invoke0(Native Method)
	at sun.reflect.NativeMethodAccessorImpl.invoke(NativeMethodAccessorImpl.java:39)
	at sun.reflect.DelegatingMethodAccessorImpl.invoke(DelegatingMethodAccessorImpl.java:25)
	at java.lang.reflect.Method.invoke(Method.java:597)
	at com.simontuffs.onejar.Boot.run(Boot.java:334)
	at com.simontuffs.onejar.Boot.main(Boot.java:170)
Jul 1, 2013 9:18:31 AM org.solrmarc.marc.MarcImporter importRecords
INFO: Added record 59 read from file: cnrmarc_ocm15977235
Jul 1, 2013 9:18:31 AM org.solrmarc.marc.MarcImporter importRecords
INFO: Added record 60 read from file: cnrmarc_ocm16050497
Jul 1, 2013 9:18:31 AM org.solrmarc.marc.MarcImporter importRecords
INFO: Added record 61 read from file: cnrmarc_ocm16398911
Jul 1, 2013 9:18:31 AM org.solrmarc.marc.MarcImporter importRecords
INFO: Added record 62 read from file: cnrmarc_ocm01669296
Jul 1, 2013 9:18:31 AM org.solrmarc.marc.MarcImporter importRecords
INFO: Added record 63 read from file: cnrmarc_ocm16848706
Jul 1, 2013 9:18:31 AM org.solrmarc.marc.MarcImporter importRecords
INFO: Added record 64 read from file: cnrmarc_ocm17192660
Jul 1, 2013 9:18:31 AM org.solrmarc.marc.MarcImporter importRecords
INFO: Added record 65 read from file: cnrmarc_ocm17944529
Jul 1, 2013 9:18:31 AM org.solrmarc.marc.MarcImporter importRecords
INFO: Added record 66 read from file: cnrmarc_ocm17944734
Jul 1, 2013 9:18:31 AM org.solrmarc.marc.MarcImporter importRecords
INFO: Added record 67 read from file: cnrmarc_ocm17947656
Jul 1, 2013 9:18:31 AM org.solrmarc.marc.MarcImporter importRecords
INFO: Added record 68 read from file: cnrmarc_ocm17948628
Jul 1, 2013 9:18:31 AM org.solrmarc.marc.MarcImporter importRecords
INFO: Added record 69 read from file: cnrmarc_ocm17948831
Jul 1, 2013 9:18:31 AM org.solrmarc.marc.MarcImporter importRecords
INFO: Added record 70 read from file: cnrmarc_ocm17964867
Jul 1, 2013 9:18:31 AM org.solrmarc.marc.MarcImporter importRecords
INFO: Added record 71 read from file: cnrmarc_ocm17997618
Jul 1, 2013 9:18:31 AM org.solrmarc.marc.MarcImporter importRecords
INFO: Added record 72 read from file: cnrmarc_ocm18000138
Jul 1, 2013 9:18:31 AM org.solrmarc.marc.MarcImporter importRecords
INFO: Added record 73 read from file: cnrmarc_ocm00180308
Jul 1, 2013 9:18:31 AM org.solrmarc.marc.MarcImporter importRecords
INFO: Added record 74 read from file: cnrmarc_ocm18048463
Jul 1, 2013 9:18:31 AM org.solrmarc.marc.MarcImporter importRecords
INFO: Added record 75 read from file: cnrmarc_ocm18055330
Jul 1, 2013 9:18:31 AM org.solrmarc.marc.MarcImporter importRecords
INFO: Added record 76 read from file: cnrmarc_ocm18056420
Jul 1, 2013 9:18:31 AM org.solrmarc.marc.MarcImporter importRecords
INFO: Added record 77 read from file: cnrmarc_ocm18061975
Jul 1, 2013 9:18:31 AM org.solrmarc.marc.MarcImporter importRecords
INFO: Added record 78 read from file: cnrmarc_ocm18062492
Jul 1, 2013 9:18:31 AM org.solrmarc.marc.MarcImporter importRecords
INFO: Added record 79 read from file: cnrmarc_ocm18084206
Jul 1, 2013 9:18:31 AM org.solrmarc.marc.MarcImporter importRecords
INFO: Added record 80 read from file: cnrmarc_ocm18099157
Jul 1, 2013 9:18:31 AM org.solrmarc.marc.MarcImporter importRecords
INFO: Added record 81 read from file: cnrmarc_ocm18128749
Jul 1, 2013 9:18:31 AM org.solrmarc.marc.MarcImporter importRecords
INFO: Added record 82 read from file: cnrmarc_ocm18333236
Jul 1, 2013 9:18:31 AM org.solrmarc.marc.MarcImporter importRecords
INFO: Added record 83 read from file: cnrmarc_ocm18333375
Jul 1, 2013 9:18:31 AM org.solrmarc.marc.MarcImporter importRecords
INFO: Added record 84 read from file: cnrmarc_ocm18333751
Jul 1, 2013 9:18:31 AM org.solrmarc.marc.MarcImporter importRecords
INFO: Added record 85 read from file: cnrmarc_ocm18333924
Jul 1, 2013 9:18:31 AM org.solrmarc.marc.MarcImporter importRecords
INFO: Added record 86 read from file: cnrmarc_ocm18337064
Jul 1, 2013 9:18:31 AM org.solrmarc.marc.MarcImporter importRecords
INFO: Added record 87 read from file: cnrmarc_ocm18337621
Jul 1, 2013 9:18:31 AM org.solrmarc.marc.MarcImporter importRecords
INFO: Added record 88 read from file: cnrmarc_ocm18337995
Jul 1, 2013 9:18:31 AM org.solrmarc.marc.MarcImporter importRecords
INFO: Added record 89 read from file: cnrmarc_ocm18340368
Jul 1, 2013 9:18:31 AM org.solrmarc.marc.MarcImporter importRecords
INFO: Added record 90 read from file: cnrmarc_ocm18340522
Jul 1, 2013 9:18:31 AM org.solrmarc.marc.MarcImporter importRecords
INFO: Added record 91 read from file: cnrmarc_ocm18340684
Jul 1, 2013 9:18:31 AM org.solrmarc.marc.MarcImporter importRecords
INFO: Added record 92 read from file: cnrmarc_ocm18340992
Jul 1, 2013 9:18:31 AM org.solrmarc.marc.MarcImporter importRecords
INFO: Added record 93 read from file: cnrmarc_ocm18341104
Jul 1, 2013 9:18:31 AM org.solrmarc.marc.MarcImporter importRecords
INFO: Added record 94 read from file: cnrmarc_ocm18341226
Jul 1, 2013 9:18:31 AM org.solrmarc.marc.MarcImporter importRecords
INFO: Added record 95 read from file: cnrmarc_ocm18341314
Jul 1, 2013 9:18:31 AM org.solrmarc.marc.MarcImporter importRecords
INFO: Added record 96 read from file: cnrmarc_ocm18345802
Jul 1, 2013 9:18:31 AM org.solrmarc.marc.MarcImporter importRecords
INFO: Added record 97 read from file: cnrmarc_ocm18346135
Jul 1, 2013 9:18:31 AM org.solrmarc.marc.MarcImporter importRecords
INFO: Added record 98 read from file: cnrmarc_ocm18346244
Jul 1, 2013 9:18:31 AM org.solrmarc.marc.MarcImporter importRecords
INFO: Added record 99 read from file: cnrmarc_ocm18353305
Jul 1, 2013 9:18:31 AM org.solrmarc.marc.MarcImporter importRecords
INFO: Added record 100 read from file: cnrmarc_ocm18353679
Jul 1, 2013 9:18:31 AM org.solrmarc.marc.MarcImporter importRecords
INFO: Added record 101 read from file: cnrmarc_ocm18354419
Jul 1, 2013 9:18:31 AM org.solrmarc.marc.MarcImporter importRecords
INFO: Added record 102 read from file: cnrmarc_ocm18354541
Jul 1, 2013 9:18:31 AM org.solrmarc.marc.MarcImporter importRecords
INFO: Added record 103 read from file: cnrmarc_ocm18354647
Jul 1, 2013 9:18:31 AM org.solrmarc.marc.MarcImporter importRecords
INFO: Added record 104 read from file: cnrmarc_ocm18354819
Jul 1, 2013 9:18:31 AM org.solrmarc.marc.MarcImporter importRecords
INFO: Added record 105 read from file: cnrmarc_ocm18355052
Jul 1, 2013 9:18:31 AM org.solrmarc.marc.MarcImporter importRecords
INFO: Added record 106 read from file: cnrmarc_ocm18355121
Jul 1, 2013 9:18:31 AM org.solrmarc.marc.MarcImporter importRecords
INFO: Added record 107 read from file: cnrmarc_ocm18363867
Jul 1, 2013 9:18:31 AM org.solrmarc.marc.MarcImporter importRecords
INFO: Added record 108 read from file: cnrmarc_ocm18363952
Jul 1, 2013 9:18:31 AM org.solrmarc.marc.MarcImporter importRecords
INFO: Added record 109 read from file: cnrmarc_ocm18364951
Jul 1, 2013 9:18:31 AM org.solrmarc.marc.MarcImporter importRecords
INFO: Added record 110 read from file: cnrmarc_ocm18365058
Jul 1, 2013 9:18:31 AM org.solrmarc.marc.MarcImporter importRecords
INFO: Added record 111 read from file: cnrmarc_ocm18365229
Jul 1, 2013 9:18:31 AM org.solrmarc.marc.MarcImporter importRecords
INFO: Added record 112 read from file: cnrmarc_ocm18365323
Jul 1, 2013 9:18:31 AM org.solrmarc.marc.MarcImporter importRecords
INFO: Added record 113 read from file: cnrmarc_ocm18365562
Jul 1, 2013 9:18:31 AM org.solrmarc.marc.MarcImporter importRecords
INFO: Added record 114 read from file: cnrmarc_ocm18365828
Jul 1, 2013 9:18:32 AM org.solrmarc.marc.MarcImporter importRecords
INFO: Added record 115 read from file: cnrmarc_ocm18532683
Jul 1, 2013 9:18:32 AM org.solrmarc.marc.MarcImporter importRecords
INFO: Added record 116 read from file: cnrmarc_ocm01878431
Jul 1, 2013 9:18:32 AM org.solrmarc.marc.MarcImporter importRecords
INFO: Added record 117 read from file: cnrmarc_ocm18855508
Jul 1, 2013 9:18:32 AM org.solrmarc.marc.MarcImporter importRecords
INFO: Added record 118 read from file: cnrmarc_ocm01900971
Jul 1, 2013 9:18:32 AM org.solrmarc.marc.MarcImporter importRecords
INFO: Added record 119 read from file: cnrmarc_ocm01903357
Jul 1, 2013 9:18:32 AM org.solrmarc.marc.MarcImporter importRecords
INFO: Added record 120 read from file: cnrmarc_ocm19412504
Jul 1, 2013 9:18:32 AM org.solrmarc.marc.MarcImporter importRecords
INFO: Added record 121 read from file: cnrmarc_ocm19464736
Jul 1, 2013 9:18:32 AM org.solrmarc.marc.MarcImporter importRecords
INFO: Added record 122 read from file: cnrmarc_ocm19688897
Jul 1, 2013 9:18:32 AM org.solrmarc.marc.MarcImporter importRecords
INFO: Added record 123 read from file: cnrmarc_ocm19777648
Jul 1, 2013 9:18:32 AM org.solrmarc.marc.MarcImporter importRecords
INFO: Added record 124 read from file: cnrmarc_ocm01987060
Jul 1, 2013 9:18:32 AM org.solrmarc.marc.MarcImporter importRecords
INFO: Added record 125 read from file: cnrmarc_ocm19998127
Jul 1, 2013 9:18:32 AM org.solrmarc.marc.MarcImporter importRecords
INFO: Added record 126 read from file: cnrmarc_ocm20027691
Jul 1, 2013 9:18:32 AM org.solrmarc.marc.MarcImporter importRecords
INFO: Added record 127 read from file: cnrmarc_ocm20092653
Jul 1, 2013 9:18:32 AM org.solrmarc.marc.MarcImporter importRecords
INFO: Added record 128 read from file: cnrmarc_ocm20107711
Jul 1, 2013 9:18:32 AM org.solrmarc.marc.MarcImporter importRecords
INFO: Added record 129 read from file: cnrmarc_ocm20680219
Jul 1, 2013 9:18:32 AM org.solrmarc.marc.MarcImporter importRecords
INFO: Added record 130 read from file: cnrmarc_ocm20684288
Jul 1, 2013 9:18:32 AM org.solrmarc.marc.MarcImporter importRecords
INFO: Added record 131 read from file: cnrmarc_ocm20684308
Jul 1, 2013 9:18:32 AM org.solrmarc.marc.MarcImporter importRecords
INFO: Added record 132 read from file: cnrmarc_ocm20841114
Jul 1, 2013 9:18:32 AM org.solrmarc.marc.MarcImporter importRecords
INFO: Added record 133 read from file: cnrmarc_ocm00210079
Jul 1, 2013 9:18:32 AM org.solrmarc.marc.MarcImporter importRecords
INFO: Added record 134 read from file: cnrmarc_ocm21250906
Jul 1, 2013 9:18:32 AM org.solrmarc.marc.MarcImporter importRecords
INFO: Added record 135 read from file: cnrmarc_ocm21253756
Jul 1, 2013 9:18:32 AM org.solrmarc.marc.MarcImporter importRecords
INFO: Added record 136 read from file: cnrmarc_ocm21254421
Jul 1, 2013 9:18:32 AM org.solrmarc.marc.MarcImporter importRecords
INFO: Added record 137 read from file: cnrmarc_ocm21254890
Jul 1, 2013 9:18:32 AM org.solrmarc.marc.MarcImporter importRecords
INFO: Added record 138 read from file: cnrmarc_ocm21363334
Jul 1, 2013 9:18:32 AM org.solrmarc.marc.MarcImporter importRecords
INFO: Added record 139 read from file: cnrmarc_ocm02143640
Jul 1, 2013 9:18:32 AM org.solrmarc.marc.MarcImporter importRecords
INFO: Added record 140 read from file: cnrmarc_ocm21459577
Jul 1, 2013 9:18:32 AM org.solrmarc.marc.MarcImporter importRecords
INFO: Added record 141 read from file: cnrmarc_ocm21664721
Jul 1, 2013 9:18:32 AM org.solrmarc.marc.MarcImporter importRecords
INFO: Added record 142 read from file: cnrmarc_ocm21732543
Jul 1, 2013 9:18:32 AM org.solrmarc.marc.MarcImporter importRecords
INFO: Added record 143 read from file: cnrmarc_ocm00220845
Jul 1, 2013 9:18:32 AM org.solrmarc.marc.MarcImporter importRecords
INFO: Added record 144 read from file: cnrmarc_ocm02233600
Jul 1, 2013 9:18:32 AM org.solrmarc.marc.MarcImporter importRecords
INFO: Added record 145 read from file: cnrmarc_ocm22626993
Jul 1, 2013 9:18:32 AM org.solrmarc.marc.MarcImporter importRecords
INFO: Added record 146 read from file: cnrmarc_ocm22713817
Jul 1, 2013 9:18:32 AM org.solrmarc.marc.MarcImporter importRecords
INFO: Added record 147 read from file: cnrmarc_ocm24010730
Jul 1, 2013 9:18:32 AM org.solrmarc.marc.MarcImporter importRecords
INFO: Added record 148 read from file: cnrmarc_ocm02428423
Jul 1, 2013 9:18:32 AM org.solrmarc.marc.MarcImporter importRecords
INFO: Added record 149 read from file: cnrmarc_ocm24388102
Jul 1, 2013 9:18:32 AM org.solrmarc.marc.MarcImporter importRecords
INFO: Added record 150 read from file: cnrmarc_ocm24764558
Jul 1, 2013 9:18:32 AM org.solrmarc.marc.MarcImporter importRecords
INFO: Added record 151 read from file: cnrmarc_ocm25375755
Jul 1, 2013 9:18:32 AM org.solrmarc.marc.MarcImporter importRecords
INFO: Added record 152 read from file: cnrmarc_ocm25406859
Jul 1, 2013 9:18:32 AM org.solrmarc.marc.MarcImporter importRecords
SEVERE: Error reading record: expected record terminator
org.marc4j.MarcException: expected record terminator
	at org.marc4j.MarcPermissiveStreamReader.parseRecord(MarcPermissiveStreamReader.java:863)
	at org.marc4j.MarcPermissiveStreamReader.next(MarcPermissiveStreamReader.java:307)
	at org.solrmarc.marc.MarcImporter.importRecords(MarcImporter.java:288)
	at org.solrmarc.marc.MarcImporter.handleAll(MarcImporter.java:572)
	at org.solrmarc.marc.MarcImporter.main(MarcImporter.java:832)
	at sun.reflect.NativeMethodAccessorImpl.invoke0(Native Method)
	at sun.reflect.NativeMethodAccessorImpl.invoke(NativeMethodAccessorImpl.java:39)
	at sun.reflect.DelegatingMethodAccessorImpl.invoke(DelegatingMethodAccessorImpl.java:25)
	at java.lang.reflect.Method.invoke(Method.java:597)
	at com.simontuffs.onejar.Boot.run(Boot.java:334)
	at com.simontuffs.onejar.Boot.main(Boot.java:170)
Jul 1, 2013 9:18:32 AM org.solrmarc.marc.MarcImporter importRecords
INFO: Added record 153 read from file: cnrmarc_ocm02562564
Jul 1, 2013 9:18:32 AM org.solrmarc.marc.MarcImporter importRecords
INFO: Added record 154 read from file: cnrmarc_ocm25878087
Jul 1, 2013 9:18:32 AM org.solrmarc.marc.MarcImporter importRecords
INFO: Added record 155 read from file: cnrmarc_ocm26049130
Jul 1, 2013 9:18:32 AM org.solrmarc.marc.MarcImporter importRecords
INFO: Added record 156 read from file: cnrmarc_ocm26220691
Jul 1, 2013 9:18:32 AM org.solrmarc.marc.MarcImporter importRecords
INFO: Added record 157 read from file: cnrmarc_ocm02674935
Jul 1, 2013 9:18:32 AM org.solrmarc.marc.MarcImporter importRecords
INFO: Added record 158 read from file: cnrmarc_ocm26805923
Jul 1, 2013 9:18:32 AM org.solrmarc.marc.MarcImporter importRecords
INFO: Added record 159 read from file: cnrmarc_ocm27003369
Jul 1, 2013 9:18:32 AM org.solrmarc.marc.MarcImporter importRecords
INFO: Added record 160 read from file: cnrmarc_ocm27593818
Jul 1, 2013 9:18:32 AM org.solrmarc.marc.MarcImporter importRecords
INFO: Added record 161 read from file: cnrmarc_ocm27622441
Jul 1, 2013 9:18:32 AM org.solrmarc.marc.MarcImporter importRecords
INFO: Added record 162 read from file: cnrmarc_ocm27624348
Jul 1, 2013 9:18:32 AM org.solrmarc.marc.MarcImporter importRecords
INFO: Added record 163 read from file: cnrmarc_ocm27624372
Jul 1, 2013 9:18:32 AM org.solrmarc.marc.MarcImporter importRecords
INFO: Added record 164 read from file: cnrmarc_ocm27677539
Jul 1, 2013 9:18:32 AM org.solrmarc.marc.MarcImporter importRecords
INFO: Added record 165 read from file: cnrmarc_ocm27841508
Jul 1, 2013 9:18:32 AM org.solrmarc.marc.MarcImporter importRecords
INFO: Added record 166 read from file: cnrmarc_ocm27872354
Jul 1, 2013 9:18:32 AM org.solrmarc.marc.MarcImporter importRecords
INFO: Added record 167 read from file: cnrmarc_ocm27872867
Jul 1, 2013 9:18:32 AM org.solrmarc.marc.MarcImporter importRecords
INFO: Added record 168 read from file: cnrmarc_ocm27876341
Jul 1, 2013 9:18:32 AM org.solrmarc.marc.MarcImporter importRecords
INFO: Added record 169 read from file: cnrmarc_ocm27876525
Jul 1, 2013 9:18:32 AM org.solrmarc.marc.MarcImporter importRecords
INFO: Added record 170 read from file: cnrmarc_ocm27876655
Jul 1, 2013 9:18:32 AM org.solrmarc.marc.MarcImporter importRecords
INFO: Added record 171 read from file: cnrmarc_ocm27877328
Jul 1, 2013 9:18:32 AM org.solrmarc.marc.MarcImporter importRecords
INFO: Added record 172 read from file: cnrmarc_ocm02803160
Jul 1, 2013 9:18:32 AM org.solrmarc.marc.MarcImporter importRecords
INFO: Added record 173 read from file: cnrmarc_ocm28054313
Jul 1, 2013 9:18:32 AM org.solrmarc.marc.MarcImporter importRecords
INFO: Added record 174 read from file: cnrmarc_ocm28054712
Jul 1, 2013 9:18:32 AM org.solrmarc.marc.MarcImporter importRecords
INFO: Added record 175 read from file: cnrmarc_ocm28054889
Jul 1, 2013 9:18:32 AM org.solrmarc.marc.MarcImporter importRecords
INFO: Added record 176 read from file: cnrmarc_ocm28055584
Jul 1, 2013 9:18:32 AM org.solrmarc.marc.MarcImporter importRecords
INFO: Added record 177 read from file: cnrmarc_ocm28085580
Jul 1, 2013 9:18:32 AM org.solrmarc.marc.MarcImporter importRecords
INFO: Added record 178 read from file: cnrmarc_ocm28085725
Jul 1, 2013 9:18:32 AM org.solrmarc.marc.MarcImporter importRecords
INFO: Added record 179 read from file: cnrmarc_ocm28085849
Jul 1, 2013 9:18:32 AM org.solrmarc.marc.MarcImporter importRecords
INFO: Added record 180 read from file: cnrmarc_ocm28085931
Jul 1, 2013 9:18:32 AM org.solrmarc.marc.MarcImporter importRecords
INFO: Added record 181 read from file: cnrmarc_ocm28129609
Jul 1, 2013 9:18:32 AM org.solrmarc.marc.MarcImporter importRecords
INFO: Added record 182 read from file: cnrmarc_ocm28130077
Jul 1, 2013 9:18:32 AM org.solrmarc.marc.MarcImporter importRecords
INFO: Added record 183 read from file: cnrmarc_ocm28130554
Jul 1, 2013 9:18:32 AM org.solrmarc.marc.MarcImporter importRecords
INFO: Added record 184 read from file: cnrmarc_ocm28130722
Jul 1, 2013 9:18:32 AM org.solrmarc.marc.MarcImporter importRecords
INFO: Added record 185 read from file: cnrmarc_ocm28130902
Jul 1, 2013 9:18:32 AM org.solrmarc.marc.MarcImporter importRecords
INFO: Added record 186 read from file: cnrmarc_ocm28138202
Jul 1, 2013 9:18:32 AM org.solrmarc.marc.MarcImporter importRecords
INFO: Added record 187 read from file: cnrmarc_ocm28138519
Jul 1, 2013 9:18:32 AM org.solrmarc.marc.MarcImporter importRecords
INFO: Added record 188 read from file: cnrmarc_ocm28138946
Jul 1, 2013 9:18:32 AM org.solrmarc.marc.MarcImporter importRecords
INFO: Added record 189 read from file: cnrmarc_ocm28139504
Jul 1, 2013 9:18:32 AM org.solrmarc.marc.MarcImporter importRecords
INFO: Added record 190 read from file: cnrmarc_ocm28145344
Jul 1, 2013 9:18:32 AM org.solrmarc.marc.MarcImporter importRecords
INFO: Added record 191 read from file: cnrmarc_ocm28145586
Jul 1, 2013 9:18:32 AM org.solrmarc.marc.MarcImporter importRecords
INFO: Added record 192 read from file: cnrmarc_ocm28173416
Jul 1, 2013 9:18:32 AM org.solrmarc.marc.MarcImporter importRecords
INFO: Added record 193 read from file: cnrmarc_ocm28178764
Jul 1, 2013 9:18:32 AM org.solrmarc.marc.MarcImporter importRecords
INFO: Added record 194 read from file: cnrmarc_ocm28179327
Jul 1, 2013 9:18:32 AM org.solrmarc.marc.MarcImporter importRecords
INFO: Added record 195 read from file: cnrmarc_ocm02821323
Jul 1, 2013 9:18:32 AM org.solrmarc.marc.MarcImporter importRecords
INFO: Added record 196 read from file: cnrmarc_ocm28323538
Jul 1, 2013 9:18:32 AM org.solrmarc.marc.MarcImporter importRecords
INFO: Added record 197 read from file: cnrmarc_ocm28330317
Jul 1, 2013 9:18:32 AM org.solrmarc.marc.MarcImporter importRecords
INFO: Added record 198 read from file: cnrmarc_ocm28330471
Jul 1, 2013 9:18:32 AM org.solrmarc.marc.MarcImporter importRecords
INFO: Added record 199 read from file: cnrmarc_ocm28349871
Jul 1, 2013 9:18:32 AM org.solrmarc.marc.MarcImporter importRecords
INFO: Added record 200 read from file: cnrmarc_ocm28350113
Jul 1, 2013 9:18:32 AM org.solrmarc.marc.MarcImporter importRecords
INFO: Added record 201 read from file: cnrmarc_ocm28350243
Jul 1, 2013 9:18:32 AM org.solrmarc.marc.MarcImporter importRecords
INFO: Added record 202 read from file: cnrmarc_ocm28555727
Jul 1, 2013 9:18:32 AM org.solrmarc.marc.MarcImporter importRecords
INFO: Added record 203 read from file: cnrmarc_ocm28555856
Jul 1, 2013 9:18:32 AM org.solrmarc.marc.MarcImporter importRecords
INFO: Added record 204 read from file: cnrmarc_ocm28655227
Jul 1, 2013 9:18:32 AM org.solrmarc.marc.MarcImporter importRecords
INFO: Added record 205 read from file: cnrmarc_ocm28698571
Jul 1, 2013 9:18:32 AM org.solrmarc.marc.MarcImporter importRecords
INFO: Added record 206 read from file: cnrmarc_ocm29612593
Jul 1, 2013 9:18:32 AM org.solrmarc.marc.MarcImporter importRecords
SEVERE: Error reading record: error parsing data field for tag: 998 with data: 05  azgursb04-30-98cmdae-ffregfr h2
org.marc4j.MarcException: error parsing data field for tag: 998 with data: 05  azgursb04-30-98cmdae-ffregfr h2
	at org.marc4j.MarcPermissiveStreamReader.parseRecord(MarcPermissiveStreamReader.java:844)
	at org.marc4j.MarcPermissiveStreamReader.next(MarcPermissiveStreamReader.java:307)
	at org.solrmarc.marc.MarcImporter.importRecords(MarcImporter.java:288)
	at org.solrmarc.marc.MarcImporter.handleAll(MarcImporter.java:572)
	at org.solrmarc.marc.MarcImporter.main(MarcImporter.java:832)
	at sun.reflect.NativeMethodAccessorImpl.invoke0(Native Method)
	at sun.reflect.NativeMethodAccessorImpl.invoke(NativeMethodAccessorImpl.java:39)
	at sun.reflect.DelegatingMethodAccessorImpl.invoke(DelegatingMethodAccessorImpl.java:25)
	at java.lang.reflect.Method.invoke(Method.java:597)
	at com.simontuffs.onejar.Boot.run(Boot.java:334)
	at com.simontuffs.onejar.Boot.main(Boot.java:170)
Caused by: java.io.IOException: unexpected end of data field
	at org.marc4j.MarcPermissiveStreamReader.parseDataField(MarcPermissiveStreamReader.java:1070)
	at org.marc4j.MarcPermissiveStreamReader.parseRecord(MarcPermissiveStreamReader.java:842)
	... 10 more
Jul 1, 2013 9:18:32 AM org.solrmarc.marc.MarcImporter importRecords
INFO: Added record 207 read from file: cnrmarc_ocm29797278
Jul 1, 2013 9:18:32 AM org.solrmarc.marc.MarcImporter importRecords
INFO: Added record 208 read from file: cnrmarc_ocm29797284
Jul 1, 2013 9:18:32 AM org.solrmarc.marc.MarcImporter importRecords
INFO: Added record 209 read from file: cnrmarc_ocm29867726
Jul 1, 2013 9:18:32 AM org.solrmarc.marc.MarcImporter importRecords
INFO: Added record 210 read from file: cnrmarc_ocm29868279
Jul 1, 2013 9:18:32 AM org.solrmarc.marc.MarcImporter importRecords
INFO: Added record 211 read from file: cnrmarc_ocm29875506
Jul 1, 2013 9:18:32 AM org.solrmarc.marc.MarcImporter importRecords
INFO: Added record 212 read from file: cnrmarc_ocm29875601
Jul 1, 2013 9:18:32 AM org.solrmarc.marc.MarcImporter importRecords
INFO: Added record 213 read from file: cnrmarc_ocm29945503
Jul 1, 2013 9:18:32 AM org.solrmarc.marc.MarcImporter importRecords
INFO: Added record 214 read from file: cnrmarc_ocm30494040
Jul 1, 2013 9:18:32 AM org.solrmarc.marc.MarcImporter importRecords
INFO: Added record 215 read from file: cnrmarc_ocm03050530
Jul 1, 2013 9:18:32 AM org.solrmarc.marc.MarcImporter importRecords
INFO: Added record 216 read from file: cnrmarc_ocm03051032
Jul 1, 2013 9:18:32 AM org.solrmarc.marc.MarcImporter importRecords
SEVERE: Error reading record: expected record terminator
org.marc4j.MarcException: expected record terminator
	at org.marc4j.MarcPermissiveStreamReader.parseRecord(MarcPermissiveStreamReader.java:863)
	at org.marc4j.MarcPermissiveStreamReader.next(MarcPermissiveStreamReader.java:307)
	at org.solrmarc.marc.MarcImporter.importRecords(MarcImporter.java:288)
	at org.solrmarc.marc.MarcImporter.handleAll(MarcImporter.java:572)
	at org.solrmarc.marc.MarcImporter.main(MarcImporter.java:832)
	at sun.reflect.NativeMethodAccessorImpl.invoke0(Native Method)
	at sun.reflect.NativeMethodAccessorImpl.invoke(NativeMethodAccessorImpl.java:39)
	at sun.reflect.DelegatingMethodAccessorImpl.invoke(DelegatingMethodAccessorImpl.java:25)
	at java.lang.reflect.Method.invoke(Method.java:597)
	at com.simontuffs.onejar.Boot.run(Boot.java:334)
	at com.simontuffs.onejar.Boot.main(Boot.java:170)
Jul 1, 2013 9:18:32 AM org.solrmarc.marc.MarcImporter importRecords
INFO: Added record 217 read from file: cnrmarc_ocm30527010
Jul 1, 2013 9:18:32 AM org.solrmarc.marc.MarcImporter importRecords
INFO: Added record 218 read from file: cnrmarc_ocm30527660
Jul 1, 2013 9:18:32 AM org.solrmarc.marc.MarcImporter importRecords
INFO: Added record 219 read from file: cnrmarc_ocm30528201
Jul 1, 2013 9:18:32 AM org.solrmarc.marc.MarcImporter importRecords
INFO: Added record 220 read from file: cnrmarc_ocm30528751
Jul 1, 2013 9:18:32 AM org.solrmarc.marc.MarcImporter importRecords
INFO: Added record 221 read from file: cnrmarc_ocm30541384
Jul 1, 2013 9:18:32 AM org.solrmarc.marc.MarcImporter importRecords
INFO: Added record 222 read from file: cnrmarc_ocm30541854
Jul 1, 2013 9:18:32 AM org.solrmarc.marc.MarcImporter importRecords
INFO: Added record 223 read from file: cnrmarc_ocm30542161
Jul 1, 2013 9:18:32 AM org.solrmarc.marc.MarcImporter importRecords
INFO: Added record 224 read from file: cnrmarc_ocm30542334
Jul 1, 2013 9:18:32 AM org.solrmarc.marc.MarcImporter importRecords
INFO: Added record 225 read from file: cnrmarc_ocm30560322
Jul 1, 2013 9:18:32 AM org.solrmarc.marc.MarcImporter importRecords
INFO: Added record 226 read from file: cnrmarc_ocm30560620
Jul 1, 2013 9:18:32 AM org.solrmarc.marc.MarcImporter importRecords
INFO: Added record 227 read from file: cnrmarc_ocm30561003
Jul 1, 2013 9:18:32 AM org.solrmarc.marc.MarcImporter importRecords
INFO: Added record 228 read from file: cnrmarc_ocm30561553
Jul 1, 2013 9:18:32 AM org.solrmarc.marc.MarcImporter importRecords
INFO: Added record 229 read from file: cnrmarc_ocm30576422
Jul 1, 2013 9:18:32 AM org.solrmarc.marc.MarcImporter importRecords
INFO: Added record 230 read from file: cnrmarc_ocm30577110
Jul 1, 2013 9:18:32 AM org.solrmarc.marc.MarcImporter importRecords
INFO: Added record 231 read from file: cnrmarc_ocm30577459
Jul 1, 2013 9:18:32 AM org.solrmarc.marc.MarcImporter importRecords
INFO: Added record 232 read from file: cnrmarc_ocm30577759
Jul 1, 2013 9:18:32 AM org.solrmarc.marc.MarcImporter importRecords
INFO: Added record 233 read from file: cnrmarc_ocm30578042
Jul 1, 2013 9:18:32 AM org.solrmarc.marc.MarcImporter importRecords
INFO: Added record 234 read from file: cnrmarc_ocm30578189
Jul 1, 2013 9:18:32 AM org.solrmarc.marc.MarcImporter importRecords
INFO: Added record 235 read from file: cnrmarc_ocm30599799
Jul 1, 2013 9:18:32 AM org.solrmarc.marc.MarcImporter importRecords
INFO: Added record 236 read from file: cnrmarc_ocm30599911
Jul 1, 2013 9:18:32 AM org.solrmarc.marc.MarcImporter importRecords
INFO: Added record 237 read from file: cnrmarc_ocm30600088
Jul 1, 2013 9:18:32 AM org.solrmarc.marc.MarcImporter importRecords
INFO: Added record 238 read from file: cnrmarc_ocm30602859
Jul 1, 2013 9:18:32 AM org.solrmarc.marc.MarcImporter importRecords
INFO: Added record 239 read from file: cnrmarc_ocm30604883
Jul 1, 2013 9:18:32 AM org.solrmarc.marc.MarcImporter importRecords
INFO: Added record 240 read from file: cnrmarc_ocm30605041
Jul 1, 2013 9:18:32 AM org.solrmarc.marc.MarcImporter importRecords
INFO: Added record 241 read from file: cnrmarc_ocm30608401
Jul 1, 2013 9:18:32 AM org.solrmarc.marc.MarcImporter importRecords
INFO: Added record 242 read from file: cnrmarc_ocm30608633
Jul 1, 2013 9:18:32 AM org.solrmarc.marc.MarcImporter importRecords
INFO: Added record 243 read from file: cnrmarc_ocm30619526
Jul 1, 2013 9:18:32 AM org.solrmarc.marc.MarcImporter importRecords
INFO: Added record 244 read from file: cnrmarc_ocm30619680
Jul 1, 2013 9:18:32 AM org.solrmarc.marc.MarcImporter importRecords
INFO: Added record 245 read from file: cnrmarc_ocm30619956
Jul 1, 2013 9:18:32 AM org.solrmarc.marc.MarcImporter importRecords
INFO: Added record 246 read from file: cnrmarc_ocm30620472
Jul 1, 2013 9:18:32 AM org.solrmarc.marc.MarcImporter importRecords
INFO: Added record 247 read from file: cnrmarc_ocm30620545
Jul 1, 2013 9:18:32 AM org.solrmarc.marc.MarcImporter importRecords
INFO: Added record 248 read from file: cnrmarc_ocm30628975
Jul 1, 2013 9:18:32 AM org.solrmarc.marc.MarcImporter importRecords
INFO: Added record 249 read from file: cnrmarc_ocm30629325
Jul 1, 2013 9:18:32 AM org.solrmarc.marc.MarcImporter importRecords
INFO: Added record 250 read from file: cnrmarc_ocm30629951
Jul 1, 2013 9:18:32 AM org.solrmarc.marc.MarcImporter importRecords
INFO: Added record 251 read from file: cnrmarc_ocm30632442
Jul 1, 2013 9:18:32 AM org.solrmarc.marc.MarcImporter importRecords
INFO: Added record 252 read from file: cnrmarc_ocm30634712
Jul 1, 2013 9:18:32 AM org.solrmarc.marc.MarcImporter importRecords
INFO: Added record 253 read from file: cnrmarc_ocm30634882
Jul 1, 2013 9:18:32 AM org.solrmarc.marc.MarcImporter importRecords
INFO: Added record 254 read from file: cnrmarc_ocm30637121
Jul 1, 2013 9:18:32 AM org.solrmarc.marc.MarcImporter importRecords
INFO: Added record 255 read from file: cnrmarc_ocm30637539
Jul 1, 2013 9:18:32 AM org.solrmarc.marc.MarcImporter importRecords
INFO: Added record 256 read from file: cnrmarc_ocm30637766
Jul 1, 2013 9:18:32 AM org.solrmarc.marc.MarcImporter importRecords
INFO: Added record 257 read from file: cnrmarc_ocm03065977
Jul 1, 2013 9:18:32 AM org.solrmarc.marc.MarcImporter importRecords
INFO: Added record 258 read from file: cnrmarc_ocm31134406
Jul 1, 2013 9:18:32 AM org.solrmarc.marc.MarcImporter importRecords
INFO: Added record 259 read from file: cnrmarc_ocm31261642
Jul 1, 2013 9:18:32 AM org.solrmarc.marc.MarcImporter importRecords
INFO: Added record 260 read from file: cnrmarc_ocm31301397
Jul 1, 2013 9:18:32 AM org.solrmarc.marc.MarcImporter importRecords
INFO: Added record 261 read from file: cnrmarc_ocm31406904
Jul 1, 2013 9:18:32 AM org.solrmarc.marc.MarcImporter importRecords
INFO: Added record 262 read from file: cnrmarc_ocm31406965
Jul 1, 2013 9:18:32 AM org.solrmarc.marc.MarcImporter importRecords
INFO: Added record 263 read from file: cnrmarc_ocm31520663
Jul 1, 2013 9:18:32 AM org.solrmarc.marc.MarcImporter importRecords
INFO: Added record 264 read from file: cnrmarc_ocm31520665
Jul 1, 2013 9:18:32 AM org.solrmarc.marc.MarcImporter importRecords
INFO: Added record 265 read from file: cnrmarc_ocm31520668
Jul 1, 2013 9:18:32 AM org.solrmarc.marc.MarcImporter importRecords
INFO: Added record 266 read from file: cnrmarc_ocm31520670
Jul 1, 2013 9:18:32 AM org.solrmarc.marc.MarcImporter importRecords
INFO: Added record 267 read from file: cnrmarc_ocm31520671
Jul 1, 2013 9:18:32 AM org.solrmarc.marc.MarcImporter importRecords
INFO: Added record 268 read from file: cnrmarc_ocm31616180
Jul 1, 2013 9:18:32 AM org.solrmarc.marc.MarcImporter importRecords
INFO: Added record 269 read from file: cnrmarc_ocm31616266
Jul 1, 2013 9:18:32 AM org.solrmarc.marc.MarcImporter importRecords
INFO: Added record 270 read from file: cnrmarc_ocm31616811
Jul 1, 2013 9:18:32 AM org.solrmarc.marc.MarcImporter importRecords
INFO: Added record 271 read from file: cnrmarc_ocm31616859
Jul 1, 2013 9:18:32 AM org.solrmarc.marc.MarcImporter importRecords
INFO: Added record 272 read from file: cnrmarc_ocm31616904
Jul 1, 2013 9:18:32 AM org.solrmarc.marc.MarcImporter importRecords
INFO: Added record 273 read from file: cnrmarc_ocm31616930
Jul 1, 2013 9:18:32 AM org.solrmarc.marc.MarcImporter importRecords
INFO: Added record 274 read from file: cnrmarc_ocm31616978
Jul 1, 2013 9:18:32 AM org.solrmarc.marc.MarcImporter importRecords
INFO: Added record 275 read from file: cnrmarc_ocm31619097
Jul 1, 2013 9:18:32 AM org.solrmarc.marc.MarcImporter importRecords
INFO: Added record 276 read from file: cnrmarc_ocm31619263
Jul 1, 2013 9:18:32 AM org.solrmarc.marc.MarcImporter importRecords
INFO: Added record 277 read from file: cnrmarc_ocm31619375
Jul 1, 2013 9:18:32 AM org.solrmarc.marc.MarcImporter importRecords
INFO: Added record 278 read from file: cnrmarc_ocm31619623
Jul 1, 2013 9:18:32 AM org.solrmarc.marc.MarcImporter importRecords
INFO: Added record 279 read from file: cnrmarc_ocm31621352
Jul 1, 2013 9:18:32 AM org.solrmarc.marc.MarcImporter importRecords
INFO: Added record 280 read from file: cnrmarc_ocm31621525
Jul 1, 2013 9:18:32 AM org.solrmarc.marc.MarcImporter importRecords
INFO: Added record 281 read from file: cnrmarc_ocm31621594
Jul 1, 2013 9:18:32 AM org.solrmarc.marc.MarcImporter importRecords
INFO: Added record 282 read from file: cnrmarc_ocm31621660
Jul 1, 2013 9:18:32 AM org.solrmarc.marc.MarcImporter importRecords
INFO: Added record 283 read from file: cnrmarc_ocm31621710
Jul 1, 2013 9:18:32 AM org.solrmarc.marc.MarcImporter importRecords
INFO: Added record 284 read from file: cnrmarc_ocm31660796
Jul 1, 2013 9:18:32 AM org.solrmarc.marc.MarcImporter importRecords
INFO: Added record 285 read from file: cnrmarc_ocm31690958
Jul 1, 2013 9:18:32 AM org.solrmarc.marc.MarcImporter importRecords
INFO: Added record 286 read from file: cnrmarc_ocm31690984
Jul 1, 2013 9:18:32 AM org.solrmarc.marc.MarcImporter importRecords
INFO: Added record 287 read from file: cnrmarc_ocm31691010
Jul 1, 2013 9:18:32 AM org.solrmarc.marc.MarcImporter importRecords
INFO: Added record 288 read from file: cnrmarc_ocm31691020
Jul 1, 2013 9:18:32 AM org.solrmarc.marc.MarcImporter importRecords
INFO: Added record 289 read from file: cnrmarc_ocm31691045
Jul 1, 2013 9:18:32 AM org.solrmarc.marc.MarcImporter importRecords
INFO: Added record 290 read from file: cnrmarc_ocm31691059
Jul 1, 2013 9:18:32 AM org.solrmarc.marc.MarcImporter importRecords
INFO: Added record 291 read from file: cnrmarc_ocm31691161
Jul 1, 2013 9:18:32 AM org.solrmarc.marc.MarcImporter importRecords
INFO: Added record 292 read from file: cnrmarc_ocm31695126
Jul 1, 2013 9:18:32 AM org.solrmarc.marc.MarcImporter importRecords
INFO: Added record 293 read from file: cnrmarc_ocm00319070
Jul 1, 2013 9:18:32 AM org.solrmarc.marc.MarcImporter importRecords
INFO: Added record 294 read from file: cnrmarc_ocm31916038
Jul 1, 2013 9:18:32 AM org.solrmarc.marc.MarcImporter importRecords
INFO: Added record 295 read from file: cnrmarc_ocm31916067
Jul 1, 2013 9:18:32 AM org.solrmarc.marc.MarcImporter importRecords
INFO: Added record 296 read from file: cnrmarc_ocm31916130
Jul 1, 2013 9:18:32 AM org.solrmarc.marc.MarcImporter importRecords
INFO: Added record 297 read from file: cnrmarc_ocm31924938
Jul 1, 2013 9:18:32 AM org.solrmarc.marc.MarcImporter importRecords
INFO: Added record 298 read from file: cnrmarc_ocm31955185
Jul 1, 2013 9:18:32 AM org.solrmarc.marc.MarcImporter importRecords
INFO: Added record 299 read from file: cnrmarc_ocm31955296
Jul 1, 2013 9:18:32 AM org.solrmarc.marc.MarcImporter importRecords
INFO: Added record 300 read from file: cnrmarc_ocm31955341
Jul 1, 2013 9:18:32 AM org.solrmarc.marc.MarcImporter importRecords
INFO: Added record 301 read from file: cnrmarc_ocm31977007
Jul 1, 2013 9:18:32 AM org.solrmarc.marc.MarcImporter importRecords
INFO: Added record 302 read from file: cnrmarc_ocm32000324
Jul 1, 2013 9:18:32 AM org.solrmarc.marc.MarcImporter importRecords
INFO: Added record 303 read from file: cnrmarc_ocm03206697
Jul 1, 2013 9:18:32 AM org.solrmarc.marc.MarcImporter importRecords
INFO: Added record 304 read from file: cnrmarc_ocm32074719
Jul 1, 2013 9:18:32 AM org.solrmarc.marc.MarcImporter importRecords
INFO: Added record 305 read from file: cnrmarc_ocm32076610
Jul 1, 2013 9:18:32 AM org.solrmarc.marc.MarcImporter importRecords
INFO: Added record 306 read from file: cnrmarc_ocm32076699
Jul 1, 2013 9:18:32 AM org.solrmarc.marc.MarcImporter importRecords
INFO: Added record 307 read from file: cnrmarc_ocm32096586
Jul 1, 2013 9:18:32 AM org.solrmarc.marc.MarcImporter importRecords
INFO: Added record 308 read from file: cnrmarc_ocm32096712
Jul 1, 2013 9:18:32 AM org.solrmarc.marc.MarcImporter importRecords
INFO: Added record 309 read from file: cnrmarc_ocm32096804
Jul 1, 2013 9:18:32 AM org.solrmarc.marc.MarcImporter importRecords
INFO: Added record 310 read from file: cnrmarc_ocm32155726
Jul 1, 2013 9:18:32 AM org.solrmarc.marc.MarcImporter importRecords
INFO: Added record 311 read from file: cnrmarc_ocm32155816
Jul 1, 2013 9:18:32 AM org.solrmarc.marc.MarcImporter importRecords
INFO: Added record 312 read from file: cnrmarc_ocm32155861
Jul 1, 2013 9:18:32 AM org.solrmarc.marc.MarcImporter importRecords
INFO: Added record 313 read from file: cnrmarc_ocm32155920
Jul 1, 2013 9:18:32 AM org.solrmarc.marc.MarcImporter importRecords
INFO: Added record 314 read from file: cnrmarc_ocm32156007
Jul 1, 2013 9:18:32 AM org.solrmarc.marc.MarcImporter importRecords
INFO: Added record 315 read from file: cnrmarc_ocm32156027
Jul 1, 2013 9:18:32 AM org.solrmarc.marc.MarcImporter importRecords
INFO: Added record 316 read from file: cnrmarc_ocm32156092
Jul 1, 2013 9:18:32 AM org.solrmarc.marc.MarcImporter importRecords
INFO: Added record 317 read from file: cnrmarc_ocm32156144
Jul 1, 2013 9:18:32 AM org.solrmarc.marc.MarcImporter importRecords
INFO: Added record 318 read from file: cnrmarc_ocm32156315
Jul 1, 2013 9:18:32 AM org.solrmarc.marc.MarcImporter importRecords
INFO: Added record 319 read from file: cnrmarc_ocm32156363
Jul 1, 2013 9:18:32 AM org.solrmarc.marc.MarcImporter importRecords
INFO: Added record 320 read from file: cnrmarc_ocm32156440
Jul 1, 2013 9:18:32 AM org.solrmarc.marc.MarcImporter importRecords
INFO: Added record 321 read from file: cnrmarc_ocm32171002
Jul 1, 2013 9:18:32 AM org.solrmarc.marc.MarcImporter importRecords
INFO: Added record 322 read from file: cnrmarc_ocm32171356
Jul 1, 2013 9:18:32 AM org.solrmarc.marc.MarcImporter importRecords
INFO: Added record 323 read from file: cnrmarc_ocm32172387
Jul 1, 2013 9:18:33 AM org.solrmarc.marc.MarcImporter importRecords
INFO: Added record 324 read from file: cnrmarc_ocm32172959
Jul 1, 2013 9:18:33 AM org.solrmarc.marc.MarcImporter importRecords
INFO: Added record 325 read from file: cnrmarc_ocm32173056
Jul 1, 2013 9:18:33 AM org.solrmarc.marc.MarcImporter importRecords
INFO: Added record 326 read from file: cnrmarc_ocm32173244
Jul 1, 2013 9:18:33 AM org.solrmarc.marc.MarcImporter importRecords
INFO: Added record 327 read from file: cnrmarc_ocm32173543
Jul 1, 2013 9:18:33 AM org.solrmarc.marc.MarcImporter importRecords
INFO: Added record 328 read from file: cnrmarc_ocm32173651
Jul 1, 2013 9:18:33 AM org.solrmarc.marc.MarcImporter importRecords
INFO: Added record 329 read from file: cnrmarc_ocm32173955
Jul 1, 2013 9:18:33 AM org.solrmarc.marc.MarcImporter importRecords
INFO: Added record 330 read from file: cnrmarc_ocm32191020
Jul 1, 2013 9:18:33 AM org.solrmarc.marc.MarcImporter importRecords
INFO: Added record 331 read from file: cnrmarc_ocm32269750
Jul 1, 2013 9:18:33 AM org.solrmarc.marc.MarcImporter importRecords
INFO: Added record 332 read from file: cnrmarc_ocm32272691
Jul 1, 2013 9:18:33 AM org.solrmarc.marc.MarcImporter importRecords
INFO: Added record 333 read from file: cnrmarc_ocm32296396
Jul 1, 2013 9:18:33 AM org.solrmarc.marc.MarcImporter importRecords
INFO: Added record 334 read from file: cnrmarc_ocm32296865
Jul 1, 2013 9:18:33 AM org.solrmarc.marc.MarcImporter importRecords
INFO: Added record 335 read from file: cnrmarc_ocm32297276
Jul 1, 2013 9:18:33 AM org.solrmarc.marc.MarcImporter importRecords
INFO: Added record 336 read from file: cnrmarc_ocm32328168
Jul 1, 2013 9:18:33 AM org.solrmarc.marc.MarcImporter importRecords
INFO: Added record 337 read from file: cnrmarc_ocm32328209
Jul 1, 2013 9:18:33 AM org.solrmarc.marc.MarcImporter importRecords
INFO: Added record 338 read from file: cnrmarc_ocm32328501
Jul 1, 2013 9:18:33 AM org.solrmarc.marc.MarcImporter importRecords
INFO: Added record 339 read from file: cnrmarc_ocm32328814
Jul 1, 2013 9:18:33 AM org.solrmarc.marc.MarcImporter importRecords
INFO: Added record 340 read from file: cnrmarc_ocm32328902
Jul 1, 2013 9:18:33 AM org.solrmarc.marc.MarcImporter importRecords
INFO: Added record 341 read from file: cnrmarc_ocm32469002
Jul 1, 2013 9:18:33 AM org.solrmarc.marc.MarcImporter importRecords
INFO: Added record 342 read from file: cnrmarc_ocm32517334
Jul 1, 2013 9:18:33 AM org.solrmarc.marc.MarcImporter importRecords
INFO: Added record 343 read from file: cnrmarc_ocm32517381
Jul 1, 2013 9:18:33 AM org.solrmarc.marc.MarcImporter importRecords
INFO: Added record 344 read from file: cnrmarc_ocm32517412
Jul 1, 2013 9:18:33 AM org.solrmarc.marc.MarcImporter importRecords
INFO: Added record 345 read from file: cnrmarc_ocm32517463
Jul 1, 2013 9:18:33 AM org.solrmarc.marc.MarcImporter importRecords
INFO: Added record 346 read from file: cnrmarc_ocm32517501
Jul 1, 2013 9:18:33 AM org.solrmarc.marc.MarcImporter importRecords
INFO: Added record 347 read from file: cnrmarc_ocm32517536
Jul 1, 2013 9:18:33 AM org.solrmarc.marc.MarcImporter importRecords
INFO: Added record 348 read from file: cnrmarc_ocm32517584
Jul 1, 2013 9:18:33 AM org.solrmarc.marc.MarcImporter importRecords
INFO: Added record 349 read from file: cnrmarc_ocm32517612
Jul 1, 2013 9:18:33 AM org.solrmarc.marc.MarcImporter importRecords
INFO: Added record 350 read from file: cnrmarc_ocm32530289
Jul 1, 2013 9:18:33 AM org.solrmarc.marc.MarcImporter importRecords
INFO: Added record 351 read from file: cnrmarc_ocm32530336
Jul 1, 2013 9:18:33 AM org.solrmarc.marc.MarcImporter importRecords
INFO: Added record 352 read from file: cnrmarc_ocm32530362
Jul 1, 2013 9:18:33 AM org.solrmarc.marc.MarcImporter importRecords
INFO: Added record 353 read from file: cnrmarc_ocm32531176
Jul 1, 2013 9:18:33 AM org.solrmarc.marc.MarcImporter importRecords
INFO: Added record 354 read from file: cnrmarc_ocm32535580
Jul 1, 2013 9:18:33 AM org.solrmarc.marc.MarcImporter importRecords
INFO: Added record 355 read from file: cnrmarc_ocm32582039
Jul 1, 2013 9:18:33 AM org.solrmarc.marc.MarcImporter importRecords
INFO: Added record 356 read from file: cnrmarc_ocm32582076
Jul 1, 2013 9:18:33 AM org.solrmarc.marc.MarcImporter importRecords
INFO: Added record 357 read from file: cnrmarc_ocm32582122
Jul 1, 2013 9:18:33 AM org.solrmarc.marc.MarcImporter importRecords
INFO: Added record 358 read from file: cnrmarc_ocm32582149
Jul 1, 2013 9:18:33 AM org.solrmarc.marc.MarcImporter importRecords
INFO: Added record 359 read from file: cnrmarc_ocm32582160
Jul 1, 2013 9:18:33 AM org.solrmarc.marc.MarcImporter importRecords
INFO: Added record 360 read from file: cnrmarc_ocm32616657
Jul 1, 2013 9:18:33 AM org.solrmarc.marc.MarcImporter importRecords
INFO: Added record 361 read from file: cnrmarc_ocm32616683
Jul 1, 2013 9:18:33 AM org.solrmarc.marc.MarcImporter importRecords
INFO: Added record 362 read from file: cnrmarc_ocm32616712
Jul 1, 2013 9:18:33 AM org.solrmarc.marc.MarcImporter importRecords
INFO: Added record 363 read from file: cnrmarc_ocm32616776
Jul 1, 2013 9:18:33 AM org.solrmarc.marc.MarcImporter importRecords
INFO: Added record 364 read from file: cnrmarc_ocm32616834
Jul 1, 2013 9:18:33 AM org.solrmarc.marc.MarcImporter importRecords
INFO: Added record 365 read from file: cnrmarc_ocm32616855
Jul 1, 2013 9:18:33 AM org.solrmarc.marc.MarcImporter importRecords
INFO: Added record 366 read from file: cnrmarc_ocm32616871
Jul 1, 2013 9:18:33 AM org.solrmarc.marc.MarcImporter importRecords
INFO: Added record 367 read from file: cnrmarc_ocm32616893
Jul 1, 2013 9:18:33 AM org.solrmarc.marc.MarcImporter importRecords
SEVERE: Error reading record: expected record terminator
org.marc4j.MarcException: expected record terminator
	at org.marc4j.MarcPermissiveStreamReader.parseRecord(MarcPermissiveStreamReader.java:863)
	at org.marc4j.MarcPermissiveStreamReader.next(MarcPermissiveStreamReader.java:307)
	at org.solrmarc.marc.MarcImporter.importRecords(MarcImporter.java:288)
	at org.solrmarc.marc.MarcImporter.handleAll(MarcImporter.java:572)
	at org.solrmarc.marc.MarcImporter.main(MarcImporter.java:832)
	at sun.reflect.NativeMethodAccessorImpl.invoke0(Native Method)
	at sun.reflect.NativeMethodAccessorImpl.invoke(NativeMethodAccessorImpl.java:39)
	at sun.reflect.DelegatingMethodAccessorImpl.invoke(DelegatingMethodAccessorImpl.java:25)
	at java.lang.reflect.Method.invoke(Method.java:597)
	at com.simontuffs.onejar.Boot.run(Boot.java:334)
	at com.simontuffs.onejar.Boot.main(Boot.java:170)
Jul 1, 2013 9:18:33 AM org.solrmarc.marc.MarcImporter importRecords
INFO: Added record 368 read from file: cnrmarc_ocm32616963
Jul 1, 2013 9:18:33 AM org.solrmarc.marc.MarcImporter importRecords
INFO: Added record 369 read from file: cnrmarc_ocm32616975
Jul 1, 2013 9:18:33 AM org.solrmarc.marc.MarcImporter importRecords
INFO: Added record 370 read from file: cnrmarc_ocm32616993
Jul 1, 2013 9:18:33 AM org.solrmarc.marc.MarcImporter importRecords
INFO: Added record 371 read from file: cnrmarc_ocm32617027
Jul 1, 2013 9:18:33 AM org.solrmarc.marc.MarcImporter importRecords
INFO: Added record 372 read from file: cnrmarc_ocm32617047
Jul 1, 2013 9:18:33 AM org.solrmarc.marc.MarcImporter importRecords
INFO: Added record 373 read from file: cnrmarc_ocm32617083
Jul 1, 2013 9:18:33 AM org.solrmarc.marc.MarcImporter importRecords
INFO: Added record 374 read from file: cnrmarc_ocm32617101
Jul 1, 2013 9:18:33 AM org.solrmarc.marc.MarcImporter importRecords
INFO: Added record 375 read from file: cnrmarc_ocm32617119
Jul 1, 2013 9:18:33 AM org.solrmarc.marc.MarcImporter importRecords
INFO: Added record 376 read from file: cnrmarc_ocm32617139
Jul 1, 2013 9:18:33 AM org.solrmarc.marc.MarcImporter importRecords
INFO: Added record 377 read from file: cnrmarc_ocm32617160
Jul 1, 2013 9:18:33 AM org.solrmarc.marc.MarcImporter importRecords
INFO: Added record 378 read from file: cnrmarc_ocm32617184
Jul 1, 2013 9:18:33 AM org.solrmarc.marc.MarcImporter importRecords
INFO: Added record 379 read from file: cnrmarc_ocm03266243
Jul 1, 2013 9:18:33 AM org.solrmarc.marc.MarcImporter importRecords
INFO: Added record 380 read from file: cnrmarc_ocm33028317
Jul 1, 2013 9:18:33 AM org.solrmarc.marc.MarcImporter importRecords
INFO: Added record 381 read from file: cnrmarc_ocm33028796
Jul 1, 2013 9:18:33 AM org.solrmarc.marc.MarcImporter importRecords
INFO: Added record 382 read from file: cnrmarc_ocm33028807
Jul 1, 2013 9:18:33 AM org.solrmarc.marc.MarcImporter importRecords
INFO: Added record 383 read from file: cnrmarc_ocm33029079
Jul 1, 2013 9:18:33 AM org.solrmarc.marc.MarcImporter importRecords
INFO: Added record 384 read from file: cnrmarc_ocm33030375
Jul 1, 2013 9:18:33 AM org.solrmarc.marc.MarcImporter importRecords
INFO: Added record 385 read from file: cnrmarc_ocm33030812
Jul 1, 2013 9:18:33 AM org.solrmarc.marc.MarcImporter importRecords
INFO: Added record 386 read from file: cnrmarc_ocm33031361
Jul 1, 2013 9:18:33 AM org.solrmarc.marc.MarcImporter importRecords
INFO: Added record 387 read from file: cnrmarc_ocm33033856
Jul 1, 2013 9:18:33 AM org.solrmarc.marc.MarcImporter importRecords
INFO: Added record 388 read from file: cnrmarc_ocm33083153
Jul 1, 2013 9:18:33 AM org.solrmarc.marc.MarcImporter importRecords
INFO: Added record 389 read from file: cnrmarc_ocm33216573
Jul 1, 2013 9:18:33 AM org.solrmarc.marc.MarcImporter importRecords
INFO: Added record 390 read from file: cnrmarc_ocm03324812
Jul 1, 2013 9:18:33 AM org.solrmarc.marc.MarcImporter importRecords
INFO: Added record 391 read from file: cnrmarc_ocm03345207
Jul 1, 2013 9:18:33 AM org.solrmarc.marc.MarcImporter importRecords
INFO: Added record 392 read from file: cnrmarc_ocm03352167
Jul 1, 2013 9:18:33 AM org.solrmarc.marc.MarcImporter importRecords
INFO: Added record 393 read from file: cnrmarc_ocm33665288
Jul 1, 2013 9:18:33 AM org.solrmarc.marc.MarcImporter importRecords
INFO: Added record 394 read from file: cnrmarc_ocm34074661
Jul 1, 2013 9:18:33 AM org.solrmarc.marc.MarcImporter importRecords
INFO: Added record 395 read from file: cnrmarc_ocm34074710
Jul 1, 2013 9:18:33 AM org.solrmarc.marc.MarcImporter importRecords
INFO: Added record 396 read from file: cnrmarc_ocm34074857
Jul 1, 2013 9:18:33 AM org.solrmarc.marc.MarcImporter importRecords
INFO: Added record 397 read from file: cnrmarc_ocm34583616
Jul 1, 2013 9:18:33 AM org.solrmarc.marc.MarcImporter importRecords
INFO: Added record 398 read from file: cnrmarc_ocm34676973
Jul 1, 2013 9:18:33 AM org.solrmarc.marc.MarcImporter importRecords
INFO: Added record 399 read from file: cnrmarc_ocm34704145
Jul 1, 2013 9:18:33 AM org.solrmarc.marc.MarcImporter importRecords
INFO: Added record 400 read from file: cnrmarc_ocm03476916
Jul 1, 2013 9:18:33 AM org.solrmarc.marc.MarcImporter importRecords
INFO: Added record 401 read from file: cnrmarc_ocm03484104
Jul 1, 2013 9:18:33 AM org.solrmarc.marc.MarcImporter importRecords
INFO: Added record 402 read from file: cnrmarc_ocm03484110
Jul 1, 2013 9:18:33 AM org.solrmarc.marc.MarcImporter importRecords
INFO: Added record 403 read from file: cnrmarc_ocm03500056
Jul 1, 2013 9:18:33 AM org.solrmarc.marc.MarcImporter importRecords
INFO: Added record 404 read from file: cnrmarc_ocm35084493
Jul 1, 2013 9:18:33 AM org.solrmarc.marc.MarcImporter importRecords
INFO: Added record 405 read from file: cnrmarc_ocm35110192
Jul 1, 2013 9:18:33 AM org.solrmarc.marc.MarcImporter importRecords
INFO: Added record 406 read from file: cnrmarc_ocm35191000
Jul 1, 2013 9:18:33 AM org.solrmarc.marc.MarcImporter importRecords
INFO: Added record 407 read from file: cnrmarc_ocm35249201
Jul 1, 2013 9:18:33 AM org.solrmarc.marc.MarcImporter importRecords
INFO: Added record 408 read from file: cnrmarc_ocm35249514
Jul 1, 2013 9:18:33 AM org.solrmarc.marc.MarcImporter importRecords
INFO: Added record 409 read from file: cnrmarc_ocm35675925
Jul 1, 2013 9:18:33 AM org.solrmarc.marc.MarcImporter importRecords
INFO: Added record 410 read from file: cnrmarc_ocm35677362
Jul 1, 2013 9:18:33 AM org.solrmarc.marc.MarcImporter importRecords
INFO: Added record 411 read from file: cnrmarc_ocm35677572
Jul 1, 2013 9:18:33 AM org.solrmarc.marc.MarcImporter importRecords
INFO: Added record 412 read from file: cnrmarc_ocm35678015
Jul 1, 2013 9:18:33 AM org.solrmarc.marc.MarcImporter importRecords
INFO: Added record 413 read from file: cnrmarc_ocm35678483
Jul 1, 2013 9:18:33 AM org.solrmarc.marc.MarcImporter importRecords
INFO: Added record 414 read from file: cnrmarc_ocm35678706
Jul 1, 2013 9:18:33 AM org.solrmarc.marc.MarcImporter importRecords
INFO: Added record 415 read from file: cnrmarc_ocm35696741
Jul 1, 2013 9:18:33 AM org.solrmarc.marc.MarcImporter importRecords
INFO: Added record 416 read from file: cnrmarc_ocm35699347
Jul 1, 2013 9:18:33 AM org.solrmarc.marc.MarcImporter importRecords
INFO: Added record 417 read from file: cnrmarc_ocm03587981
Jul 1, 2013 9:18:33 AM org.solrmarc.marc.MarcImporter importRecords
INFO: Added record 418 read from file: cnrmarc_ocm35886548
Jul 1, 2013 9:18:33 AM org.solrmarc.marc.MarcImporter importRecords
INFO: Added record 419 read from file: cnrmarc_ocm35923068
Jul 1, 2013 9:18:33 AM org.solrmarc.marc.MarcImporter importRecords
INFO: Added record 420 read from file: cnrmarc_ocm03610419
Jul 1, 2013 9:18:33 AM org.solrmarc.marc.MarcImporter importRecords
INFO: Added record 421 read from file: cnrmarc_ocm36179126
Jul 1, 2013 9:18:33 AM org.solrmarc.marc.MarcImporter importRecords
INFO: Added record 422 read from file: cnrmarc_ocm36183956
Jul 1, 2013 9:18:33 AM org.solrmarc.marc.MarcImporter importRecords
INFO: Added record 423 read from file: cnrmarc_ocm36187813
Jul 1, 2013 9:18:33 AM org.solrmarc.marc.MarcImporter importRecords
INFO: Added record 424 read from file: cnrmarc_ocm36198698
Jul 1, 2013 9:18:33 AM org.solrmarc.marc.MarcImporter importRecords
INFO: Added record 425 read from file: cnrmarc_ocm36209193
Jul 1, 2013 9:18:33 AM org.solrmarc.marc.MarcImporter importRecords
INFO: Added record 426 read from file: cnrmarc_ocm03636170
Jul 1, 2013 9:18:33 AM org.solrmarc.marc.MarcImporter importRecords
INFO: Added record 427 read from file: cnrmarc_ocm36654198
Jul 1, 2013 9:18:33 AM org.solrmarc.marc.MarcImporter importRecords
INFO: Added record 428 read from file: cnrmarc_ocm36654344
Jul 1, 2013 9:18:33 AM org.solrmarc.marc.MarcImporter importRecords
INFO: Added record 429 read from file: cnrmarc_ocm36875044
Jul 1, 2013 9:18:33 AM org.solrmarc.marc.MarcImporter importRecords
INFO: Added record 430 read from file: cnrmarc_ocm37127844
Jul 1, 2013 9:18:33 AM org.solrmarc.marc.MarcImporter importRecords
INFO: Added record 431 read from file: cnrmarc_ocm37532184
Jul 1, 2013 9:18:33 AM org.solrmarc.marc.MarcImporter importRecords
INFO: Added record 432 read from file: cnrmarc_ocm03753559
Jul 1, 2013 9:18:33 AM org.solrmarc.marc.MarcImporter importRecords
INFO: Added record 433 read from file: cnrmarc_ocm00382209
Jul 1, 2013 9:18:33 AM org.solrmarc.marc.MarcImporter importRecords
INFO: Added record 434 read from file: cnrmarc_ocm04100630
Jul 1, 2013 9:18:33 AM org.solrmarc.marc.MarcImporter importRecords
INFO: Added record 435 read from file: cnrmarc_ocm04316155
Jul 1, 2013 9:18:33 AM org.solrmarc.marc.MarcImporter importRecords
INFO: Added record 436 read from file: cnrmarc_ocm04345273
Jul 1, 2013 9:18:33 AM org.solrmarc.marc.MarcImporter importRecords
INFO: Added record 437 read from file: cnrmarc_ocm00449371
Jul 1, 2013 9:18:33 AM org.solrmarc.marc.MarcImporter importRecords
INFO: Added record 438 read from file: cnrmarc_ocm00450721
Jul 1, 2013 9:18:33 AM org.solrmarc.marc.MarcImporter importRecords
INFO: Added record 439 read from file: cnrmarc_ocm04534648
Jul 1, 2013 9:18:33 AM org.solrmarc.marc.MarcImporter importRecords
INFO: Added record 440 read from file: cnrmarc_ocm04594491
Jul 1, 2013 9:18:33 AM org.solrmarc.marc.MarcImporter importRecords
INFO: Added record 441 read from file: cnrmarc_ocm04677642
Jul 1, 2013 9:18:33 AM org.solrmarc.marc.MarcImporter importRecords
INFO: Added record 442 read from file: cnrmarc_ocm04684583
Jul 1, 2013 9:18:33 AM org.solrmarc.marc.MarcImporter importRecords
INFO: Added record 443 read from file: cnrmarc_ocm04776436
Jul 1, 2013 9:18:33 AM org.solrmarc.marc.MarcImporter importRecords
INFO: Added record 444 read from file: cnrmarc_ocm04889988
Jul 1, 2013 9:18:33 AM org.solrmarc.marc.MarcImporter importRecords
INFO: Added record 445 read from file: cnrmarc_ocm05136396
Jul 1, 2013 9:18:33 AM org.solrmarc.marc.MarcImporter importRecords
INFO: Added record 446 read from file: cnrmarc_ocm05300532
Jul 1, 2013 9:18:33 AM org.solrmarc.marc.MarcImporter importRecords
INFO: Added record 447 read from file: cnrmarc_ocm00592351
Jul 1, 2013 9:18:33 AM org.solrmarc.marc.MarcImporter importRecords
INFO: Added record 448 read from file: cnrmarc_ocm00607910
Jul 1, 2013 9:18:33 AM org.solrmarc.marc.MarcImporter importRecords
INFO: Added record 449 read from file: cnrmarc_ocm06455619
Jul 1, 2013 9:18:33 AM org.solrmarc.marc.MarcImporter importRecords
INFO: Added record 450 read from file: cnrmarc_ocm06543533
Jul 1, 2013 9:18:33 AM org.solrmarc.marc.MarcImporter importRecords
INFO: Added record 451 read from file: cnrmarc_ocm06858175
Jul 1, 2013 9:18:33 AM org.solrmarc.marc.MarcImporter importRecords
INFO: Added record 452 read from file: cnrmarc_ocm00688414
Jul 1, 2013 9:18:33 AM org.solrmarc.marc.MarcImporter importRecords
INFO: Added record 453 read from file: cnrmarc_ocm07113053
Jul 1, 2013 9:18:33 AM org.solrmarc.marc.MarcImporter importRecords
INFO: Added record 454 read from file: cnrmarc_ocm07212620
Jul 1, 2013 9:18:33 AM org.solrmarc.marc.MarcImporter importRecords
INFO: Added record 455 read from file: cnrmarc_ocm07361440
Jul 1, 2013 9:18:33 AM org.solrmarc.marc.MarcImporter importRecords
INFO: Added record 456 read from file: cnrmarc_ocm07452864
Jul 1, 2013 9:18:33 AM org.solrmarc.marc.MarcImporter importRecords
INFO: Added record 457 read from file: cnrmarc_ocm07633232
Jul 1, 2013 9:18:33 AM org.solrmarc.marc.MarcImporter importRecords
INFO: Added record 458 read from file: cnrmarc_ocm07726855
Jul 1, 2013 9:18:33 AM org.solrmarc.marc.MarcImporter importRecords
INFO: Added record 459 read from file: cnrmarc_ocm07769325
Jul 1, 2013 9:18:33 AM org.solrmarc.marc.MarcImporter importRecords
INFO: Added record 460 read from file: cnrmarc_ocm07850072
Jul 1, 2013 9:18:33 AM org.solrmarc.marc.MarcImporter importRecords
INFO: Added record 461 read from file: cnrmarc_ocm07891899
Jul 1, 2013 9:18:33 AM org.solrmarc.marc.MarcImporter importRecords
INFO: Added record 462 read from file: cnrmarc_ocm07965530
Jul 1, 2013 9:18:33 AM org.solrmarc.marc.MarcImporter importRecords
INFO: Added record 463 read from file: cnrmarc_ocm08136692
Jul 1, 2013 9:18:33 AM org.solrmarc.marc.MarcImporter importRecords
INFO: Added record 464 read from file: cnrmarc_ocm00828815
Jul 1, 2013 9:18:33 AM org.solrmarc.marc.MarcImporter importRecords
INFO: Added record 465 read from file: cnrmarc_ocm08296846
Jul 1, 2013 9:18:33 AM org.solrmarc.marc.MarcImporter importRecords
INFO: Added record 466 read from file: cnrmarc_ocm08299766
Jul 1, 2013 9:18:33 AM org.solrmarc.marc.MarcImporter importRecords
INFO: Added record 467 read from file: cnrmarc_ocm08332891
Jul 1, 2013 9:18:33 AM org.solrmarc.marc.MarcImporter importRecords
INFO: Added record 468 read from file: cnrmarc_ocm08336329
Jul 1, 2013 9:18:33 AM org.solrmarc.marc.MarcImporter importRecords
INFO: Added record 469 read from file: cnrmarc_ocm08397673
Jul 1, 2013 9:18:33 AM org.solrmarc.marc.MarcImporter importRecords
INFO: Added record 470 read from file: cnrmarc_ocm00864434
Jul 1, 2013 9:18:33 AM org.solrmarc.marc.MarcImporter importRecords
INFO: Added record 471 read from file: cnrmarc_ocm00867093
Jul 1, 2013 9:18:33 AM org.solrmarc.marc.MarcImporter importRecords
INFO: Added record 472 read from file: cnrmarc_ocm08672070
Jul 1, 2013 9:18:33 AM org.solrmarc.marc.MarcImporter importRecords
INFO: Added record 473 read from file: cnrmarc_ocm08782345
Jul 1, 2013 9:18:33 AM org.solrmarc.marc.MarcImporter importRecords
INFO: Added record 474 read from file: cnrmarc_ocm08859096
Jul 1, 2013 9:18:33 AM org.solrmarc.marc.MarcImporter importRecords
INFO: Added record 475 read from file: cnrmarc_ocm09122353
Jul 1, 2013 9:18:33 AM org.solrmarc.marc.MarcImporter importRecords
INFO: Added record 476 read from file: cnrmarc_ocm00925326
Jul 1, 2013 9:18:33 AM org.solrmarc.marc.MarcImporter importRecords
INFO: Added record 477 read from file: cnrmarc_ocm09509573
Jul 1, 2013 9:18:33 AM org.solrmarc.marc.MarcImporter importRecords
INFO: Added record 478 read from file: cnrmarc_ocm09670413
Jul 1, 2013 9:18:33 AM org.solrmarc.marc.MarcImporter importRecords
INFO: Added record 479 read from file: cnrmarc_ocm33900026
Jul 1, 2013 9:18:33 AM org.solrmarc.marc.MarcImporter importRecords
INFO: Added record 480 read from file: cnrmarc_ocm21351166
Jul 1, 2013 9:18:33 AM org.solrmarc.marc.MarcImporter importRecords
INFO: Added record 481 read from file: cnrmarc_ocm35995854
Jul 1, 2013 9:18:33 AM org.solrmarc.marc.MarcImporter importRecords
INFO: Added record 482 read from file: cnrmarc_ocm36260164
Jul 1, 2013 9:18:33 AM org.solrmarc.marc.MarcImporter importRecords
INFO: Added record 483 read from file: cnrmarc_ocm33310357
Jul 1, 2013 9:18:33 AM org.solrmarc.marc.MarcImporter importRecords
INFO: Added record 484 read from file: cnrmarc_ocm38592141
Jul 1, 2013 9:18:33 AM org.solrmarc.marc.MarcImporter importRecords
INFO: Added record 485 read from file: cnrmarc_ocm03914518
Jul 1, 2013 9:18:33 AM org.solrmarc.marc.MarcImporter importRecords
INFO: Added record 486 read from file: cnrmarc_ocm38168305
Jul 1, 2013 9:18:33 AM org.solrmarc.marc.MarcImporter importRecords
INFO: Added record 487 read from file: cnrmarc_ocm42019069
Jul 1, 2013 9:18:33 AM org.solrmarc.marc.MarcImporter importRecords
INFO: Added record 488 read from file: cnrmarc_ocm42019105
Jul 1, 2013 9:18:33 AM org.solrmarc.marc.MarcImporter importRecords
INFO: Added record 489 read from file: cnrmarc_ocm42018000
Jul 1, 2013 9:18:33 AM org.solrmarc.marc.MarcImporter importRecords
INFO: Added record 490 read from file: cnrmarc_ocm42017960
Jul 1, 2013 9:18:33 AM org.solrmarc.marc.MarcImporter importRecords
INFO: Added record 491 read from file: cnrmarc_ocm42017647
Jul 1, 2013 9:18:33 AM org.solrmarc.marc.MarcImporter importRecords
INFO: Added record 492 read from file: cnrmarc_ocm34304486
Jul 1, 2013 9:18:33 AM org.solrmarc.marc.MarcImporter importRecords
INFO: Added record 493 read from file: cnrmarc_ocm06611350
Jul 1, 2013 9:18:33 AM org.solrmarc.marc.MarcImporter importRecords
INFO: Added record 494 read from file: cnrmarc_ocm26520629
Jul 1, 2013 9:18:33 AM org.solrmarc.marc.MarcImporter importRecords
INFO: Added record 495 read from file: cnrmarc_ocm42557606
Jul 1, 2013 9:18:33 AM org.solrmarc.marc.MarcImporter importRecords
INFO: Added record 496 read from file: cnrmarc_ocm39051954
Jul 1, 2013 9:18:33 AM org.solrmarc.marc.MarcImporter importRecords
SEVERE: Error reading record: expected record terminator
org.marc4j.MarcException: expected record terminator
	at org.marc4j.MarcPermissiveStreamReader.parseRecord(MarcPermissiveStreamReader.java:863)
	at org.marc4j.MarcPermissiveStreamReader.next(MarcPermissiveStreamReader.java:307)
	at org.solrmarc.marc.MarcImporter.importRecords(MarcImporter.java:288)
	at org.solrmarc.marc.MarcImporter.handleAll(MarcImporter.java:572)
	at org.solrmarc.marc.MarcImporter.main(MarcImporter.java:832)
	at sun.reflect.NativeMethodAccessorImpl.invoke0(Native Method)
	at sun.reflect.NativeMethodAccessorImpl.invoke(NativeMethodAccessorImpl.java:39)
	at sun.reflect.DelegatingMethodAccessorImpl.invoke(DelegatingMethodAccessorImpl.java:25)
	at java.lang.reflect.Method.invoke(Method.java:597)
	at com.simontuffs.onejar.Boot.run(Boot.java:334)
	at com.simontuffs.onejar.Boot.main(Boot.java:170)
Jul 1, 2013 9:18:33 AM org.solrmarc.marc.MarcImporter importRecords
INFO: Added record 497 read from file: cnrmarc_ocm42953199
Jul 1, 2013 9:18:33 AM org.solrmarc.marc.MarcImporter importRecords
INFO: Added record 498 read from file: cnrmarc_ocm23555769
Jul 1, 2013 9:18:33 AM org.solrmarc.marc.MarcImporter importRecords
INFO: Added record 499 read from file: cnrmarc_ocm43474033
Jul 1, 2013 9:18:33 AM org.solrmarc.marc.MarcImporter importRecords
INFO: Added record 500 read from file: cnrmarc_ocm43474161
Jul 1, 2013 9:18:33 AM org.solrmarc.marc.MarcImporter importRecords
INFO: Added record 501 read from file: cnrmarc_ocm43477612
Jul 1, 2013 9:18:33 AM org.solrmarc.marc.MarcImporter importRecords
INFO: Added record 502 read from file: cnrmarc_ocm43477962
Jul 1, 2013 9:18:33 AM org.solrmarc.marc.MarcImporter importRecords
INFO: Added record 503 read from file: cnrmarc_ocm41223267
Jul 1, 2013 9:18:33 AM org.solrmarc.marc.MarcImporter importRecords
INFO: Added record 504 read from file: cnrmarc_ocm42843567
Jul 1, 2013 9:18:33 AM org.solrmarc.marc.MarcImporter importRecords
INFO: Added record 505 read from file: cnrmarc_ocm43704473
Jul 1, 2013 9:18:33 AM org.solrmarc.marc.MarcImporter importRecords
INFO: Added record 506 read from file: cnrmarc_ocm44012501
Jul 1, 2013 9:18:33 AM org.solrmarc.marc.MarcImporter importRecords
INFO: Added record 507 read from file: cnrmarc_ocm02785312
Jul 1, 2013 9:18:33 AM org.solrmarc.marc.MarcImporter importRecords
INFO: Added record 508 read from file: cnrmarc_ocm46462642
Jul 1, 2013 9:18:33 AM org.solrmarc.marc.MarcImporter importRecords
INFO: Added record 509 read from file: cnrmarc_ocm37554528
Jul 1, 2013 9:18:33 AM org.solrmarc.marc.MarcImporter importRecords
INFO: Added record 510 read from file: cnrmarc_ocm71222441
Jul 1, 2013 9:18:33 AM org.solrmarc.marc.MarcImporter importRecords
INFO: Added record 511 read from file: cnrmarc_ocm48548421
Jul 1, 2013 9:18:33 AM org.solrmarc.marc.MarcImporter importRecords
INFO: Added record 512 read from file: cnrmarc_ocm44489167
Jul 1, 2013 9:18:33 AM org.solrmarc.marc.MarcImporter importRecords
INFO: Added record 513 read from file: cnrmarc_ocm02769509
Jul 1, 2013 9:18:33 AM org.solrmarc.marc.MarcImporter importRecords
INFO: Added record 514 read from file: cnrmarc_ocm53455488
Jul 1, 2013 9:18:33 AM org.solrmarc.marc.MarcImporter importRecords
INFO: Added record 515 read from file: cnrmarc_ocm39759668
Jul 1, 2013 9:18:33 AM org.solrmarc.marc.MarcImporter importRecords
INFO: Added record 516 read from file: cnrmarc_ocm32470544
Jul 1, 2013 9:18:33 AM org.solrmarc.marc.MarcImporter importRecords
INFO: Added record 517 read from file: cnrmarc_ocm54402035
Jul 1, 2013 9:18:33 AM org.solrmarc.marc.MarcImporter importRecords
INFO: Added record 518 read from file: cnrmarc_ocm44266228
Jul 1, 2013 9:18:33 AM org.solrmarc.marc.MarcImporter importRecords
INFO: Added record 519 read from file: cnrmarc_ocm40686034
Jul 1, 2013 9:18:33 AM org.solrmarc.marc.MarcImporter importRecords
INFO: Added record 520 read from file: cnrmarc_ocm51520720
Jul 1, 2013 9:18:33 AM org.solrmarc.marc.MarcImporter importRecords
INFO: Added record 521 read from file: cnrmarc_ocm46617761
Jul 1, 2013 9:18:33 AM org.solrmarc.marc.MarcImporter importRecords
INFO: Added record 522 read from file: cnrmarc_ocm47790992
Jul 1, 2013 9:18:33 AM org.solrmarc.marc.MarcImporter importRecords
INFO: Added record 523 read from file: cnrmarc_ocm62509083
Jul 1, 2013 9:18:33 AM org.solrmarc.marc.MarcImporter importRecords
INFO: Added record 524 read from file: cnrmarc_ocm29792811
Jul 1, 2013 9:18:33 AM org.solrmarc.marc.MarcImporter importRecords
INFO: Added record 525 read from file: cnrmarc_ocm70511984
Jul 1, 2013 9:18:33 AM org.solrmarc.marc.MarcImporter importRecords
INFO: Added record 526 read from file: cnrmarc_ocm61895347
Jul 1, 2013 9:18:33 AM org.solrmarc.marc.MarcImporter importRecords
INFO: Added record 527 read from file: cnrmarc_ocm39760552
Jul 1, 2013 9:18:33 AM org.solrmarc.marc.MarcImporter importRecords
INFO: Added record 528 read from file: cnrmarc_ocm71222926
Jul 1, 2013 9:18:33 AM org.solrmarc.marc.MarcImporter importRecords
INFO: Added record 529 read from file: cnrmarc_ocm39760497
Jul 1, 2013 9:18:33 AM org.solrmarc.marc.MarcImporter importRecords
INFO: Added record 530 read from file: cnrmarc_ocm67182216
Jul 1, 2013 9:18:33 AM org.solrmarc.marc.MarcImporter importRecords
INFO: Added record 531 read from file: cnrmarc_ocm56334576
Jul 1, 2013 9:18:33 AM org.solrmarc.marc.MarcImporter importRecords
INFO: Added record 532 read from file: cnrmarc_ocm71223627
Jul 1, 2013 9:18:33 AM org.solrmarc.marc.MarcImporter importRecords
INFO: Added record 533 read from file: cnrmarc_ocm71223421
Jul 1, 2013 9:18:33 AM org.solrmarc.marc.MarcImporter importRecords
INFO: Added record 534 read from file: cnrmarc_ocm71223684
Jul 1, 2013 9:18:33 AM org.solrmarc.marc.MarcImporter importRecords
INFO: Added record 535 read from file: cnrmarc_ocm71221914
Jul 1, 2013 9:18:33 AM org.solrmarc.marc.MarcImporter importRecords
INFO: Added record 536 read from file: cnrmarc_ocm71214070
Jul 1, 2013 9:18:33 AM org.solrmarc.marc.MarcImporter importRecords
INFO: Added record 537 read from file: cnrmarc_ocm71221896
Jul 1, 2013 9:18:33 AM org.solrmarc.marc.MarcImporter importRecords
INFO: Added record 538 read from file: cnrmarc_ocm71193912
Jul 1, 2013 9:18:33 AM org.solrmarc.marc.MarcImporter importRecords
INFO: Added record 539 read from file: cnrmarc_ocm71193991
Jul 1, 2013 9:18:33 AM org.solrmarc.marc.MarcImporter importRecords
INFO: Added record 540 read from file: cnrmarc_ocm62512698
Jul 1, 2013 9:18:33 AM org.solrmarc.marc.MarcImporter importRecords
INFO: Added record 541 read from file: cnrmarc_ocm65216242
Jul 1, 2013 9:18:33 AM org.solrmarc.marc.MarcImporter importRecords
INFO: Added record 542 read from file: cnrmarc_ocm53925505
Jul 1, 2013 9:18:33 AM org.solrmarc.marc.MarcImporter importRecords
INFO: Added record 543 read from file: cnrmarc_ocm71194024
Jul 1, 2013 9:18:33 AM org.solrmarc.marc.MarcImporter importRecords
INFO: Added record 544 read from file: cnrmarc_ocm65016284
Jul 1, 2013 9:18:33 AM org.solrmarc.marc.MarcImporter importRecords
INFO: Added record 545 read from file: cnrmarc_ocm71222229
Jul 1, 2013 9:18:33 AM org.solrmarc.marc.MarcImporter importRecords
INFO: Added record 546 read from file: cnrmarc_ocm61768195
Jul 1, 2013 9:18:33 AM org.solrmarc.marc.MarcImporter importRecords
INFO: Added record 547 read from file: cnrmarc_ocm70265473
Jul 1, 2013 9:18:33 AM org.solrmarc.marc.MarcImporter importRecords
INFO: Added record 548 read from file: cnrmarc_ocm84847612
Jul 1, 2013 9:18:33 AM org.solrmarc.marc.MarcImporter importRecords
INFO: Added record 549 read from file: cnrmarc_ocm84846850
Jul 1, 2013 9:18:33 AM org.solrmarc.marc.MarcImporter importRecords
INFO: Added record 550 read from file: cnrmarc_ocm84847372
Jul 1, 2013 9:18:33 AM org.solrmarc.marc.MarcImporter importRecords
INFO: Added record 551 read from file: cnrmarc_ocm84847187
Jul 1, 2013 9:18:33 AM org.solrmarc.marc.MarcImporter importRecords
INFO: Added record 552 read from file: cnrmarc_ocm84847809
Jul 1, 2013 9:18:33 AM org.solrmarc.marc.MarcImporter importRecords
INFO: Added record 553 read from file: cnrmarc_ocm56348675
Jul 1, 2013 9:18:33 AM org.solrmarc.marc.MarcImporter importRecords
INFO: Added record 554 read from file: cnrmarc_ocm47921043
Jul 1, 2013 9:18:33 AM org.solrmarc.marc.MarcImporter importRecords
INFO: Added record 555 read from file: cnrmarc_ocm84846585
Jul 1, 2013 9:18:33 AM org.solrmarc.marc.MarcImporter importRecords
INFO: Added record 556 read from file: cnrmarc_ocm60401742
Jul 1, 2013 9:18:33 AM org.solrmarc.marc.MarcImporter importRecords
INFO: Added record 557 read from file: cnrmarc_ocm64591981
Jul 1, 2013 9:18:33 AM org.solrmarc.marc.MarcImporter importRecords
INFO: Added record 558 read from file: cnrmarc_ocm76811908
Jul 1, 2013 9:18:33 AM org.solrmarc.marc.MarcImporter importRecords
INFO: Added record 559 read from file: cnrmarc_ocm71842615
Jul 1, 2013 9:18:33 AM org.solrmarc.marc.MarcImporter importRecords
INFO: Added record 560 read from file: cnrmarc_ocm61147075
Jul 1, 2013 9:18:33 AM org.solrmarc.marc.MarcImporter importRecords
INFO: Added record 561 read from file: cnrmarc_ocm74029192
Jul 1, 2013 9:18:33 AM org.solrmarc.marc.MarcImporter importRecords
INFO: Added record 562 read from file: cnrmarc_ocm54500696
Jul 1, 2013 9:18:33 AM org.solrmarc.marc.MarcImporter importRecords
INFO: Added record 563 read from file: cnrmarc_ocm61851609
Jul 1, 2013 9:18:34 AM org.solrmarc.marc.MarcImporter importRecords
INFO: Added record 564 read from file: cnrmarc_ocm09176549
Jul 1, 2013 9:18:34 AM org.solrmarc.marc.MarcImporter importRecords
INFO: Added record 565 read from file: cnrmarc_ocm57362567
Jul 1, 2013 9:18:34 AM org.solrmarc.marc.MarcImporter importRecords
SEVERE: Error reading record: error parsing data field for tag: 998 with data: 08  azgursb11-05-08cmdae-ffregquch0
org.marc4j.MarcException: error parsing data field for tag: 998 with data: 08  azgursb11-05-08cmdae-ffregquch0
	at org.marc4j.MarcPermissiveStreamReader.parseRecord(MarcPermissiveStreamReader.java:844)
	at org.marc4j.MarcPermissiveStreamReader.next(MarcPermissiveStreamReader.java:307)
	at org.solrmarc.marc.MarcImporter.importRecords(MarcImporter.java:288)
	at org.solrmarc.marc.MarcImporter.handleAll(MarcImporter.java:572)
	at org.solrmarc.marc.MarcImporter.main(MarcImporter.java:832)
	at sun.reflect.NativeMethodAccessorImpl.invoke0(Native Method)
	at sun.reflect.NativeMethodAccessorImpl.invoke(NativeMethodAccessorImpl.java:39)
	at sun.reflect.DelegatingMethodAccessorImpl.invoke(DelegatingMethodAccessorImpl.java:25)
	at java.lang.reflect.Method.invoke(Method.java:597)
	at com.simontuffs.onejar.Boot.run(Boot.java:334)
	at com.simontuffs.onejar.Boot.main(Boot.java:170)
Caused by: java.io.IOException: unexpected end of data field
	at org.marc4j.MarcPermissiveStreamReader.parseDataField(MarcPermissiveStreamReader.java:1070)
	at org.marc4j.MarcPermissiveStreamReader.parseRecord(MarcPermissiveStreamReader.java:842)
	... 10 more
Jul 1, 2013 9:18:34 AM org.solrmarc.marc.MarcImporter importRecords
INFO: Added record 566 read from file: cnrmarc_ocm49681268
Jul 1, 2013 9:18:34 AM org.solrmarc.marc.MarcImporter importRecords
INFO: Added record 567 read from file: cnrmarc_ocm62928049
Jul 1, 2013 9:18:34 AM org.solrmarc.marc.MarcImporter importRecords
INFO: Added record 568 read from file: cnrmarc_ocm41535854
Jul 1, 2013 9:18:34 AM org.solrmarc.marc.MarcImporter importRecords
INFO: Added record 569 read from file: cnrmarc_ocn461299605
Jul 1, 2013 9:18:34 AM org.solrmarc.marc.MarcImporter importRecords
INFO: Added record 570 read from file: cnrmarc_ocm32847856
Jul 1, 2013 9:18:34 AM org.solrmarc.marc.MarcImporter importRecords
INFO: Added record 571 read from file: cnrmarc_ocn778990721
Jul 1, 2013 9:18:34 AM org.solrmarc.marc.MarcImporter importRecords
INFO: Added record 572 read from file: cnrmarc_ocm38403657
Jul 1, 2013 9:18:34 AM org.solrmarc.marc.MarcImporter importRecords
INFO: Added record 573 read from file: cnrmarc_ocn796757526
Jul 1, 2013 9:18:34 AM org.solrmarc.marc.MarcImporter importRecords
INFO: Added record 574 read from file: cnrmarc_ocn610156619
Jul 1, 2013 9:18:34 AM org.solrmarc.marc.MarcImporter importRecords
INFO: Added record 575 read from file: cnrmarc_ocn758921990
Jul 1, 2013 9:18:34 AM org.solrmarc.marc.MarcImporter importRecords
INFO: Added record 576 read from file: cnrmarc_ocn271858821
Jul 1, 2013 9:18:34 AM org.solrmarc.marc.MarcImporter importRecords
INFO: Added record 577 read from file: cnrmarc_ocm27012203
Jul 1, 2013 9:18:34 AM org.solrmarc.marc.MarcImporter handleAll
INFO:  Adding 577 of 577 documents to index
Jul 1, 2013 9:18:34 AM org.solrmarc.marc.MarcImporter handleAll
INFO:  Deleting 0 documents from index
Jul 1, 2013 9:18:34 AM org.solrmarc.marc.MarcImporter finish
INFO: Calling commit (with optimize set to false)
Jul 1, 2013 9:18:34 AM org.solrmarc.marc.MarcImporter finish
INFO: Done with the commit, closing Solr
Jul 1, 2013 9:18:34 AM org.solrmarc.marc.MarcImporter finish
INFO: Setting Solr closed flag
Jul 1, 2013 9:18:34 AM org.solrmarc.marc.MarcImporter signalServer
INFO: Connecting to solr server at URL: http://localhost:8081/solr/biblio/update
Jul 1, 2013 9:18:35 AM org.solrmarc.tools.SolrUpdate signalServer
INFO: <?xml version="1.0" encoding="UTF-8"?>
Jul 1, 2013 9:18:35 AM org.solrmarc.tools.SolrUpdate signalServer
INFO: <response>
Jul 1, 2013 9:18:35 AM org.solrmarc.tools.SolrUpdate signalServer
INFO: <lst name="responseHeader"><int name="status">0</int><int name="QTime">380</int></lst>
Jul 1, 2013 9:18:35 AM org.solrmarc.tools.SolrUpdate signalServer
INFO: </response>
Jul 1, 2013 9:18:35 AM org.solrmarc.marc.MarcImporter$MyShutdownThread run
INFO: Starting Shutdown hook
