Mar 13, 2013 11:37:15 AM org.solrmarc.marc.MarcImporter main
INFO: Starting SolrMarc indexing.
Mar 13, 2013 11:37:15 AM org.solrmarc.tools.Utils getPropertyFileInputStream
INFO: Opening file: /shared/cportal_prod/data/vufind/import/import.properties
Mar 13, 2013 11:37:15 AM org.solrmarc.marc.MarcImporter getSolrServerProxy
INFO:  Updating to Solr index at /shared/cportal_prod/data/vufind/solr
Mar 13, 2013 11:37:15 AM org.solrmarc.marc.MarcImporter getSolrServerProxy
INFO:      Using Solr core biblio
Mar 13, 2013 11:37:15 AM org.solrmarc.solr.SolrCoreLoader loadEmbeddedCore
INFO: Using the multicore schema file at : /shared/cportal_prod/data/vufind/solr/solr.xml
Mar 13, 2013 11:37:15 AM org.solrmarc.solr.SolrCoreLoader loadEmbeddedCore
INFO: Using the biblio core
Mar 13, 2013 11:37:15 AM org.solrmarc.solr.SolrCoreLoader loadEmbeddedCore
INFO: Using the data directory of: /shared/cportal_prod/data/vufind/solr/biblio
Mar 13, 2013 11:37:16 AM org.solrmarc.marc.MarcHandler loadReader
INFO: Attempting to open data file: /shared/cportal_prod/data/crra/marc-updated/dep.marc
Mar 13, 2013 11:37:17 AM org.solrmarc.marc.MarcImporter importRecords
INFO: Added record 1 read from file: depmarc_796803
Mar 13, 2013 11:37:17 AM org.solrmarc.marc.MarcImporter importRecords
INFO: Added record 2 read from file: depmarc_ocm01535254 
Mar 13, 2013 11:37:17 AM org.solrmarc.marc.MarcImporter importRecords
INFO: Added record 3 read from file: depmarc_ocm03405574 
Mar 13, 2013 11:37:17 AM org.solrmarc.marc.MarcImporter importRecords
INFO: Added record 4 read from file: depmarc_ocm04275716 
Mar 13, 2013 11:37:17 AM org.solrmarc.marc.MarcImporter importRecords
INFO: Added record 5 read from file: depmarc_ocm05835202 
Mar 13, 2013 11:37:17 AM org.solrmarc.marc.MarcImporter importRecords
INFO: Added record 6 read from file: depmarc_ocm03863944 
Mar 13, 2013 11:37:17 AM org.solrmarc.marc.MarcImporter importRecords
INFO: Added record 7 read from file: depmarc_ocm39386121 
Mar 13, 2013 11:37:17 AM org.solrmarc.marc.MarcImporter importRecords
INFO: Added record 8 read from file: depmarc_ocm07361403 
Mar 13, 2013 11:37:17 AM org.solrmarc.marc.MarcImporter importRecords
INFO: Added record 9 read from file: depmarc_ocm30571596 
Mar 13, 2013 11:37:17 AM org.solrmarc.marc.MarcImporter importRecords
INFO: Added record 10 read from file: depmarc_ocm12100990 
Mar 13, 2013 11:37:17 AM org.solrmarc.marc.MarcImporter importRecords
INFO: Added record 11 read from file: depmarc_ocm01285282 
Mar 13, 2013 11:37:17 AM org.solrmarc.marc.MarcImporter importRecords
INFO: Added record 12 read from file: depmarc_ocn191243344
Mar 13, 2013 11:37:17 AM org.solrmarc.marc.MarcImporter importRecords
INFO: Added record 13 read from file: depmarc_ocm50913360 
Mar 13, 2013 11:37:17 AM org.solrmarc.marc.MarcImporter importRecords
INFO: Added record 14 read from file: depmarc_ocm20430894 
Mar 13, 2013 11:37:17 AM org.solrmarc.marc.MarcImporter importRecords
INFO: Added record 15 read from file: depmarc_ocm80316472 
Mar 13, 2013 11:37:17 AM org.solrmarc.marc.MarcImporter importRecords
INFO: Added record 16 read from file: depmarc_ocm05862702 
Mar 13, 2013 11:37:17 AM org.solrmarc.marc.MarcImporter importRecords
INFO: Added record 17 read from file: depmarc_ocm08332891 
Mar 13, 2013 11:37:17 AM org.solrmarc.marc.MarcImporter importRecords
INFO: Added record 18 read from file: depmarc_ocm28842065 
Mar 13, 2013 11:37:17 AM org.solrmarc.marc.MarcImporter importRecords
INFO: Added record 19 read from file: depmarc_ocm04265099 
Mar 13, 2013 11:37:17 AM org.solrmarc.marc.MarcImporter importRecords
INFO: Added record 20 read from file: depmarc_ocm06647279 
Mar 13, 2013 11:37:17 AM org.solrmarc.marc.MarcImporter importRecords
INFO: Added record 21 read from file: depmarc_ocm70587500 
Mar 13, 2013 11:37:17 AM org.solrmarc.marc.MarcImporter handleAll
INFO:  Adding 21 of 21 documents to index
Mar 13, 2013 11:37:17 AM org.solrmarc.marc.MarcImporter handleAll
INFO:  Deleting 0 documents from index
Mar 13, 2013 11:37:17 AM org.solrmarc.marc.MarcImporter finish
INFO: Calling commit (with optimize set to false)
Mar 13, 2013 11:37:17 AM org.solrmarc.marc.MarcImporter finish
INFO: Done with the commit, closing Solr
Mar 13, 2013 11:37:17 AM org.solrmarc.marc.MarcImporter finish
INFO: Setting Solr closed flag
Mar 13, 2013 11:37:17 AM org.solrmarc.marc.MarcImporter signalServer
INFO: Connecting to solr server at URL: http://localhost:8081/solr/biblio/update
Mar 13, 2013 11:37:17 AM org.solrmarc.tools.SolrUpdate signalServer
INFO: <?xml version="1.0" encoding="UTF-8"?>
Mar 13, 2013 11:37:17 AM org.solrmarc.tools.SolrUpdate signalServer
INFO: <response>
Mar 13, 2013 11:37:17 AM org.solrmarc.tools.SolrUpdate signalServer
INFO: <lst name="responseHeader"><int name="status">0</int><int name="QTime">41</int></lst>
Mar 13, 2013 11:37:17 AM org.solrmarc.tools.SolrUpdate signalServer
INFO: </response>
