Jan 16, 2013 12:28:03 PM org.solrmarc.marc.MarcImporter main
INFO: Starting SolrMarc indexing.
Jan 16, 2013 12:28:03 PM org.solrmarc.tools.Utils getPropertyFileInputStream
INFO: Opening file: /shared/cportal_prod/data/vufind/import/import.properties
Jan 16, 2013 12:28:03 PM org.solrmarc.marc.MarcImporter getSolrServerProxy
INFO:  Updating to Solr index at /shared/cportal_prod/data/vufind/solr
Jan 16, 2013 12:28:03 PM org.solrmarc.marc.MarcImporter getSolrServerProxy
INFO:      Using Solr core biblio
Jan 16, 2013 12:28:03 PM org.solrmarc.solr.SolrCoreLoader loadEmbeddedCore
INFO: Using the multicore schema file at : /shared/cportal_prod/data/vufind/solr/solr.xml
Jan 16, 2013 12:28:03 PM org.solrmarc.solr.SolrCoreLoader loadEmbeddedCore
INFO: Using the biblio core
Jan 16, 2013 12:28:03 PM org.solrmarc.solr.SolrCoreLoader loadEmbeddedCore
INFO: Using the data directory of: /shared/cportal_prod/data/vufind/solr/biblio
Jan 16, 2013 12:28:04 PM org.solrmarc.marc.MarcHandler loadReader
INFO: Attempting to open data file: /shared/cportal_prod/data/crra/marc-updated/dom.marc
Jan 16, 2013 12:28:04 PM org.solrmarc.marc.MarcImporter importRecords
INFO: Added record 1 read from file: dommarc_ocn424457151
Jan 16, 2013 12:28:04 PM org.solrmarc.marc.MarcImporter importRecords
INFO: Added record 2 read from file: dommarc_ocn417337285
Jan 16, 2013 12:28:04 PM org.solrmarc.marc.MarcImporter importRecords
INFO: Added record 3 read from file: dommarc_ocn417335845
Jan 16, 2013 12:28:04 PM org.solrmarc.marc.MarcImporter importRecords
INFO: Added record 4 read from file: dommarc_ocn417335846
Jan 16, 2013 12:28:04 PM org.solrmarc.marc.MarcImporter importRecords
INFO: Added record 5 read from file: dommarc_ocn471775671
Jan 16, 2013 12:28:04 PM org.solrmarc.marc.MarcImporter importRecords
INFO: Added record 6 read from file: dommarc_ocn417337286
Jan 16, 2013 12:28:04 PM org.solrmarc.marc.MarcImporter importRecords
INFO: Added record 7 read from file: dommarc_ocn424459540
Jan 16, 2013 12:28:04 PM org.solrmarc.marc.MarcImporter importRecords
INFO: Added record 8 read from file: dommarc_ocn417341845
Jan 16, 2013 12:28:04 PM org.solrmarc.marc.MarcImporter importRecords
INFO: Added record 9 read from file: dommarc_ocn424457146
Jan 16, 2013 12:28:04 PM org.solrmarc.marc.MarcImporter importRecords
INFO: Added record 10 read from file: dommarc_ocn424449949
Jan 16, 2013 12:28:04 PM org.solrmarc.marc.MarcImporter importRecords
INFO: Added record 11 read from file: dommarc_ocn471775682
Jan 16, 2013 12:28:04 PM org.solrmarc.marc.MarcImporter importRecords
INFO: Added record 12 read from file: dommarc_ocn424457147
Jan 16, 2013 12:28:04 PM org.solrmarc.marc.MarcImporter importRecords
INFO: Added record 13 read from file: dommarc_ocn271686680
Jan 16, 2013 12:28:04 PM org.solrmarc.marc.MarcImporter importRecords
INFO: Added record 14 read from file: dommarc_ocn417343520
Jan 16, 2013 12:28:04 PM org.solrmarc.marc.MarcImporter importRecords
INFO: Added record 15 read from file: dommarc_ocn424449947
Jan 16, 2013 12:28:04 PM org.solrmarc.marc.MarcImporter importRecords
INFO: Added record 16 read from file: dommarc_ocn424457148
Jan 16, 2013 12:28:04 PM org.solrmarc.marc.MarcImporter importRecords
INFO: Added record 17 read from file: dommarc_ocn417343521
Jan 16, 2013 12:28:04 PM org.solrmarc.marc.MarcImporter importRecords
INFO: Added record 18 read from file: dommarc_ocn263174721
Jan 16, 2013 12:28:04 PM org.solrmarc.marc.MarcImporter importRecords
INFO: Added record 19 read from file: dommarc_ocn424457150
Jan 16, 2013 12:28:04 PM org.solrmarc.marc.MarcImporter importRecords
INFO: Added record 20 read from file: dommarc_ocn271676396
Jan 16, 2013 12:28:04 PM org.solrmarc.marc.MarcImporter importRecords
INFO: Added record 21 read from file: dommarc_ocn424457149
Jan 16, 2013 12:28:04 PM org.solrmarc.marc.MarcImporter importRecords
INFO: Added record 22 read from file: dommarc_ocn424449946
Jan 16, 2013 12:28:04 PM org.solrmarc.marc.MarcImporter importRecords
INFO: Added record 23 read from file: dommarc_ocn417342562
Jan 16, 2013 12:28:04 PM org.solrmarc.marc.MarcImporter importRecords
INFO: Added record 24 read from file: dommarc_ocn263148655
Jan 16, 2013 12:28:04 PM org.solrmarc.marc.MarcImporter importRecords
INFO: Added record 25 read from file: dommarc_ocn263151368
Jan 16, 2013 12:28:04 PM org.solrmarc.marc.MarcImporter importRecords
INFO: Added record 26 read from file: dommarc_ocn471776785
Jan 16, 2013 12:28:04 PM org.solrmarc.marc.MarcImporter importRecords
INFO: Added record 27 read from file: dommarc_ocn263148624
Jan 16, 2013 12:28:04 PM org.solrmarc.marc.MarcImporter importRecords
INFO: Added record 28 read from file: dommarc_ocn471775689
Jan 16, 2013 12:28:04 PM org.solrmarc.marc.MarcImporter importRecords
INFO: Added record 29 read from file: dommarc_ocn417336329
Jan 16, 2013 12:28:04 PM org.solrmarc.marc.MarcImporter importRecords
INFO: Added record 30 read from file: dommarc_ocn471777920
Jan 16, 2013 12:28:04 PM org.solrmarc.marc.MarcImporter importRecords
INFO: Added record 31 read from file: dommarc_ocn471772838
Jan 16, 2013 12:28:04 PM org.solrmarc.marc.MarcImporter importRecords
INFO: Added record 32 read from file: dommarc_ocn639280470
Jan 16, 2013 12:28:04 PM org.solrmarc.marc.MarcImporter importRecords
INFO: Added record 33 read from file: dommarc_ocn263176707
Jan 16, 2013 12:28:04 PM org.solrmarc.marc.MarcImporter importRecords
INFO: Added record 34 read from file: dommarc_ocn423421760
Jan 16, 2013 12:28:04 PM org.solrmarc.marc.MarcImporter importRecords
INFO: Added record 35 read from file: dommarc_ocn423402998
Jan 16, 2013 12:28:04 PM org.solrmarc.marc.MarcImporter importRecords
INFO: Added record 36 read from file: dommarc_ocn471874579
Jan 16, 2013 12:28:04 PM org.solrmarc.marc.MarcImporter importRecords
INFO: Added record 37 read from file: dommarc_ocn471875926
Jan 16, 2013 12:28:04 PM org.solrmarc.marc.MarcImporter importRecords
INFO: Added record 38 read from file: dommarc_ocn471876603
Jan 16, 2013 12:28:04 PM org.solrmarc.marc.MarcImporter importRecords
INFO: Added record 39 read from file: dommarc_ocn417337281
Jan 16, 2013 12:28:04 PM org.solrmarc.marc.MarcImporter importRecords
INFO: Added record 40 read from file: dommarc_ocn263148720
Jan 16, 2013 12:28:04 PM org.solrmarc.marc.MarcImporter importRecords
INFO: Added record 41 read from file: dommarc_ocn263148699
Jan 16, 2013 12:28:04 PM org.solrmarc.marc.MarcImporter importRecords
INFO: Added record 42 read from file: dommarc_ocn271686668
Jan 16, 2013 12:28:04 PM org.solrmarc.marc.MarcImporter importRecords
INFO: Added record 43 read from file: dommarc_ocn471874587
Jan 16, 2013 12:28:04 PM org.solrmarc.marc.MarcImporter importRecords
INFO: Added record 44 read from file: dommarc_ocn471874593
Jan 16, 2013 12:28:04 PM org.solrmarc.marc.MarcImporter importRecords
INFO: Added record 45 read from file: dommarc_ocn471874598
Jan 16, 2013 12:28:04 PM org.solrmarc.marc.MarcImporter importRecords
INFO: Added record 46 read from file: dommarc_ocn471878430
Jan 16, 2013 12:28:04 PM org.solrmarc.marc.MarcImporter importRecords
INFO: Added record 47 read from file: dommarc_ocn471877460
Jan 16, 2013 12:28:04 PM org.solrmarc.marc.MarcImporter importRecords
INFO: Added record 48 read from file: dommarc_ocn263178605
Jan 16, 2013 12:28:04 PM org.solrmarc.marc.MarcImporter importRecords
INFO: Added record 49 read from file: dommarc_ocn263177986
Jan 16, 2013 12:28:04 PM org.solrmarc.marc.MarcImporter importRecords
INFO: Added record 50 read from file: dommarc_ocm05176233 
Jan 16, 2013 12:28:04 PM org.solrmarc.marc.MarcImporter importRecords
INFO: Added record 51 read from file: dommarc_ocm06293430 
Jan 16, 2013 12:28:04 PM org.solrmarc.marc.MarcImporter importRecords
INFO: Added record 52 read from file: dommarc_ocm03590716 
Jan 16, 2013 12:28:04 PM org.solrmarc.marc.MarcImporter importRecords
INFO: Added record 53 read from file: dommarc_ocm06293341 
Jan 16, 2013 12:28:04 PM org.solrmarc.marc.MarcImporter importRecords
INFO: Added record 54 read from file: dommarc_ocm05176302 
Jan 16, 2013 12:28:04 PM org.solrmarc.marc.MarcImporter importRecords
INFO: Added record 55 read from file: dommarc_ocm06309288 
Jan 16, 2013 12:28:04 PM org.solrmarc.marc.MarcImporter importRecords
INFO: Added record 56 read from file: dommarc_ocm06309263 
Jan 16, 2013 12:28:04 PM org.solrmarc.marc.MarcImporter importRecords
INFO: Added record 57 read from file: dommarc_ocn471875810
Jan 16, 2013 12:28:04 PM org.solrmarc.marc.MarcImporter importRecords
INFO: Added record 58 read from file: dommarc_ocn471874602
Jan 16, 2013 12:28:04 PM org.solrmarc.marc.MarcImporter importRecords
INFO: Added record 59 read from file: dommarc_ocn263178605
Jan 16, 2013 12:28:04 PM org.solrmarc.marc.MarcImporter importRecords
INFO: Added record 60 read from file: dommarc_ocn263176837
Jan 16, 2013 12:28:04 PM org.solrmarc.marc.MarcImporter importRecords
INFO: Added record 61 read from file: dommarc_ocn639280448
Jan 16, 2013 12:28:04 PM org.solrmarc.marc.MarcImporter importRecords
INFO: Added record 62 read from file: dommarc_ocn474931094
Jan 16, 2013 12:28:04 PM org.solrmarc.marc.MarcImporter importRecords
INFO: Added record 63 read from file: dommarc_ocn474952008
Jan 16, 2013 12:28:04 PM org.solrmarc.marc.MarcImporter importRecords
INFO: Added record 64 read from file: dommarc_ocn263182202
Jan 16, 2013 12:28:04 PM org.solrmarc.marc.MarcImporter importRecords
INFO: Added record 65 read from file: dommarc_ocn474960933
Jan 16, 2013 12:28:04 PM org.solrmarc.marc.MarcImporter importRecords
INFO: Added record 66 read from file: dommarc_ocn263182196
Jan 16, 2013 12:28:04 PM org.solrmarc.marc.MarcImporter importRecords
INFO: Added record 67 read from file: dommarc_ocn474952032
Jan 16, 2013 12:28:04 PM org.solrmarc.marc.MarcImporter importRecords
INFO: Added record 68 read from file: dommarc_ocn474962552
Jan 16, 2013 12:28:04 PM org.solrmarc.marc.MarcImporter importRecords
INFO: Added record 69 read from file: dommarc_ocn417335842
Jan 16, 2013 12:28:04 PM org.solrmarc.marc.MarcImporter importRecords
INFO: Added record 70 read from file: dommarc_ocn474952081
Jan 16, 2013 12:28:04 PM org.solrmarc.marc.MarcImporter importRecords
INFO: Added record 71 read from file: dommarc_ocn263174196
Jan 16, 2013 12:28:04 PM org.solrmarc.marc.MarcImporter importRecords
INFO: Added record 72 read from file: dommarc_ocn474952095
Jan 16, 2013 12:28:04 PM org.solrmarc.marc.MarcImporter importRecords
INFO: Added record 73 read from file: dommarc_ocn474952099
Jan 16, 2013 12:28:04 PM org.solrmarc.marc.MarcImporter importRecords
INFO: Added record 74 read from file: dommarc_ocn474952099
Jan 16, 2013 12:28:04 PM org.solrmarc.marc.MarcImporter importRecords
INFO: Added record 75 read from file: dommarc_ocn263177554
Jan 16, 2013 12:28:04 PM org.solrmarc.marc.MarcImporter importRecords
INFO: Added record 76 read from file: dommarc_ocn474963362
Jan 16, 2013 12:28:04 PM org.solrmarc.marc.MarcImporter importRecords
INFO: Added record 77 read from file: dommarc_ocn474963365
Jan 16, 2013 12:28:04 PM org.solrmarc.marc.MarcImporter importRecords
INFO: Added record 78 read from file: dommarc_ocn474952119
Jan 16, 2013 12:28:04 PM org.solrmarc.marc.MarcImporter importRecords
INFO: Added record 79 read from file: dommarc_ocn474952123
Jan 16, 2013 12:28:04 PM org.solrmarc.marc.MarcImporter importRecords
INFO: Added record 80 read from file: dommarc_ocn639286632
Jan 16, 2013 12:28:04 PM org.solrmarc.marc.MarcImporter importRecords
INFO: Added record 81 read from file: dommarc_ocn263093248
Jan 16, 2013 12:28:04 PM org.solrmarc.marc.MarcImporter importRecords
INFO: Added record 82 read from file: dommarc_ocn474952134
Jan 16, 2013 12:28:04 PM org.solrmarc.marc.MarcImporter importRecords
INFO: Added record 83 read from file: dommarc_ocn474952134
Jan 16, 2013 12:28:04 PM org.solrmarc.marc.MarcImporter importRecords
INFO: Added record 84 read from file: dommarc_ocn474952139
Jan 16, 2013 12:28:05 PM org.solrmarc.marc.MarcImporter importRecords
INFO: Added record 85 read from file: dommarc_ocn474952145
Jan 16, 2013 12:28:05 PM org.solrmarc.marc.MarcImporter importRecords
INFO: Added record 86 read from file: dommarc_ocn474968654
Jan 16, 2013 12:28:05 PM org.solrmarc.marc.MarcImporter importRecords
INFO: Added record 87 read from file: dommarc_ocn639280402
Jan 16, 2013 12:28:05 PM org.solrmarc.marc.MarcImporter importRecords
INFO: Added record 88 read from file: dommarc_ocn263093271
Jan 16, 2013 12:28:05 PM org.solrmarc.marc.MarcImporter importRecords
INFO: Added record 89 read from file: dommarc_ocn417335844
Jan 16, 2013 12:28:05 PM org.solrmarc.marc.MarcImporter importRecords
INFO: Added record 90 read from file: dommarc_ocn263027185
Jan 16, 2013 12:28:05 PM org.solrmarc.marc.MarcImporter importRecords
INFO: Added record 91 read from file: dommarc_ocm03590700 
Jan 16, 2013 12:28:05 PM org.solrmarc.marc.MarcImporter importRecords
INFO: Added record 92 read from file: dommarc_ocm03590710 
Jan 16, 2013 12:28:05 PM org.solrmarc.marc.MarcImporter importRecords
INFO: Added record 93 read from file: dommarc_ocm06293425 
Jan 16, 2013 12:28:05 PM org.solrmarc.marc.MarcImporter importRecords
INFO: Added record 94 read from file: dommarc_ocm05176298 
Jan 16, 2013 12:28:05 PM org.solrmarc.marc.MarcImporter importRecords
INFO: Added record 95 read from file: dommarc_ocm05176247 
Jan 16, 2013 12:28:05 PM org.solrmarc.marc.MarcImporter importRecords
INFO: Added record 96 read from file: dommarc_ocm08013885 
Jan 16, 2013 12:28:05 PM org.solrmarc.marc.MarcImporter importRecords
INFO: Added record 97 read from file: dommarc_ocm06293417 
Jan 16, 2013 12:28:05 PM org.solrmarc.marc.MarcImporter importRecords
INFO: Added record 98 read from file: dommarc_ocm06293306 
Jan 16, 2013 12:28:05 PM org.solrmarc.marc.MarcImporter importRecords
INFO: Added record 99 read from file: dommarc_ocm06293352 
Jan 16, 2013 12:28:05 PM org.solrmarc.marc.MarcImporter importRecords
INFO: Added record 100 read from file: dommarc_ocm05176275 
Jan 16, 2013 12:28:05 PM org.solrmarc.marc.MarcImporter importRecords
INFO: Added record 101 read from file: dommarc_ocm06293300 
Jan 16, 2013 12:28:05 PM org.solrmarc.marc.MarcImporter importRecords
INFO: Added record 102 read from file: dommarc_ocm06293436 
Jan 16, 2013 12:28:05 PM org.solrmarc.marc.MarcImporter importRecords
INFO: Added record 103 read from file: dommarc_ocm03590683 
Jan 16, 2013 12:28:05 PM org.solrmarc.marc.MarcImporter importRecords
INFO: Added record 104 read from file: dommarc_ocn263151289
Jan 16, 2013 12:28:05 PM org.solrmarc.marc.MarcImporter importRecords
INFO: Added record 105 read from file: dommarc_ocm06293360 
Jan 16, 2013 12:28:05 PM org.solrmarc.marc.MarcImporter importRecords
INFO: Added record 106 read from file: dommarc_ocm08002970 
Jan 16, 2013 12:28:05 PM org.solrmarc.marc.MarcImporter importRecords
INFO: Added record 107 read from file: dommarc_ocm03590690 
Jan 16, 2013 12:28:05 PM org.solrmarc.marc.MarcImporter importRecords
INFO: Added record 108 read from file: dommarc_ocm06293291 
Jan 16, 2013 12:28:05 PM org.solrmarc.marc.MarcImporter importRecords
INFO: Added record 109 read from file: dommarc_ocm06293346 
Jan 16, 2013 12:28:05 PM org.solrmarc.marc.MarcImporter importRecords
INFO: Added record 110 read from file: dommarc_ocm03590692 
Jan 16, 2013 12:28:05 PM org.solrmarc.marc.MarcImporter importRecords
INFO: Added record 111 read from file: dommarc_ocm03590708 
Jan 16, 2013 12:28:05 PM org.solrmarc.marc.MarcImporter importRecords
INFO: Added record 112 read from file: dommarc_ocm05176281 
Jan 16, 2013 12:28:05 PM org.solrmarc.marc.MarcImporter importRecords
INFO: Added record 113 read from file: dommarc_ocm03590665 
Jan 16, 2013 12:28:05 PM org.solrmarc.marc.MarcImporter importRecords
INFO: Added record 114 read from file: dommarc_ocm06309314 
Jan 16, 2013 12:28:05 PM org.solrmarc.marc.MarcImporter handleAll
INFO:  Adding 114 of 114 documents to index
Jan 16, 2013 12:28:05 PM org.solrmarc.marc.MarcImporter handleAll
INFO:  Deleting 0 documents from index
Jan 16, 2013 12:28:05 PM org.solrmarc.marc.MarcImporter finish
INFO: Calling commit (with optimize set to false)
Jan 16, 2013 12:28:05 PM org.solrmarc.marc.MarcImporter finish
INFO: Done with the commit, closing Solr
Jan 16, 2013 12:28:05 PM org.solrmarc.marc.MarcImporter finish
INFO: Setting Solr closed flag
Jan 16, 2013 12:28:05 PM org.solrmarc.marc.MarcImporter signalServer
INFO: Connecting to solr server at URL: http://localhost:8081/solr/biblio/update
Jan 16, 2013 12:29:07 PM org.solrmarc.tools.SolrUpdate signalServer
INFO: <?xml version="1.0" encoding="UTF-8"?>
Jan 16, 2013 12:29:07 PM org.solrmarc.tools.SolrUpdate signalServer
INFO: <response>
Jan 16, 2013 12:29:07 PM org.solrmarc.tools.SolrUpdate signalServer
INFO: <lst name="responseHeader"><int name="status">0</int><int name="QTime">62304</int></lst>
Jan 16, 2013 12:29:07 PM org.solrmarc.tools.SolrUpdate signalServer
INFO: </response>
