Jan 23, 2013 4:31:40 PM org.solrmarc.marc.MarcImporter main
INFO: Starting SolrMarc indexing.
Jan 23, 2013 4:31:40 PM org.solrmarc.tools.Utils getPropertyFileInputStream
INFO: Opening file: /shared/cportal_prod/data/vufind/import/import.properties
Jan 23, 2013 4:31:40 PM org.solrmarc.marc.MarcImporter getSolrServerProxy
INFO:  Updating to Solr index at /shared/cportal_prod/data/vufind/solr
Jan 23, 2013 4:31:40 PM org.solrmarc.marc.MarcImporter getSolrServerProxy
INFO:      Using Solr core biblio
Jan 23, 2013 4:31:40 PM org.solrmarc.solr.SolrCoreLoader loadEmbeddedCore
INFO: Using the multicore schema file at : /shared/cportal_prod/data/vufind/solr/solr.xml
Jan 23, 2013 4:31:40 PM org.solrmarc.solr.SolrCoreLoader loadEmbeddedCore
INFO: Using the biblio core
Jan 23, 2013 4:31:40 PM org.solrmarc.solr.SolrCoreLoader loadEmbeddedCore
INFO: Using the data directory of: /shared/cportal_prod/data/vufind/solr/biblio
Jan 23, 2013 4:31:41 PM org.solrmarc.marc.MarcHandler loadReader
INFO: Attempting to open data file: /shared/cportal_prod/data/crra/marc-updated/luw.marc
Jan 23, 2013 4:31:41 PM org.solrmarc.marc.MarcImporter importRecords
INFO: Added record 1 read from file: luwmarc_1031090
Jan 23, 2013 4:31:41 PM org.solrmarc.marc.MarcImporter importRecords
INFO: Added record 2 read from file: luwmarc_1031089
Jan 23, 2013 4:31:41 PM org.solrmarc.marc.MarcImporter importRecords
INFO: Added record 3 read from file: luwmarc_1425042
Jan 23, 2013 4:31:41 PM org.solrmarc.marc.MarcImporter importRecords
INFO: Added record 4 read from file: luwmarc_1425045
Jan 23, 2013 4:31:41 PM org.solrmarc.marc.MarcImporter importRecords
INFO: Added record 5 read from file: luwmarc_1177809
Jan 23, 2013 4:31:41 PM org.solrmarc.marc.MarcImporter importRecords
INFO: Added record 6 read from file: luwmarc_1428719
Jan 23, 2013 4:31:41 PM org.solrmarc.marc.MarcImporter importRecords
INFO: Added record 7 read from file: luwmarc_1047617
Jan 23, 2013 4:31:41 PM org.solrmarc.marc.MarcImporter importRecords
INFO: Added record 8 read from file: luwmarc_1421007
Jan 23, 2013 4:31:41 PM org.solrmarc.marc.MarcImporter importRecords
INFO: Added record 9 read from file: luwmarc_1177806
Jan 23, 2013 4:31:41 PM org.solrmarc.marc.MarcImporter importRecords
INFO: Added record 10 read from file: luwmarc_1177867
Jan 23, 2013 4:31:41 PM org.solrmarc.marc.MarcImporter importRecords
INFO: Added record 11 read from file: luwmarc_1703935
Jan 23, 2013 4:31:41 PM org.solrmarc.marc.MarcImporter importRecords
INFO: Added record 12 read from file: luwmarc_1419688
Jan 23, 2013 4:31:41 PM org.solrmarc.marc.MarcImporter importRecords
INFO: Added record 13 read from file: luwmarc_1428800
Jan 23, 2013 4:31:41 PM org.solrmarc.marc.MarcImporter importRecords
INFO: Added record 14 read from file: luwmarc_1420791
Jan 23, 2013 4:31:41 PM org.solrmarc.marc.MarcImporter importRecords
INFO: Added record 15 read from file: luwmarc_1177223
Jan 23, 2013 4:31:41 PM org.solrmarc.marc.MarcImporter importRecords
INFO: Added record 16 read from file: luwmarc_1424672
Jan 23, 2013 4:31:42 PM org.solrmarc.marc.MarcImporter importRecords
INFO: Added record 17 read from file: luwmarc_1424674
Jan 23, 2013 4:31:42 PM org.solrmarc.marc.MarcImporter importRecords
INFO: Added record 18 read from file: luwmarc_1031088
Jan 23, 2013 4:31:42 PM org.solrmarc.marc.MarcImporter importRecords
INFO: Added record 19 read from file: luwmarc_1031182
Jan 23, 2013 4:31:42 PM org.solrmarc.marc.MarcImporter importRecords
INFO: Added record 20 read from file: luwmarc_1425036
Jan 23, 2013 4:31:42 PM org.solrmarc.marc.MarcImporter importRecords
INFO: Added record 21 read from file: luwmarc_1177752
Jan 23, 2013 4:31:42 PM org.solrmarc.marc.MarcImporter importRecords
INFO: Added record 22 read from file: luwmarc_1177747
Jan 23, 2013 4:31:42 PM org.solrmarc.marc.MarcImporter importRecords
INFO: Added record 23 read from file: luwmarc_1703917
Jan 23, 2013 4:31:42 PM org.solrmarc.marc.MarcImporter importRecords
INFO: Added record 24 read from file: luwmarc_1703931
Jan 23, 2013 4:31:42 PM org.solrmarc.marc.MarcImporter importRecords
INFO: Added record 25 read from file: luwmarc_1703940
Jan 23, 2013 4:31:42 PM org.solrmarc.marc.MarcImporter importRecords
INFO: Added record 26 read from file: luwmarc_1703942
Jan 23, 2013 4:31:42 PM org.solrmarc.marc.MarcImporter importRecords
INFO: Added record 27 read from file: luwmarc_1419635
Jan 23, 2013 4:31:42 PM org.solrmarc.marc.MarcImporter importRecords
INFO: Added record 28 read from file: luwmarc_1425038
Jan 23, 2013 4:31:42 PM org.solrmarc.marc.MarcImporter importRecords
INFO: Added record 29 read from file: luwmarc_1177750
Jan 23, 2013 4:31:42 PM org.solrmarc.marc.MarcImporter importRecords
INFO: Added record 30 read from file: luwmarc_1177746
Jan 23, 2013 4:31:42 PM org.solrmarc.marc.MarcImporter importRecords
INFO: Added record 31 read from file: luwmarc_1177797
Jan 23, 2013 4:31:42 PM org.solrmarc.marc.MarcImporter importRecords
INFO: Added record 32 read from file: luwmarc_1177865
Jan 23, 2013 4:31:42 PM org.solrmarc.marc.MarcImporter importRecords
INFO: Added record 33 read from file: luwmarc_1048305
Jan 23, 2013 4:31:42 PM org.solrmarc.marc.MarcImporter importRecords
INFO: Added record 34 read from file: luwmarc_1048306
Jan 23, 2013 4:31:42 PM org.solrmarc.marc.MarcImporter importRecords
INFO: Added record 35 read from file: luwmarc_1425029
Jan 23, 2013 4:31:42 PM org.solrmarc.marc.MarcImporter importRecords
INFO: Added record 36 read from file: luwmarc_1425032
Jan 23, 2013 4:31:42 PM org.solrmarc.marc.MarcImporter importRecords
INFO: Added record 37 read from file: luwmarc_1177756
Jan 23, 2013 4:31:42 PM org.solrmarc.marc.MarcImporter importRecords
INFO: Added record 38 read from file: luwmarc_1177795
Jan 23, 2013 4:31:42 PM org.solrmarc.marc.MarcImporter importRecords
INFO: Added record 39 read from file: luwmarc_1703933
Jan 23, 2013 4:31:42 PM org.solrmarc.marc.MarcImporter importRecords
INFO: Added record 40 read from file: luwmarc_1703941
Jan 23, 2013 4:31:42 PM org.solrmarc.marc.MarcImporter importRecords
INFO: Added record 41 read from file: luwmarc_1420053
Jan 23, 2013 4:31:42 PM org.solrmarc.marc.MarcImporter importRecords
INFO: Added record 42 read from file: luwmarc_1031086
Jan 23, 2013 4:31:42 PM org.solrmarc.marc.MarcImporter importRecords
INFO: Added record 43 read from file: luwmarc_1177298
Jan 23, 2013 4:31:42 PM org.solrmarc.marc.MarcImporter importRecords
INFO: Added record 44 read from file: luwmarc_1703938
Jan 23, 2013 4:31:42 PM org.solrmarc.marc.MarcImporter importRecords
INFO: Added record 45 read from file: luwmarc_1420790
Jan 23, 2013 4:31:42 PM org.solrmarc.marc.MarcImporter importRecords
INFO: Added record 46 read from file: luwmarc_1428799
Jan 23, 2013 4:31:42 PM org.solrmarc.marc.MarcImporter importRecords
INFO: Added record 47 read from file: luwmarc_1177716
Jan 23, 2013 4:31:42 PM org.solrmarc.marc.MarcImporter importRecords
INFO: Added record 48 read from file: luwmarc_1177757
Jan 23, 2013 4:31:42 PM org.solrmarc.marc.MarcImporter importRecords
INFO: Added record 49 read from file: luwmarc_1433691
Jan 23, 2013 4:31:42 PM org.solrmarc.marc.MarcImporter importRecords
INFO: Added record 50 read from file: luwmarc_1424857
Jan 23, 2013 4:31:42 PM org.solrmarc.marc.MarcImporter importRecords
INFO: Added record 51 read from file: luwmarc_1424675
Jan 23, 2013 4:31:42 PM org.solrmarc.marc.MarcImporter importRecords
INFO: Added record 52 read from file: luwmarc_1048307
Jan 23, 2013 4:31:42 PM org.solrmarc.marc.MarcImporter importRecords
INFO: Added record 53 read from file: luwmarc_1425033
Jan 23, 2013 4:31:42 PM org.solrmarc.marc.MarcImporter handleAll
INFO:  Adding 53 of 53 documents to index
Jan 23, 2013 4:31:42 PM org.solrmarc.marc.MarcImporter handleAll
INFO:  Deleting 0 documents from index
Jan 23, 2013 4:31:42 PM org.solrmarc.marc.MarcImporter finish
INFO: Calling commit (with optimize set to false)
Jan 23, 2013 4:31:42 PM org.solrmarc.marc.MarcImporter finish
INFO: Done with the commit, closing Solr
Jan 23, 2013 4:31:42 PM org.solrmarc.marc.MarcImporter finish
INFO: Setting Solr closed flag
Jan 23, 2013 4:31:42 PM org.solrmarc.marc.MarcImporter signalServer
INFO: Connecting to solr server at URL: http://localhost:8081/solr/biblio/update
Jan 23, 2013 4:31:44 PM org.solrmarc.tools.SolrUpdate signalServer
INFO: <?xml version="1.0" encoding="UTF-8"?>
Jan 23, 2013 4:31:44 PM org.solrmarc.tools.SolrUpdate signalServer
INFO: <response>
Jan 23, 2013 4:31:44 PM org.solrmarc.tools.SolrUpdate signalServer
INFO: <lst name="responseHeader"><int name="status">0</int><int name="QTime">1452</int></lst>
Jan 23, 2013 4:31:44 PM org.solrmarc.tools.SolrUpdate signalServer
INFO: </response>
Jan 23, 2013 4:31:44 PM org.solrmarc.marc.MarcImporter$MyShutdownThread run
INFO: Starting Shutdown hook
