Jul 1, 2013 9:28:45 AM org.solrmarc.marc.MarcImporter main
INFO: Starting SolrMarc indexing.
Jul 1, 2013 9:28:45 AM org.solrmarc.tools.Utils getPropertyFileInputStream
INFO: Opening file: /shared/cportal_prod/data/vufind/import/import.properties
Jul 1, 2013 9:28:45 AM org.solrmarc.marc.MarcImporter getSolrServerProxy
INFO:  Updating to Solr index at /shared/cportal_prod/data/vufind/solr
Jul 1, 2013 9:28:45 AM org.solrmarc.marc.MarcImporter getSolrServerProxy
INFO:      Using Solr core biblio
Jul 1, 2013 9:28:45 AM org.solrmarc.solr.SolrCoreLoader loadEmbeddedCore
INFO: Using the multicore schema file at : /shared/cportal_prod/data/vufind/solr/solr.xml
Jul 1, 2013 9:28:45 AM org.solrmarc.solr.SolrCoreLoader loadEmbeddedCore
INFO: Using the biblio core
Jul 1, 2013 9:28:45 AM org.solrmarc.solr.SolrCoreLoader loadEmbeddedCore
INFO: Using the data directory of: /shared/cportal_prod/data/vufind/solr/biblio
Jul 1, 2013 9:28:46 AM org.solrmarc.marc.MarcHandler loadReader
INFO: Attempting to open data file: /shared/cportal_prod/data/crra/marc-updated/reg.marc
Jul 1, 2013 9:28:47 AM org.solrmarc.marc.MarcImporter importRecords
INFO: Added record 1 read from file: regmarc_ocm05347494
Jul 1, 2013 9:28:47 AM org.solrmarc.marc.MarcImporter importRecords
INFO: Added record 2 read from file: regmarc_ocm06006051
Jul 1, 2013 9:28:47 AM org.solrmarc.marc.MarcImporter importRecords
INFO: Added record 3 read from file: regmarc_ocm31744951
Jul 1, 2013 9:28:47 AM org.solrmarc.marc.MarcImporter importRecords
INFO: Added record 4 read from file: regmarc_ocm31364755
Jul 1, 2013 9:28:47 AM org.solrmarc.marc.MarcImporter importRecords
INFO: Added record 5 read from file: regmarc_ocn844118227
Jul 1, 2013 9:28:47 AM org.solrmarc.marc.MarcImporter importRecords
INFO: Added record 6 read from file: regmarc_ocn845140416
Jul 1, 2013 9:28:47 AM org.solrmarc.marc.MarcImporter importRecords
INFO: Added record 7 read from file: regmarc_ocn847550663
Jul 1, 2013 9:28:47 AM org.solrmarc.marc.MarcImporter handleAll
INFO:  Adding 7 of 7 documents to index
Jul 1, 2013 9:28:47 AM org.solrmarc.marc.MarcImporter handleAll
INFO:  Deleting 0 documents from index
Jul 1, 2013 9:28:47 AM org.solrmarc.marc.MarcImporter finish
INFO: Calling commit (with optimize set to false)
Jul 1, 2013 9:28:47 AM org.solrmarc.marc.MarcImporter finish
INFO: Done with the commit, closing Solr
Jul 1, 2013 9:28:47 AM org.solrmarc.marc.MarcImporter finish
INFO: Setting Solr closed flag
Jul 1, 2013 9:28:47 AM org.solrmarc.marc.MarcImporter signalServer
INFO: Connecting to solr server at URL: http://localhost:8081/solr/biblio/update
Jul 1, 2013 9:28:48 AM org.solrmarc.tools.SolrUpdate signalServer
INFO: <?xml version="1.0" encoding="UTF-8"?>
Jul 1, 2013 9:28:48 AM org.solrmarc.tools.SolrUpdate signalServer
INFO: <response>
Jul 1, 2013 9:28:48 AM org.solrmarc.tools.SolrUpdate signalServer
INFO: <lst name="responseHeader"><int name="status">0</int><int name="QTime">1078</int></lst>
Jul 1, 2013 9:28:48 AM org.solrmarc.tools.SolrUpdate signalServer
INFO: </response>
Jul 1, 2013 9:28:48 AM org.solrmarc.marc.MarcImporter$MyShutdownThread run
INFO: Starting Shutdown hook
