May 1, 2013 4:11:19 PM org.solrmarc.marc.MarcImporter main
INFO: Starting SolrMarc indexing.
May 1, 2013 4:11:19 PM org.solrmarc.tools.Utils getPropertyFileInputStream
INFO: Opening file: /shared/cportal_prod/data/vufind/import/import.properties
May 1, 2013 4:11:19 PM org.solrmarc.marc.MarcImporter getSolrServerProxy
INFO:  Updating to Solr index at /shared/cportal_prod/data/vufind/solr
May 1, 2013 4:11:19 PM org.solrmarc.marc.MarcImporter getSolrServerProxy
INFO:      Using Solr core biblio
May 1, 2013 4:11:19 PM org.solrmarc.solr.SolrCoreLoader loadEmbeddedCore
INFO: Using the multicore schema file at : /shared/cportal_prod/data/vufind/solr/solr.xml
May 1, 2013 4:11:19 PM org.solrmarc.solr.SolrCoreLoader loadEmbeddedCore
INFO: Using the biblio core
May 1, 2013 4:11:19 PM org.solrmarc.solr.SolrCoreLoader loadEmbeddedCore
INFO: Using the data directory of: /shared/cportal_prod/data/vufind/solr/biblio
May 1, 2013 4:11:20 PM org.solrmarc.marc.MarcHandler loadReader
INFO: Attempting to open data file: /shared/cportal_prod/data/crra/marc-updated/shu.marc
May 1, 2013 4:11:21 PM org.solrmarc.marc.MarcImporter importRecords
INFO: Added record 1 read from file: shumarc_685820
May 1, 2013 4:11:21 PM org.solrmarc.marc.MarcImporter importRecords
INFO: Added record 2 read from file: shumarc_758349
May 1, 2013 4:11:21 PM org.solrmarc.marc.MarcImporter importRecords
INFO: Added record 3 read from file: shumarc_758355
May 1, 2013 4:11:21 PM org.solrmarc.marc.MarcImporter importRecords
INFO: Added record 4 read from file: shumarc_756764
May 1, 2013 4:11:21 PM org.solrmarc.marc.MarcImporter importRecords
INFO: Added record 5 read from file: shumarc_756783
May 1, 2013 4:11:21 PM org.solrmarc.marc.MarcImporter importRecords
INFO: Added record 6 read from file: shumarc_679815
May 1, 2013 4:11:21 PM org.solrmarc.marc.MarcImporter importRecords
INFO: Added record 7 read from file: shumarc_1616
May 1, 2013 4:11:21 PM org.solrmarc.marc.MarcImporter importRecords
INFO: Added record 8 read from file: shumarc_679715
May 1, 2013 4:11:21 PM org.solrmarc.marc.MarcImporter importRecords
INFO: Added record 9 read from file: shumarc_684719
May 1, 2013 4:11:21 PM org.solrmarc.marc.MarcImporter importRecords
INFO: Added record 10 read from file: shumarc_756779
May 1, 2013 4:11:21 PM org.solrmarc.marc.MarcImporter importRecords
INFO: Added record 11 read from file: shumarc_676469
May 1, 2013 4:11:21 PM org.solrmarc.marc.MarcImporter importRecords
INFO: Added record 12 read from file: shumarc_680188
May 1, 2013 4:11:21 PM org.solrmarc.marc.MarcImporter importRecords
INFO: Added record 13 read from file: shumarc_660296
May 1, 2013 4:11:21 PM org.solrmarc.marc.MarcImporter importRecords
INFO: Added record 14 read from file: shumarc_758249
May 1, 2013 4:11:21 PM org.solrmarc.marc.MarcImporter importRecords
INFO: Added record 15 read from file: shumarc_758353
May 1, 2013 4:11:21 PM org.solrmarc.marc.MarcImporter importRecords
INFO: Added record 16 read from file: shumarc_756767
May 1, 2013 4:11:21 PM org.solrmarc.marc.MarcImporter importRecords
INFO: Added record 17 read from file: shumarc_676473
May 1, 2013 4:11:21 PM org.solrmarc.marc.MarcImporter importRecords
INFO: Added record 18 read from file: shumarc_659371
May 1, 2013 4:11:21 PM org.solrmarc.marc.MarcImporter importRecords
INFO: Added record 19 read from file: shumarc_685824
May 1, 2013 4:11:21 PM org.solrmarc.marc.MarcImporter importRecords
INFO: Added record 20 read from file: shumarc_685313
May 1, 2013 4:11:21 PM org.solrmarc.marc.MarcImporter importRecords
INFO: Added record 21 read from file: shumarc_757749
May 1, 2013 4:11:21 PM org.solrmarc.marc.MarcImporter importRecords
INFO: Added record 22 read from file: shumarc_758352
May 1, 2013 4:11:21 PM org.solrmarc.marc.MarcImporter importRecords
INFO: Added record 23 read from file: shumarc_679820
May 1, 2013 4:11:21 PM org.solrmarc.marc.MarcImporter importRecords
INFO: Added record 24 read from file: shumarc_660437
May 1, 2013 4:11:21 PM org.solrmarc.marc.MarcImporter importRecords
INFO: Added record 25 read from file: shumarc_757744
May 1, 2013 4:11:21 PM org.solrmarc.marc.MarcImporter importRecords
INFO: Added record 26 read from file: shumarc_758262
May 1, 2013 4:11:21 PM org.solrmarc.marc.MarcImporter importRecords
INFO: Added record 27 read from file: shumarc_757813
May 1, 2013 4:11:21 PM org.solrmarc.marc.MarcImporter importRecords
INFO: Added record 28 read from file: shumarc_659317
May 1, 2013 4:11:21 PM org.solrmarc.marc.MarcImporter importRecords
INFO: Added record 29 read from file: shumarc_660407
May 1, 2013 4:11:21 PM org.solrmarc.marc.MarcImporter importRecords
INFO: Added record 30 read from file: shumarc_685320
May 1, 2013 4:11:21 PM org.solrmarc.marc.MarcImporter importRecords
INFO: Added record 31 read from file: shumarc_758261
May 1, 2013 4:11:21 PM org.solrmarc.marc.MarcImporter importRecords
INFO: Added record 32 read from file: shumarc_757822
May 1, 2013 4:11:21 PM org.solrmarc.marc.MarcImporter importRecords
INFO: Added record 33 read from file: shumarc_679826
May 1, 2013 4:11:21 PM org.solrmarc.marc.MarcImporter importRecords
INFO: Added record 34 read from file: shumarc_660489
May 1, 2013 4:11:21 PM org.solrmarc.marc.MarcImporter importRecords
INFO: Added record 35 read from file: shumarc_680873
May 1, 2013 4:11:21 PM org.solrmarc.marc.MarcImporter importRecords
INFO: Added record 36 read from file: shumarc_269197
May 1, 2013 4:11:21 PM org.solrmarc.marc.MarcImporter importRecords
INFO: Added record 37 read from file: shumarc_679824
May 1, 2013 4:11:21 PM org.solrmarc.marc.MarcImporter importRecords
INFO: Added record 38 read from file: shumarc_684509
May 1, 2013 4:11:21 PM org.solrmarc.marc.MarcImporter importRecords
INFO: Added record 39 read from file: shumarc_685806
May 1, 2013 4:11:21 PM org.solrmarc.marc.MarcImporter importRecords
INFO: Added record 40 read from file: shumarc_680991
May 1, 2013 4:11:21 PM org.solrmarc.marc.MarcImporter importRecords
INFO: Added record 41 read from file: shumarc_756890
May 1, 2013 4:11:21 PM org.solrmarc.marc.MarcImporter importRecords
INFO: Added record 42 read from file: shumarc_757748
May 1, 2013 4:11:21 PM org.solrmarc.marc.MarcImporter importRecords
INFO: Added record 43 read from file: shumarc_758348
May 1, 2013 4:11:21 PM org.solrmarc.marc.MarcImporter importRecords
INFO: Added record 44 read from file: shumarc_679884
May 1, 2013 4:11:21 PM org.solrmarc.marc.MarcImporter importRecords
INFO: Added record 45 read from file: shumarc_676481
May 1, 2013 4:11:21 PM org.solrmarc.marc.MarcImporter importRecords
INFO: Added record 46 read from file: shumarc_672021
May 1, 2013 4:11:21 PM org.solrmarc.marc.MarcImporter importRecords
INFO: Added record 47 read from file: shumarc_676556
May 1, 2013 4:11:21 PM org.solrmarc.marc.MarcImporter importRecords
INFO: Added record 48 read from file: shumarc_677851
May 1, 2013 4:11:21 PM org.solrmarc.marc.MarcImporter importRecords
INFO: Added record 49 read from file: shumarc_677958
May 1, 2013 4:11:21 PM org.solrmarc.marc.MarcImporter importRecords
INFO: Added record 50 read from file: shumarc_228932
May 1, 2013 4:11:21 PM org.solrmarc.marc.MarcImporter importRecords
INFO: Added record 51 read from file: shumarc_677965
May 1, 2013 4:11:21 PM org.solrmarc.marc.MarcImporter importRecords
INFO: Added record 52 read from file: shumarc_678166
May 1, 2013 4:11:21 PM org.solrmarc.marc.MarcImporter importRecords
INFO: Added record 53 read from file: shumarc_678665
May 1, 2013 4:11:21 PM org.solrmarc.marc.MarcImporter importRecords
INFO: Added record 54 read from file: shumarc_680060
May 1, 2013 4:11:21 PM org.solrmarc.marc.MarcImporter importRecords
INFO: Added record 55 read from file: shumarc_681286
May 1, 2013 4:11:21 PM org.solrmarc.marc.MarcImporter importRecords
INFO: Added record 56 read from file: shumarc_684294
May 1, 2013 4:11:21 PM org.solrmarc.marc.MarcImporter importRecords
INFO: Added record 57 read from file: shumarc_673990
May 1, 2013 4:11:21 PM org.solrmarc.marc.MarcImporter importRecords
INFO: Added record 58 read from file: shumarc_674027
May 1, 2013 4:11:21 PM org.solrmarc.marc.MarcImporter importRecords
INFO: Added record 59 read from file: shumarc_674108
May 1, 2013 4:11:21 PM org.solrmarc.marc.MarcImporter importRecords
INFO: Added record 60 read from file: shumarc_676469
May 1, 2013 4:11:21 PM org.solrmarc.marc.MarcImporter importRecords
INFO: Added record 61 read from file: shumarc_676492
May 1, 2013 4:11:21 PM org.solrmarc.marc.MarcImporter importRecords
INFO: Added record 62 read from file: shumarc_678664
May 1, 2013 4:11:21 PM org.solrmarc.marc.MarcImporter importRecords
INFO: Added record 63 read from file: shumarc_679715
May 1, 2013 4:11:21 PM org.solrmarc.marc.MarcImporter importRecords
INFO: Added record 64 read from file: shumarc_679763
May 1, 2013 4:11:21 PM org.solrmarc.marc.MarcImporter importRecords
INFO: Added record 65 read from file: shumarc_679697
May 1, 2013 4:11:21 PM org.solrmarc.marc.MarcImporter importRecords
INFO: Added record 66 read from file: shumarc_680187
May 1, 2013 4:11:21 PM org.solrmarc.marc.MarcImporter importRecords
INFO: Added record 67 read from file: shumarc_684493
May 1, 2013 4:11:21 PM org.solrmarc.marc.MarcImporter importRecords
INFO: Added record 68 read from file: shumarc_674105
May 1, 2013 4:11:21 PM org.solrmarc.marc.MarcImporter importRecords
INFO: Added record 69 read from file: shumarc_677870
May 1, 2013 4:11:21 PM org.solrmarc.marc.MarcImporter importRecords
INFO: Added record 70 read from file: shumarc_677966
May 1, 2013 4:11:21 PM org.solrmarc.marc.MarcImporter importRecords
INFO: Added record 71 read from file: shumarc_680188
May 1, 2013 4:11:21 PM org.solrmarc.marc.MarcImporter importRecords
INFO: Added record 72 read from file: shumarc_672061
May 1, 2013 4:11:21 PM org.solrmarc.marc.MarcImporter importRecords
INFO: Added record 73 read from file: shumarc_671865
May 1, 2013 4:11:21 PM org.solrmarc.marc.MarcImporter importRecords
INFO: Added record 74 read from file: shumarc_671848
May 1, 2013 4:11:21 PM org.solrmarc.marc.MarcImporter importRecords
INFO: Added record 75 read from file: shumarc_673989
May 1, 2013 4:11:21 PM org.solrmarc.marc.MarcImporter importRecords
INFO: Added record 76 read from file: shumarc_676260
May 1, 2013 4:11:21 PM org.solrmarc.marc.MarcImporter importRecords
INFO: Added record 77 read from file: shumarc_679952
May 1, 2013 4:11:21 PM org.solrmarc.marc.MarcImporter importRecords
INFO: Added record 78 read from file: shumarc_684497
May 1, 2013 4:11:21 PM org.solrmarc.marc.MarcImporter importRecords
INFO: Added record 79 read from file: shumarc_671916
May 1, 2013 4:11:21 PM org.solrmarc.marc.MarcImporter importRecords
INFO: Added record 80 read from file: shumarc_672089
May 1, 2013 4:11:21 PM org.solrmarc.marc.MarcImporter importRecords
INFO: Added record 81 read from file: shumarc_676247
May 1, 2013 4:11:21 PM org.solrmarc.marc.MarcImporter importRecords
INFO: Added record 82 read from file: shumarc_677679
May 1, 2013 4:11:21 PM org.solrmarc.marc.MarcImporter importRecords
INFO: Added record 83 read from file: shumarc_677677
May 1, 2013 4:11:21 PM org.solrmarc.marc.MarcImporter importRecords
INFO: Added record 84 read from file: shumarc_24560
May 1, 2013 4:11:21 PM org.solrmarc.marc.MarcImporter importRecords
INFO: Added record 85 read from file: shumarc_680183
May 1, 2013 4:11:21 PM org.solrmarc.marc.MarcImporter importRecords
INFO: Added record 86 read from file: shumarc_681011
May 1, 2013 4:11:21 PM org.solrmarc.marc.MarcImporter importRecords
INFO: Added record 87 read from file: shumarc_681788
May 1, 2013 4:11:21 PM org.solrmarc.marc.MarcImporter importRecords
INFO: Added record 88 read from file: shumarc_661700
May 1, 2013 4:11:21 PM org.solrmarc.marc.MarcImporter importRecords
INFO: Added record 89 read from file: shumarc_684489
May 1, 2013 4:11:21 PM org.solrmarc.marc.MarcImporter importRecords
INFO: Added record 90 read from file: shumarc_677960
May 1, 2013 4:11:21 PM org.solrmarc.marc.MarcImporter importRecords
INFO: Added record 91 read from file: shumarc_184878
May 1, 2013 4:11:21 PM org.solrmarc.marc.MarcImporter importRecords
INFO: Added record 92 read from file: shumarc_678677
May 1, 2013 4:11:21 PM org.solrmarc.marc.MarcImporter importRecords
INFO: Added record 93 read from file: shumarc_680873
May 1, 2013 4:11:22 PM org.solrmarc.marc.MarcImporter importRecords
INFO: Added record 94 read from file: shumarc_681213
May 1, 2013 4:11:22 PM org.solrmarc.marc.MarcImporter importRecords
INFO: Added record 95 read from file: shumarc_681792
May 1, 2013 4:11:22 PM org.solrmarc.marc.MarcImporter importRecords
INFO: Added record 96 read from file: shumarc_673759
May 1, 2013 4:11:22 PM org.solrmarc.marc.MarcImporter importRecords
INFO: Added record 97 read from file: shumarc_676471
May 1, 2013 4:11:22 PM org.solrmarc.marc.MarcImporter importRecords
INFO: Added record 98 read from file: shumarc_678161
May 1, 2013 4:11:22 PM org.solrmarc.marc.MarcImporter importRecords
INFO: Added record 99 read from file: shumarc_678205
May 1, 2013 4:11:22 PM org.solrmarc.marc.MarcImporter importRecords
INFO: Added record 100 read from file: shumarc_680044
May 1, 2013 4:11:22 PM org.solrmarc.marc.MarcImporter importRecords
INFO: Added record 101 read from file: shumarc_680070
May 1, 2013 4:11:22 PM org.solrmarc.marc.MarcImporter importRecords
INFO: Added record 102 read from file: shumarc_680991
May 1, 2013 4:11:22 PM org.solrmarc.marc.MarcImporter importRecords
INFO: Added record 103 read from file: shumarc_508195
May 1, 2013 4:11:22 PM org.solrmarc.marc.MarcImporter importRecords
INFO: Added record 104 read from file: shumarc_69963
May 1, 2013 4:11:22 PM org.solrmarc.marc.MarcImporter importRecords
INFO: Added record 105 read from file: shumarc_664220
May 1, 2013 4:11:22 PM org.solrmarc.marc.MarcImporter importRecords
INFO: Added record 106 read from file: shumarc_663317
May 1, 2013 4:11:22 PM org.solrmarc.marc.MarcImporter importRecords
INFO: Added record 107 read from file: shumarc_663303
May 1, 2013 4:11:22 PM org.solrmarc.marc.MarcImporter importRecords
INFO: Added record 108 read from file: shumarc_508195
May 1, 2013 4:11:22 PM org.solrmarc.marc.MarcImporter importRecords
INFO: Added record 109 read from file: shumarc_664220
May 1, 2013 4:11:22 PM org.solrmarc.marc.MarcImporter importRecords
INFO: Added record 110 read from file: shumarc_69963
May 1, 2013 4:11:22 PM org.solrmarc.marc.MarcImporter importRecords
INFO: Added record 111 read from file: shumarc_667441
May 1, 2013 4:11:22 PM org.solrmarc.marc.MarcImporter importRecords
INFO: Added record 112 read from file: shumarc_667144
May 1, 2013 4:11:22 PM org.solrmarc.marc.MarcImporter importRecords
INFO: Added record 113 read from file: shumarc_666211
May 1, 2013 4:11:22 PM org.solrmarc.marc.MarcImporter importRecords
INFO: Added record 114 read from file: shumarc_663303
May 1, 2013 4:11:22 PM org.solrmarc.marc.MarcImporter importRecords
INFO: Added record 115 read from file: shumarc_665235
May 1, 2013 4:11:22 PM org.solrmarc.marc.MarcImporter importRecords
INFO: Added record 116 read from file: shumarc_349125
May 1, 2013 4:11:22 PM org.solrmarc.marc.MarcImporter importRecords
INFO: Added record 117 read from file: shumarc_665129
May 1, 2013 4:11:22 PM org.solrmarc.marc.MarcImporter importRecords
INFO: Added record 118 read from file: shumarc_666176
May 1, 2013 4:11:22 PM org.solrmarc.marc.MarcImporter importRecords
INFO: Added record 119 read from file: shumarc_665227
May 1, 2013 4:11:22 PM org.solrmarc.marc.MarcImporter importRecords
INFO: Added record 120 read from file: shumarc_663317
May 1, 2013 4:11:22 PM org.solrmarc.marc.MarcImporter importRecords
INFO: Added record 121 read from file: shumarc_665239
May 1, 2013 4:11:22 PM org.solrmarc.marc.MarcImporter importRecords
INFO: Added record 122 read from file: shumarc_664260
May 1, 2013 4:11:22 PM org.solrmarc.marc.MarcImporter importRecords
INFO: Added record 123 read from file: shumarc_665152
May 1, 2013 4:11:22 PM org.solrmarc.marc.MarcImporter importRecords
INFO: Added record 124 read from file: shumarc_665240
May 1, 2013 4:11:22 PM org.solrmarc.marc.MarcImporter importRecords
INFO: Added record 125 read from file: shumarc_31437
May 1, 2013 4:11:22 PM org.solrmarc.marc.MarcImporter importRecords
INFO: Added record 126 read from file: shumarc_289257
May 1, 2013 4:11:22 PM org.solrmarc.marc.MarcImporter importRecords
INFO: Added record 127 read from file: shumarc_277678
May 1, 2013 4:11:22 PM org.solrmarc.marc.MarcImporter importRecords
INFO: Added record 128 read from file: shumarc_425871
May 1, 2013 4:11:22 PM org.solrmarc.marc.MarcImporter importRecords
INFO: Added record 129 read from file: shumarc_125822
May 1, 2013 4:11:22 PM org.solrmarc.marc.MarcImporter importRecords
INFO: Added record 130 read from file: shumarc_272747
May 1, 2013 4:11:22 PM org.solrmarc.marc.MarcImporter importRecords
INFO: Added record 131 read from file: shumarc_625469
May 1, 2013 4:11:22 PM org.solrmarc.marc.MarcImporter importRecords
INFO: Added record 132 read from file: shumarc_453294
May 1, 2013 4:11:22 PM org.solrmarc.marc.MarcImporter importRecords
INFO: Added record 133 read from file: shumarc_627600
May 1, 2013 4:11:22 PM org.solrmarc.marc.MarcImporter importRecords
INFO: Added record 134 read from file: shumarc_625824
May 1, 2013 4:11:22 PM org.solrmarc.marc.MarcImporter importRecords
INFO: Added record 135 read from file: shumarc_514958
May 1, 2013 4:11:22 PM org.solrmarc.marc.MarcImporter importRecords
INFO: Added record 136 read from file: shumarc_162565
May 1, 2013 4:11:22 PM org.solrmarc.marc.MarcImporter importRecords
INFO: Added record 137 read from file: shumarc_628365
May 1, 2013 4:11:22 PM org.solrmarc.marc.MarcImporter importRecords
INFO: Added record 138 read from file: shumarc_529691
May 1, 2013 4:11:22 PM org.solrmarc.marc.MarcImporter importRecords
INFO: Added record 139 read from file: shumarc_527854
May 1, 2013 4:11:22 PM org.solrmarc.marc.MarcImporter importRecords
INFO: Added record 140 read from file: shumarc_534130
May 1, 2013 4:11:22 PM org.solrmarc.marc.MarcImporter importRecords
INFO: Added record 141 read from file: shumarc_125553
May 1, 2013 4:11:22 PM org.solrmarc.marc.MarcImporter importRecords
INFO: Added record 142 read from file: shumarc_174804
May 1, 2013 4:11:22 PM org.solrmarc.marc.MarcImporter importRecords
INFO: Added record 143 read from file: shumarc_627720
May 1, 2013 4:11:22 PM org.solrmarc.marc.MarcImporter importRecords
INFO: Added record 144 read from file: shumarc_617025
May 1, 2013 4:11:22 PM org.solrmarc.marc.MarcImporter importRecords
INFO: Added record 145 read from file: shumarc_120463
May 1, 2013 4:11:22 PM org.solrmarc.marc.MarcImporter importRecords
INFO: Added record 146 read from file: shumarc_345407
May 1, 2013 4:11:22 PM org.solrmarc.marc.MarcImporter importRecords
INFO: Added record 147 read from file: shumarc_521297
May 1, 2013 4:11:22 PM org.solrmarc.marc.MarcImporter importRecords
INFO: Added record 148 read from file: shumarc_278120
May 1, 2013 4:11:22 PM org.solrmarc.marc.MarcImporter importRecords
INFO: Added record 149 read from file: shumarc_278524
May 1, 2013 4:11:22 PM org.solrmarc.marc.MarcImporter importRecords
INFO: Added record 150 read from file: shumarc_281349
May 1, 2013 4:11:22 PM org.solrmarc.marc.MarcImporter importRecords
INFO: Added record 151 read from file: shumarc_336918
May 1, 2013 4:11:22 PM org.solrmarc.marc.MarcImporter importRecords
INFO: Added record 152 read from file: shumarc_520773
May 1, 2013 4:11:22 PM org.solrmarc.marc.MarcImporter importRecords
INFO: Added record 153 read from file: shumarc_262183
May 1, 2013 4:11:22 PM org.solrmarc.marc.MarcImporter importRecords
INFO: Added record 154 read from file: shumarc_627339
May 1, 2013 4:11:22 PM org.solrmarc.marc.MarcImporter importRecords
INFO: Added record 155 read from file: shumarc_352295
May 1, 2013 4:11:22 PM org.solrmarc.marc.MarcImporter importRecords
INFO: Added record 156 read from file: shumarc_203114
May 1, 2013 4:11:22 PM org.solrmarc.marc.MarcImporter importRecords
INFO: Added record 157 read from file: shumarc_299612
May 1, 2013 4:11:22 PM org.solrmarc.marc.MarcImporter importRecords
INFO: Added record 158 read from file: shumarc_254392
May 1, 2013 4:11:22 PM org.solrmarc.marc.MarcImporter importRecords
INFO: Added record 159 read from file: shumarc_533791
May 1, 2013 4:11:22 PM org.solrmarc.marc.MarcImporter importRecords
INFO: Added record 160 read from file: shumarc_55640
May 1, 2013 4:11:22 PM org.solrmarc.marc.MarcImporter importRecords
INFO: Added record 161 read from file: shumarc_87234
May 1, 2013 4:11:22 PM org.solrmarc.marc.MarcImporter importRecords
INFO: Added record 162 read from file: shumarc_510789
May 1, 2013 4:11:22 PM org.solrmarc.marc.MarcImporter importRecords
INFO: Added record 163 read from file: shumarc_594286
May 1, 2013 4:11:22 PM org.solrmarc.marc.MarcImporter importRecords
INFO: Added record 164 read from file: shumarc_569121
May 1, 2013 4:11:22 PM org.solrmarc.marc.MarcImporter importRecords
INFO: Added record 165 read from file: shumarc_340634
May 1, 2013 4:11:22 PM org.solrmarc.marc.MarcImporter importRecords
INFO: Added record 166 read from file: shumarc_24191
May 1, 2013 4:11:22 PM org.solrmarc.marc.MarcImporter importRecords
INFO: Added record 167 read from file: shumarc_134064
May 1, 2013 4:11:22 PM org.solrmarc.marc.MarcImporter importRecords
INFO: Added record 168 read from file: shumarc_96487
May 1, 2013 4:11:22 PM org.solrmarc.marc.MarcImporter importRecords
INFO: Added record 169 read from file: shumarc_594692
May 1, 2013 4:11:22 PM org.solrmarc.marc.MarcImporter importRecords
INFO: Added record 170 read from file: shumarc_559810
May 1, 2013 4:11:22 PM org.solrmarc.marc.MarcImporter importRecords
INFO: Added record 171 read from file: shumarc_472823
May 1, 2013 4:11:22 PM org.solrmarc.marc.MarcImporter importRecords
INFO: Added record 172 read from file: shumarc_533851
May 1, 2013 4:11:22 PM org.solrmarc.marc.MarcImporter importRecords
INFO: Added record 173 read from file: shumarc_150763
May 1, 2013 4:11:22 PM org.solrmarc.marc.MarcImporter importRecords
INFO: Added record 174 read from file: shumarc_424763
May 1, 2013 4:11:22 PM org.solrmarc.marc.MarcImporter importRecords
INFO: Added record 175 read from file: shumarc_540775
May 1, 2013 4:11:22 PM org.solrmarc.marc.MarcImporter importRecords
INFO: Added record 176 read from file: shumarc_625425
May 1, 2013 4:11:22 PM org.solrmarc.marc.MarcImporter importRecords
INFO: Added record 177 read from file: shumarc_120516
May 1, 2013 4:11:22 PM org.solrmarc.marc.MarcImporter importRecords
INFO: Added record 178 read from file: shumarc_551893
May 1, 2013 4:11:22 PM org.solrmarc.marc.MarcImporter importRecords
INFO: Added record 179 read from file: shumarc_280801
May 1, 2013 4:11:22 PM org.solrmarc.marc.MarcImporter importRecords
INFO: Added record 180 read from file: shumarc_519512
May 1, 2013 4:11:22 PM org.solrmarc.marc.MarcImporter importRecords
INFO: Added record 181 read from file: shumarc_578770
May 1, 2013 4:11:22 PM org.solrmarc.marc.MarcImporter importRecords
INFO: Added record 182 read from file: shumarc_279644
May 1, 2013 4:11:22 PM org.solrmarc.marc.MarcImporter importRecords
INFO: Added record 183 read from file: shumarc_80083
May 1, 2013 4:11:22 PM org.solrmarc.marc.MarcImporter importRecords
INFO: Added record 184 read from file: shumarc_624515
May 1, 2013 4:11:22 PM org.solrmarc.marc.MarcImporter importRecords
INFO: Added record 185 read from file: shumarc_629651
May 1, 2013 4:11:22 PM org.solrmarc.marc.MarcImporter importRecords
INFO: Added record 186 read from file: shumarc_149575
May 1, 2013 4:11:22 PM org.solrmarc.marc.MarcImporter importRecords
INFO: Added record 187 read from file: shumarc_134880
May 1, 2013 4:11:22 PM org.solrmarc.marc.MarcImporter importRecords
INFO: Added record 188 read from file: shumarc_534074
May 1, 2013 4:11:22 PM org.solrmarc.marc.MarcImporter importRecords
INFO: Added record 189 read from file: shumarc_578771
May 1, 2013 4:11:22 PM org.solrmarc.marc.MarcImporter importRecords
INFO: Added record 190 read from file: shumarc_338405
May 1, 2013 4:11:22 PM org.solrmarc.marc.MarcImporter importRecords
INFO: Added record 191 read from file: shumarc_534077
May 1, 2013 4:11:22 PM org.solrmarc.marc.MarcImporter importRecords
INFO: Added record 192 read from file: shumarc_26621
May 1, 2013 4:11:22 PM org.solrmarc.marc.MarcImporter importRecords
INFO: Added record 193 read from file: shumarc_627734
May 1, 2013 4:11:22 PM org.solrmarc.marc.MarcImporter importRecords
INFO: Added record 194 read from file: shumarc_387357
May 1, 2013 4:11:22 PM org.solrmarc.marc.MarcImporter importRecords
INFO: Added record 195 read from file: shumarc_120527
May 1, 2013 4:11:22 PM org.solrmarc.marc.MarcImporter importRecords
INFO: Added record 196 read from file: shumarc_168979
May 1, 2013 4:11:22 PM org.solrmarc.marc.MarcImporter importRecords
INFO: Added record 197 read from file: shumarc_513327
May 1, 2013 4:11:22 PM org.solrmarc.marc.MarcImporter importRecords
INFO: Added record 198 read from file: shumarc_234619
May 1, 2013 4:11:22 PM org.solrmarc.marc.MarcImporter importRecords
INFO: Added record 199 read from file: shumarc_628359
May 1, 2013 4:11:22 PM org.solrmarc.marc.MarcImporter importRecords
INFO: Added record 200 read from file: shumarc_557753
May 1, 2013 4:11:22 PM org.solrmarc.marc.MarcImporter importRecords
INFO: Added record 201 read from file: shumarc_252705
May 1, 2013 4:11:22 PM org.solrmarc.marc.MarcImporter importRecords
INFO: Added record 202 read from file: shumarc_15857
May 1, 2013 4:11:22 PM org.solrmarc.marc.MarcImporter importRecords
INFO: Added record 203 read from file: shumarc_82736
May 1, 2013 4:11:22 PM org.solrmarc.marc.MarcImporter importRecords
INFO: Added record 204 read from file: shumarc_559811
May 1, 2013 4:11:22 PM org.solrmarc.marc.MarcImporter importRecords
INFO: Added record 205 read from file: shumarc_624419
May 1, 2013 4:11:22 PM org.solrmarc.marc.MarcImporter importRecords
INFO: Added record 206 read from file: shumarc_521321
May 1, 2013 4:11:22 PM org.solrmarc.marc.MarcImporter importRecords
INFO: Added record 207 read from file: shumarc_629646
May 1, 2013 4:11:22 PM org.solrmarc.marc.MarcImporter importRecords
INFO: Added record 208 read from file: shumarc_503579
May 1, 2013 4:11:22 PM org.solrmarc.marc.MarcImporter importRecords
INFO: Added record 209 read from file: shumarc_349159
May 1, 2013 4:11:22 PM org.solrmarc.marc.MarcImporter importRecords
INFO: Added record 210 read from file: shumarc_128357
May 1, 2013 4:11:22 PM org.solrmarc.marc.MarcImporter importRecords
INFO: Added record 211 read from file: shumarc_557770
May 1, 2013 4:11:22 PM org.solrmarc.marc.MarcImporter importRecords
INFO: Added record 212 read from file: shumarc_521389
May 1, 2013 4:11:22 PM org.solrmarc.marc.MarcImporter importRecords
INFO: Added record 213 read from file: shumarc_345704
May 1, 2013 4:11:22 PM org.solrmarc.marc.MarcImporter importRecords
INFO: Added record 214 read from file: shumarc_627716
May 1, 2013 4:11:22 PM org.solrmarc.marc.MarcImporter importRecords
INFO: Added record 215 read from file: shumarc_51900
May 1, 2013 4:11:22 PM org.solrmarc.marc.MarcImporter importRecords
INFO: Added record 216 read from file: shumarc_578869
May 1, 2013 4:11:22 PM org.solrmarc.marc.MarcImporter importRecords
INFO: Added record 217 read from file: shumarc_506177
May 1, 2013 4:11:22 PM org.solrmarc.marc.MarcImporter importRecords
INFO: Added record 218 read from file: shumarc_624514
May 1, 2013 4:11:22 PM org.solrmarc.marc.MarcImporter importRecords
INFO: Added record 219 read from file: shumarc_431702
May 1, 2013 4:11:22 PM org.solrmarc.marc.MarcImporter importRecords
INFO: Added record 220 read from file: shumarc_65569
May 1, 2013 4:11:22 PM org.solrmarc.marc.MarcImporter importRecords
INFO: Added record 221 read from file: shumarc_437818
May 1, 2013 4:11:22 PM org.solrmarc.marc.MarcImporter importRecords
INFO: Added record 222 read from file: shumarc_439123
May 1, 2013 4:11:22 PM org.solrmarc.marc.MarcImporter importRecords
INFO: Added record 223 read from file: shumarc_473229
May 1, 2013 4:11:22 PM org.solrmarc.marc.MarcImporter importRecords
INFO: Added record 224 read from file: shumarc_264663
May 1, 2013 4:11:22 PM org.solrmarc.marc.MarcImporter importRecords
INFO: Added record 225 read from file: shumarc_510795
May 1, 2013 4:11:22 PM org.solrmarc.marc.MarcImporter importRecords
INFO: Added record 226 read from file: shumarc_171006
May 1, 2013 4:11:22 PM org.solrmarc.marc.MarcImporter importRecords
INFO: Added record 227 read from file: shumarc_545727
May 1, 2013 4:11:22 PM org.solrmarc.marc.MarcImporter importRecords
INFO: Added record 228 read from file: shumarc_448567
May 1, 2013 4:11:22 PM org.solrmarc.marc.MarcImporter importRecords
INFO: Added record 229 read from file: shumarc_483990
May 1, 2013 4:11:22 PM org.solrmarc.marc.MarcImporter importRecords
INFO: Added record 230 read from file: shumarc_473845
May 1, 2013 4:11:22 PM org.solrmarc.marc.MarcImporter importRecords
INFO: Added record 231 read from file: shumarc_80260
May 1, 2013 4:11:22 PM org.solrmarc.marc.MarcImporter importRecords
INFO: Added record 232 read from file: shumarc_158564
May 1, 2013 4:11:22 PM org.solrmarc.marc.MarcImporter importRecords
INFO: Added record 233 read from file: shumarc_96531
May 1, 2013 4:11:22 PM org.solrmarc.marc.MarcImporter importRecords
INFO: Added record 234 read from file: shumarc_275748
May 1, 2013 4:11:22 PM org.solrmarc.marc.MarcImporter importRecords
INFO: Added record 235 read from file: shumarc_456845
May 1, 2013 4:11:22 PM org.solrmarc.marc.MarcImporter importRecords
INFO: Added record 236 read from file: shumarc_108090
May 1, 2013 4:11:22 PM org.solrmarc.marc.MarcImporter importRecords
INFO: Added record 237 read from file: shumarc_552655
May 1, 2013 4:11:22 PM org.solrmarc.marc.MarcImporter importRecords
INFO: Added record 238 read from file: shumarc_437808
May 1, 2013 4:11:22 PM org.solrmarc.marc.MarcImporter importRecords
INFO: Added record 239 read from file: shumarc_247814
May 1, 2013 4:11:22 PM org.solrmarc.marc.MarcImporter importRecords
INFO: Added record 240 read from file: shumarc_488340
May 1, 2013 4:11:22 PM org.solrmarc.marc.MarcImporter importRecords
INFO: Added record 241 read from file: shumarc_30398
May 1, 2013 4:11:22 PM org.solrmarc.marc.MarcImporter importRecords
INFO: Added record 242 read from file: shumarc_263265
May 1, 2013 4:11:22 PM org.solrmarc.marc.MarcImporter importRecords
INFO: Added record 243 read from file: shumarc_248521
May 1, 2013 4:11:22 PM org.solrmarc.marc.MarcImporter importRecords
INFO: Added record 244 read from file: shumarc_12554
May 1, 2013 4:11:22 PM org.solrmarc.marc.MarcImporter importRecords
INFO: Added record 245 read from file: shumarc_122503
May 1, 2013 4:11:22 PM org.solrmarc.marc.MarcImporter importRecords
INFO: Added record 246 read from file: shumarc_282138
May 1, 2013 4:11:22 PM org.solrmarc.marc.MarcImporter importRecords
INFO: Added record 247 read from file: shumarc_480922
May 1, 2013 4:11:22 PM org.solrmarc.marc.MarcImporter importRecords
INFO: Added record 248 read from file: shumarc_511856
May 1, 2013 4:11:22 PM org.solrmarc.marc.MarcImporter importRecords
INFO: Added record 249 read from file: shumarc_554267
May 1, 2013 4:11:22 PM org.solrmarc.marc.MarcImporter importRecords
INFO: Added record 250 read from file: shumarc_231720
May 1, 2013 4:11:22 PM org.solrmarc.marc.MarcImporter importRecords
INFO: Added record 251 read from file: shumarc_241541
May 1, 2013 4:11:22 PM org.solrmarc.marc.MarcImporter importRecords
INFO: Added record 252 read from file: shumarc_213000
May 1, 2013 4:11:22 PM org.solrmarc.marc.MarcImporter importRecords
INFO: Added record 253 read from file: shumarc_625679
May 1, 2013 4:11:22 PM org.solrmarc.marc.MarcImporter importRecords
INFO: Added record 254 read from file: shumarc_529726
May 1, 2013 4:11:22 PM org.solrmarc.marc.MarcImporter importRecords
INFO: Added record 255 read from file: shumarc_629612
May 1, 2013 4:11:22 PM org.solrmarc.marc.MarcImporter importRecords
INFO: Added record 256 read from file: shumarc_491969
May 1, 2013 4:11:22 PM org.solrmarc.marc.MarcImporter importRecords
INFO: Added record 257 read from file: shumarc_199971
May 1, 2013 4:11:22 PM org.solrmarc.marc.MarcImporter importRecords
INFO: Added record 258 read from file: shumarc_569138
May 1, 2013 4:11:22 PM org.solrmarc.marc.MarcImporter importRecords
INFO: Added record 259 read from file: shumarc_108048
May 1, 2013 4:11:22 PM org.solrmarc.marc.MarcImporter importRecords
INFO: Added record 260 read from file: shumarc_466689
May 1, 2013 4:11:22 PM org.solrmarc.marc.MarcImporter importRecords
INFO: Added record 261 read from file: shumarc_45809
May 1, 2013 4:11:22 PM org.solrmarc.marc.MarcImporter importRecords
INFO: Added record 262 read from file: shumarc_24098
May 1, 2013 4:11:22 PM org.solrmarc.marc.MarcImporter importRecords
INFO: Added record 263 read from file: shumarc_128180
May 1, 2013 4:11:22 PM org.solrmarc.marc.MarcImporter importRecords
INFO: Added record 264 read from file: shumarc_625453
May 1, 2013 4:11:22 PM org.solrmarc.marc.MarcImporter importRecords
INFO: Added record 265 read from file: shumarc_559852
May 1, 2013 4:11:22 PM org.solrmarc.marc.MarcImporter importRecords
INFO: Added record 266 read from file: shumarc_521298
May 1, 2013 4:11:22 PM org.solrmarc.marc.MarcImporter importRecords
INFO: Added record 267 read from file: shumarc_144914
May 1, 2013 4:11:22 PM org.solrmarc.marc.MarcImporter importRecords
INFO: Added record 268 read from file: shumarc_557905
May 1, 2013 4:11:22 PM org.solrmarc.marc.MarcImporter importRecords
INFO: Added record 269 read from file: shumarc_284006
May 1, 2013 4:11:22 PM org.solrmarc.marc.MarcImporter importRecords
INFO: Added record 270 read from file: shumarc_521373
May 1, 2013 4:11:22 PM org.solrmarc.marc.MarcImporter importRecords
INFO: Added record 271 read from file: shumarc_278529
May 1, 2013 4:11:22 PM org.solrmarc.marc.MarcImporter importRecords
INFO: Added record 272 read from file: shumarc_527247
May 1, 2013 4:11:22 PM org.solrmarc.marc.MarcImporter importRecords
INFO: Added record 273 read from file: shumarc_23475
May 1, 2013 4:11:22 PM org.solrmarc.marc.MarcImporter importRecords
INFO: Added record 274 read from file: shumarc_533854
May 1, 2013 4:11:22 PM org.solrmarc.marc.MarcImporter importRecords
INFO: Added record 275 read from file: shumarc_515009
May 1, 2013 4:11:22 PM org.solrmarc.marc.MarcImporter importRecords
INFO: Added record 276 read from file: shumarc_628344
May 1, 2013 4:11:22 PM org.solrmarc.marc.MarcImporter importRecords
INFO: Added record 277 read from file: shumarc_628368
May 1, 2013 4:11:22 PM org.solrmarc.marc.MarcImporter importRecords
INFO: Added record 278 read from file: shumarc_629623
May 1, 2013 4:11:22 PM org.solrmarc.marc.MarcImporter importRecords
INFO: Added record 279 read from file: shumarc_55497
May 1, 2013 4:11:22 PM org.solrmarc.marc.MarcImporter importRecords
INFO: Added record 280 read from file: shumarc_79568
May 1, 2013 4:11:22 PM org.solrmarc.marc.MarcImporter importRecords
INFO: Added record 281 read from file: shumarc_464538
May 1, 2013 4:11:22 PM org.solrmarc.marc.MarcImporter importRecords
INFO: Added record 282 read from file: shumarc_12685
May 1, 2013 4:11:22 PM org.solrmarc.marc.MarcImporter importRecords
INFO: Added record 283 read from file: shumarc_289714
May 1, 2013 4:11:22 PM org.solrmarc.marc.MarcImporter importRecords
INFO: Added record 284 read from file: shumarc_533787
May 1, 2013 4:11:22 PM org.solrmarc.marc.MarcImporter importRecords
INFO: Added record 285 read from file: shumarc_552802
May 1, 2013 4:11:22 PM org.solrmarc.marc.MarcImporter importRecords
INFO: Added record 286 read from file: shumarc_24186
May 1, 2013 4:11:22 PM org.solrmarc.marc.MarcImporter importRecords
INFO: Added record 287 read from file: shumarc_533966
May 1, 2013 4:11:22 PM org.solrmarc.marc.MarcImporter importRecords
INFO: Added record 288 read from file: shumarc_49963
May 1, 2013 4:11:22 PM org.solrmarc.marc.MarcImporter importRecords
INFO: Added record 289 read from file: shumarc_67925
May 1, 2013 4:11:22 PM org.solrmarc.marc.MarcImporter importRecords
INFO: Added record 290 read from file: shumarc_343849
May 1, 2013 4:11:22 PM org.solrmarc.marc.MarcImporter importRecords
INFO: Added record 291 read from file: shumarc_346668
May 1, 2013 4:11:22 PM org.solrmarc.marc.MarcImporter importRecords
INFO: Added record 292 read from file: shumarc_534575
May 1, 2013 4:11:22 PM org.solrmarc.marc.MarcImporter importRecords
INFO: Added record 293 read from file: shumarc_424033
May 1, 2013 4:11:22 PM org.solrmarc.marc.MarcImporter importRecords
INFO: Added record 294 read from file: shumarc_514952
May 1, 2013 4:11:22 PM org.solrmarc.marc.MarcImporter importRecords
INFO: Added record 295 read from file: shumarc_627360
May 1, 2013 4:11:22 PM org.solrmarc.marc.MarcImporter importRecords
INFO: Added record 296 read from file: shumarc_199487
May 1, 2013 4:11:22 PM org.solrmarc.marc.MarcImporter importRecords
INFO: Added record 297 read from file: shumarc_488339
May 1, 2013 4:11:22 PM org.solrmarc.marc.MarcImporter importRecords
INFO: Added record 298 read from file: shumarc_552652
May 1, 2013 4:11:22 PM org.solrmarc.marc.MarcImporter importRecords
INFO: Added record 299 read from file: shumarc_155071
May 1, 2013 4:11:22 PM org.solrmarc.marc.MarcImporter importRecords
INFO: Added record 300 read from file: shumarc_47016
May 1, 2013 4:11:22 PM org.solrmarc.marc.MarcImporter importRecords
INFO: Added record 301 read from file: shumarc_514997
May 1, 2013 4:11:22 PM org.solrmarc.marc.MarcImporter importRecords
INFO: Added record 302 read from file: shumarc_55456
May 1, 2013 4:11:22 PM org.solrmarc.marc.MarcImporter importRecords
INFO: Added record 303 read from file: shumarc_286314
May 1, 2013 4:11:22 PM org.solrmarc.marc.MarcImporter importRecords
INFO: Added record 304 read from file: shumarc_67679
May 1, 2013 4:11:22 PM org.solrmarc.marc.MarcImporter importRecords
INFO: Added record 305 read from file: shumarc_186257
May 1, 2013 4:11:22 PM org.solrmarc.marc.MarcImporter importRecords
INFO: Added record 306 read from file: shumarc_472774
May 1, 2013 4:11:22 PM org.solrmarc.marc.MarcImporter importRecords
INFO: Added record 307 read from file: shumarc_270669
May 1, 2013 4:11:22 PM org.solrmarc.marc.MarcImporter importRecords
INFO: Added record 308 read from file: shumarc_244589
May 1, 2013 4:11:22 PM org.solrmarc.marc.MarcImporter importRecords
INFO: Added record 309 read from file: shumarc_95289
May 1, 2013 4:11:22 PM org.solrmarc.marc.MarcImporter importRecords
INFO: Added record 310 read from file: shumarc_152136
May 1, 2013 4:11:22 PM org.solrmarc.marc.MarcImporter importRecords
INFO: Added record 311 read from file: shumarc_557673
May 1, 2013 4:11:22 PM org.solrmarc.marc.MarcImporter importRecords
INFO: Added record 312 read from file: shumarc_164208
May 1, 2013 4:11:22 PM org.solrmarc.marc.MarcImporter importRecords
INFO: Added record 313 read from file: shumarc_625455
May 1, 2013 4:11:22 PM org.solrmarc.marc.MarcImporter importRecords
INFO: Added record 314 read from file: shumarc_519792
May 1, 2013 4:11:22 PM org.solrmarc.marc.MarcImporter importRecords
INFO: Added record 315 read from file: shumarc_277911
May 1, 2013 4:11:22 PM org.solrmarc.marc.MarcImporter importRecords
INFO: Added record 316 read from file: shumarc_398411
May 1, 2013 4:11:22 PM org.solrmarc.marc.MarcImporter importRecords
INFO: Added record 317 read from file: shumarc_351849
May 1, 2013 4:11:22 PM org.solrmarc.marc.MarcImporter importRecords
INFO: Added record 318 read from file: shumarc_501468
May 1, 2013 4:11:22 PM org.solrmarc.marc.MarcImporter importRecords
INFO: Added record 319 read from file: shumarc_170478
May 1, 2013 4:11:22 PM org.solrmarc.marc.MarcImporter importRecords
INFO: Added record 320 read from file: shumarc_527857
May 1, 2013 4:11:22 PM org.solrmarc.marc.MarcImporter importRecords
INFO: Added record 321 read from file: shumarc_261641
May 1, 2013 4:11:22 PM org.solrmarc.marc.MarcImporter importRecords
INFO: Added record 322 read from file: shumarc_559812
May 1, 2013 4:11:22 PM org.solrmarc.marc.MarcImporter importRecords
INFO: Added record 323 read from file: shumarc_521358
May 1, 2013 4:11:22 PM org.solrmarc.marc.MarcImporter importRecords
INFO: Added record 324 read from file: shumarc_552613
May 1, 2013 4:11:22 PM org.solrmarc.marc.MarcImporter importRecords
INFO: Added record 325 read from file: shumarc_513360
May 1, 2013 4:11:22 PM org.solrmarc.marc.MarcImporter importRecords
INFO: Added record 326 read from file: shumarc_629618
May 1, 2013 4:11:22 PM org.solrmarc.marc.MarcImporter importRecords
INFO: Added record 327 read from file: shumarc_87863
May 1, 2013 4:11:22 PM org.solrmarc.marc.MarcImporter importRecords
INFO: Added record 328 read from file: shumarc_279661
May 1, 2013 4:11:22 PM org.solrmarc.marc.MarcImporter importRecords
INFO: Added record 329 read from file: shumarc_126620
May 1, 2013 4:11:22 PM org.solrmarc.marc.MarcImporter importRecords
INFO: Added record 330 read from file: shumarc_624539
May 1, 2013 4:11:22 PM org.solrmarc.marc.MarcImporter importRecords
INFO: Added record 331 read from file: shumarc_335638
May 1, 2013 4:11:22 PM org.solrmarc.marc.MarcImporter importRecords
INFO: Added record 332 read from file: shumarc_529687
May 1, 2013 4:11:22 PM org.solrmarc.marc.MarcImporter importRecords
INFO: Added record 333 read from file: shumarc_155076
May 1, 2013 4:11:22 PM org.solrmarc.marc.MarcImporter importRecords
INFO: Added record 334 read from file: shumarc_425743
May 1, 2013 4:11:22 PM org.solrmarc.marc.MarcImporter importRecords
INFO: Added record 335 read from file: shumarc_54887
May 1, 2013 4:11:22 PM org.solrmarc.marc.MarcImporter importRecords
INFO: Added record 336 read from file: shumarc_578844
May 1, 2013 4:11:22 PM org.solrmarc.marc.MarcImporter importRecords
INFO: Added record 337 read from file: shumarc_174400
May 1, 2013 4:11:22 PM org.solrmarc.marc.MarcImporter importRecords
INFO: Added record 338 read from file: shumarc_249408
May 1, 2013 4:11:22 PM org.solrmarc.marc.MarcImporter importRecords
INFO: Added record 339 read from file: shumarc_87947
May 1, 2013 4:11:22 PM org.solrmarc.marc.MarcImporter importRecords
INFO: Added record 340 read from file: shumarc_23409
May 1, 2013 4:11:22 PM org.solrmarc.marc.MarcImporter importRecords
INFO: Added record 341 read from file: shumarc_627236
May 1, 2013 4:11:22 PM org.solrmarc.marc.MarcImporter importRecords
INFO: Added record 342 read from file: shumarc_629610
May 1, 2013 4:11:22 PM org.solrmarc.marc.MarcImporter importRecords
INFO: Added record 343 read from file: shumarc_254699
May 1, 2013 4:11:22 PM org.solrmarc.marc.MarcImporter importRecords
INFO: Added record 344 read from file: shumarc_345702
May 1, 2013 4:11:22 PM org.solrmarc.marc.MarcImporter importRecords
INFO: Added record 345 read from file: shumarc_250361
May 1, 2013 4:11:22 PM org.solrmarc.marc.MarcImporter importRecords
INFO: Added record 346 read from file: shumarc_551871
May 1, 2013 4:11:22 PM org.solrmarc.marc.MarcImporter importRecords
INFO: Added record 347 read from file: shumarc_510813
May 1, 2013 4:11:22 PM org.solrmarc.marc.MarcImporter importRecords
INFO: Added record 348 read from file: shumarc_72302
May 1, 2013 4:11:22 PM org.solrmarc.marc.MarcImporter importRecords
INFO: Added record 349 read from file: shumarc_279446
May 1, 2013 4:11:22 PM org.solrmarc.marc.MarcImporter importRecords
INFO: Added record 350 read from file: shumarc_278155
May 1, 2013 4:11:22 PM org.solrmarc.marc.MarcImporter importRecords
INFO: Added record 351 read from file: shumarc_278517
May 1, 2013 4:11:23 PM org.solrmarc.marc.MarcImporter importRecords
INFO: Added record 352 read from file: shumarc_485215
May 1, 2013 4:11:23 PM org.solrmarc.marc.MarcImporter importRecords
INFO: Added record 353 read from file: shumarc_509464
May 1, 2013 4:11:23 PM org.solrmarc.marc.MarcImporter importRecords
INFO: Added record 354 read from file: shumarc_533771
May 1, 2013 4:11:23 PM org.solrmarc.marc.MarcImporter importRecords
INFO: Added record 355 read from file: shumarc_554544
May 1, 2013 4:11:23 PM org.solrmarc.marc.MarcImporter importRecords
INFO: Added record 356 read from file: shumarc_128666
May 1, 2013 4:11:23 PM org.solrmarc.marc.MarcImporter importRecords
INFO: Added record 357 read from file: shumarc_533889
May 1, 2013 4:11:23 PM org.solrmarc.marc.MarcImporter importRecords
INFO: Added record 358 read from file: shumarc_187695
May 1, 2013 4:11:23 PM org.solrmarc.marc.MarcImporter importRecords
INFO: Added record 359 read from file: shumarc_88967
May 1, 2013 4:11:23 PM org.solrmarc.marc.MarcImporter importRecords
INFO: Added record 360 read from file: shumarc_523521
May 1, 2013 4:11:23 PM org.solrmarc.marc.MarcImporter importRecords
INFO: Added record 361 read from file: shumarc_664362
May 1, 2013 4:11:23 PM org.solrmarc.marc.MarcImporter importRecords
INFO: Added record 362 read from file: shumarc_661895
May 1, 2013 4:11:23 PM org.solrmarc.marc.MarcImporter importRecords
INFO: Added record 363 read from file: shumarc_664395
May 1, 2013 4:11:23 PM org.solrmarc.marc.MarcImporter importRecords
INFO: Added record 364 read from file: shumarc_509689
May 1, 2013 4:11:23 PM org.solrmarc.marc.MarcImporter importRecords
INFO: Added record 365 read from file: shumarc_110915
May 1, 2013 4:11:23 PM org.solrmarc.marc.MarcImporter importRecords
INFO: Added record 366 read from file: shumarc_281436
May 1, 2013 4:11:23 PM org.solrmarc.marc.MarcImporter importRecords
INFO: Added record 367 read from file: shumarc_231067
May 1, 2013 4:11:23 PM org.solrmarc.marc.MarcImporter importRecords
INFO: Added record 368 read from file: shumarc_533892
May 1, 2013 4:11:23 PM org.solrmarc.marc.MarcImporter importRecords
INFO: Added record 369 read from file: shumarc_53284
May 1, 2013 4:11:23 PM org.solrmarc.marc.MarcImporter importRecords
INFO: Added record 370 read from file: shumarc_533773
May 1, 2013 4:11:23 PM org.solrmarc.marc.MarcImporter importRecords
INFO: Added record 371 read from file: shumarc_501270
May 1, 2013 4:11:23 PM org.solrmarc.marc.MarcImporter importRecords
INFO: Added record 372 read from file: shumarc_89022
May 1, 2013 4:11:23 PM org.solrmarc.marc.MarcImporter importRecords
INFO: Added record 373 read from file: shumarc_661897
May 1, 2013 4:11:23 PM org.solrmarc.marc.MarcImporter importRecords
INFO: Added record 374 read from file: shumarc_661799
May 1, 2013 4:11:23 PM org.solrmarc.marc.MarcImporter importRecords
INFO: Added record 375 read from file: shumarc_661759
May 1, 2013 4:11:23 PM org.solrmarc.marc.MarcImporter importRecords
INFO: Added record 376 read from file: shumarc_663303
May 1, 2013 4:11:23 PM org.solrmarc.marc.MarcImporter importRecords
INFO: Added record 377 read from file: shumarc_664389
May 1, 2013 4:11:23 PM org.solrmarc.marc.MarcImporter importRecords
INFO: Added record 378 read from file: shumarc_128759
May 1, 2013 4:11:23 PM org.solrmarc.marc.MarcImporter importRecords
INFO: Added record 379 read from file: shumarc_178535
May 1, 2013 4:11:23 PM org.solrmarc.marc.MarcImporter importRecords
INFO: Added record 380 read from file: shumarc_249759
May 1, 2013 4:11:23 PM org.solrmarc.marc.MarcImporter importRecords
INFO: Added record 381 read from file: shumarc_543327
May 1, 2013 4:11:23 PM org.solrmarc.marc.MarcImporter importRecords
INFO: Added record 382 read from file: shumarc_599110
May 1, 2013 4:11:23 PM org.solrmarc.marc.MarcImporter importRecords
INFO: Added record 383 read from file: shumarc_664353
May 1, 2013 4:11:23 PM org.solrmarc.marc.MarcImporter importRecords
INFO: Added record 384 read from file: shumarc_172631
May 1, 2013 4:11:23 PM org.solrmarc.marc.MarcImporter importRecords
INFO: Added record 385 read from file: shumarc_664393
May 1, 2013 4:11:23 PM org.solrmarc.marc.MarcImporter importRecords
INFO: Added record 386 read from file: shumarc_249331
May 1, 2013 4:11:23 PM org.solrmarc.marc.MarcImporter importRecords
INFO: Added record 387 read from file: shumarc_62814
May 1, 2013 4:11:23 PM org.solrmarc.marc.MarcImporter importRecords
INFO: Added record 388 read from file: shumarc_263959
May 1, 2013 4:11:23 PM org.solrmarc.marc.MarcImporter importRecords
INFO: Added record 389 read from file: shumarc_254539
May 1, 2013 4:11:23 PM org.solrmarc.marc.MarcImporter importRecords
INFO: Added record 390 read from file: shumarc_533772
May 1, 2013 4:11:23 PM org.solrmarc.marc.MarcImporter importRecords
INFO: Added record 391 read from file: shumarc_313619
May 1, 2013 4:11:23 PM org.solrmarc.marc.MarcImporter importRecords
INFO: Added record 392 read from file: shumarc_534395
May 1, 2013 4:11:23 PM org.solrmarc.marc.MarcImporter importRecords
INFO: Added record 393 read from file: shumarc_502061
May 1, 2013 4:11:23 PM org.solrmarc.marc.MarcImporter importRecords
INFO: Added record 394 read from file: shumarc_232000
May 1, 2013 4:11:23 PM org.solrmarc.marc.MarcImporter importRecords
INFO: Added record 395 read from file: shumarc_231732
May 1, 2013 4:11:23 PM org.solrmarc.marc.MarcImporter importRecords
INFO: Added record 396 read from file: shumarc_267051
May 1, 2013 4:11:23 PM org.solrmarc.marc.MarcImporter importRecords
INFO: Added record 397 read from file: shumarc_605990
May 1, 2013 4:11:23 PM org.solrmarc.marc.MarcImporter importRecords
INFO: Added record 398 read from file: shumarc_664351
May 1, 2013 4:11:23 PM org.solrmarc.marc.MarcImporter importRecords
INFO: Added record 399 read from file: shumarc_661700
May 1, 2013 4:11:23 PM org.solrmarc.marc.MarcImporter importRecords
INFO: Added record 400 read from file: shumarc_464538
May 1, 2013 4:11:23 PM org.solrmarc.marc.MarcImporter importRecords
INFO: Added record 401 read from file: shumarc_122899
May 1, 2013 4:11:23 PM org.solrmarc.marc.MarcImporter importRecords
INFO: Added record 402 read from file: shumarc_83290
May 1, 2013 4:11:23 PM org.solrmarc.marc.MarcImporter importRecords
INFO: Added record 403 read from file: shumarc_64612
May 1, 2013 4:11:23 PM org.solrmarc.marc.MarcImporter importRecords
INFO: Added record 404 read from file: shumarc_168896
May 1, 2013 4:11:23 PM org.solrmarc.marc.MarcImporter importRecords
INFO: Added record 405 read from file: shumarc_534396
May 1, 2013 4:11:23 PM org.solrmarc.marc.MarcImporter importRecords
INFO: Added record 406 read from file: shumarc_3178
May 1, 2013 4:11:23 PM org.solrmarc.marc.MarcImporter importRecords
INFO: Added record 407 read from file: shumarc_661621
May 1, 2013 4:11:23 PM org.solrmarc.marc.MarcImporter importRecords
INFO: Added record 408 read from file: shumarc_664349
May 1, 2013 4:11:23 PM org.solrmarc.marc.MarcImporter importRecords
INFO: Added record 409 read from file: shumarc_661795
May 1, 2013 4:11:23 PM org.solrmarc.marc.MarcImporter importRecords
INFO: Added record 410 read from file: shumarc_663317
May 1, 2013 4:11:23 PM org.solrmarc.marc.MarcImporter importRecords
INFO: Added record 411 read from file: shumarc_627789
May 1, 2013 4:11:23 PM org.solrmarc.marc.MarcImporter importRecords
INFO: Added record 412 read from file: shumarc_179841
May 1, 2013 4:11:23 PM org.solrmarc.marc.MarcImporter importRecords
INFO: Added record 413 read from file: shumarc_509686
May 1, 2013 4:11:23 PM org.solrmarc.marc.MarcImporter importRecords
INFO: Added record 414 read from file: shumarc_90574
May 1, 2013 4:11:23 PM org.solrmarc.marc.MarcImporter importRecords
INFO: Added record 415 read from file: shumarc_148581
May 1, 2013 4:11:23 PM org.solrmarc.marc.MarcImporter importRecords
INFO: Added record 416 read from file: shumarc_187682
May 1, 2013 4:11:23 PM org.solrmarc.marc.MarcImporter importRecords
INFO: Added record 417 read from file: shumarc_605962
May 1, 2013 4:11:23 PM org.solrmarc.marc.MarcImporter importRecords
INFO: Added record 418 read from file: shumarc_26271
May 1, 2013 4:11:23 PM org.solrmarc.marc.MarcImporter importRecords
INFO: Added record 419 read from file: shumarc_204732
May 1, 2013 4:11:23 PM org.solrmarc.marc.MarcImporter importRecords
INFO: Added record 420 read from file: shumarc_661702
May 1, 2013 4:11:23 PM org.solrmarc.marc.MarcImporter importRecords
INFO: Added record 421 read from file: shumarc_485215
May 1, 2013 4:11:23 PM org.solrmarc.marc.MarcImporter importRecords
INFO: Added record 422 read from file: shumarc_509464
May 1, 2013 4:11:23 PM org.solrmarc.marc.MarcImporter importRecords
INFO: Added record 423 read from file: shumarc_533771
May 1, 2013 4:11:23 PM org.solrmarc.marc.MarcImporter importRecords
INFO: Added record 424 read from file: shumarc_554544
May 1, 2013 4:11:23 PM org.solrmarc.marc.MarcImporter importRecords
INFO: Added record 425 read from file: shumarc_128666
May 1, 2013 4:11:23 PM org.solrmarc.marc.MarcImporter importRecords
INFO: Added record 426 read from file: shumarc_533889
May 1, 2013 4:11:23 PM org.solrmarc.marc.MarcImporter importRecords
INFO: Added record 427 read from file: shumarc_187695
May 1, 2013 4:11:23 PM org.solrmarc.marc.MarcImporter importRecords
INFO: Added record 428 read from file: shumarc_88967
May 1, 2013 4:11:23 PM org.solrmarc.marc.MarcImporter importRecords
INFO: Added record 429 read from file: shumarc_523521
May 1, 2013 4:11:23 PM org.solrmarc.marc.MarcImporter importRecords
INFO: Added record 430 read from file: shumarc_509689
May 1, 2013 4:11:23 PM org.solrmarc.marc.MarcImporter importRecords
INFO: Added record 431 read from file: shumarc_110915
May 1, 2013 4:11:23 PM org.solrmarc.marc.MarcImporter importRecords
INFO: Added record 432 read from file: shumarc_281436
May 1, 2013 4:11:23 PM org.solrmarc.marc.MarcImporter importRecords
INFO: Added record 433 read from file: shumarc_231067
May 1, 2013 4:11:23 PM org.solrmarc.marc.MarcImporter importRecords
INFO: Added record 434 read from file: shumarc_533892
May 1, 2013 4:11:23 PM org.solrmarc.marc.MarcImporter importRecords
INFO: Added record 435 read from file: shumarc_53284
May 1, 2013 4:11:23 PM org.solrmarc.marc.MarcImporter importRecords
INFO: Added record 436 read from file: shumarc_533773
May 1, 2013 4:11:23 PM org.solrmarc.marc.MarcImporter importRecords
INFO: Added record 437 read from file: shumarc_501270
May 1, 2013 4:11:23 PM org.solrmarc.marc.MarcImporter importRecords
INFO: Added record 438 read from file: shumarc_89022
May 1, 2013 4:11:23 PM org.solrmarc.marc.MarcImporter importRecords
INFO: Added record 439 read from file: shumarc_128759
May 1, 2013 4:11:23 PM org.solrmarc.marc.MarcImporter importRecords
INFO: Added record 440 read from file: shumarc_178535
May 1, 2013 4:11:23 PM org.solrmarc.marc.MarcImporter importRecords
INFO: Added record 441 read from file: shumarc_249759
May 1, 2013 4:11:23 PM org.solrmarc.marc.MarcImporter importRecords
INFO: Added record 442 read from file: shumarc_543327
May 1, 2013 4:11:23 PM org.solrmarc.marc.MarcImporter importRecords
INFO: Added record 443 read from file: shumarc_599110
May 1, 2013 4:11:23 PM org.solrmarc.marc.MarcImporter importRecords
INFO: Added record 444 read from file: shumarc_249331
May 1, 2013 4:11:23 PM org.solrmarc.marc.MarcImporter importRecords
INFO: Added record 445 read from file: shumarc_62814
May 1, 2013 4:11:23 PM org.solrmarc.marc.MarcImporter importRecords
INFO: Added record 446 read from file: shumarc_263959
May 1, 2013 4:11:23 PM org.solrmarc.marc.MarcImporter importRecords
INFO: Added record 447 read from file: shumarc_254539
May 1, 2013 4:11:23 PM org.solrmarc.marc.MarcImporter importRecords
INFO: Added record 448 read from file: shumarc_533772
May 1, 2013 4:11:23 PM org.solrmarc.marc.MarcImporter importRecords
INFO: Added record 449 read from file: shumarc_313619
May 1, 2013 4:11:23 PM org.solrmarc.marc.MarcImporter importRecords
INFO: Added record 450 read from file: shumarc_534395
May 1, 2013 4:11:23 PM org.solrmarc.marc.MarcImporter importRecords
INFO: Added record 451 read from file: shumarc_502061
May 1, 2013 4:11:23 PM org.solrmarc.marc.MarcImporter importRecords
INFO: Added record 452 read from file: shumarc_232000
May 1, 2013 4:11:23 PM org.solrmarc.marc.MarcImporter importRecords
INFO: Added record 453 read from file: shumarc_231732
May 1, 2013 4:11:23 PM org.solrmarc.marc.MarcImporter importRecords
INFO: Added record 454 read from file: shumarc_267051
May 1, 2013 4:11:23 PM org.solrmarc.marc.MarcImporter importRecords
INFO: Added record 455 read from file: shumarc_605990
May 1, 2013 4:11:23 PM org.solrmarc.marc.MarcImporter importRecords
INFO: Added record 456 read from file: shumarc_122899
May 1, 2013 4:11:23 PM org.solrmarc.marc.MarcImporter importRecords
INFO: Added record 457 read from file: shumarc_83290
May 1, 2013 4:11:23 PM org.solrmarc.marc.MarcImporter importRecords
INFO: Added record 458 read from file: shumarc_64612
May 1, 2013 4:11:23 PM org.solrmarc.marc.MarcImporter importRecords
INFO: Added record 459 read from file: shumarc_168896
May 1, 2013 4:11:23 PM org.solrmarc.marc.MarcImporter importRecords
INFO: Added record 460 read from file: shumarc_534396
May 1, 2013 4:11:23 PM org.solrmarc.marc.MarcImporter importRecords
INFO: Added record 461 read from file: shumarc_3178
May 1, 2013 4:11:23 PM org.solrmarc.marc.MarcImporter importRecords
INFO: Added record 462 read from file: shumarc_627789
May 1, 2013 4:11:23 PM org.solrmarc.marc.MarcImporter importRecords
INFO: Added record 463 read from file: shumarc_179841
May 1, 2013 4:11:23 PM org.solrmarc.marc.MarcImporter importRecords
INFO: Added record 464 read from file: shumarc_509686
May 1, 2013 4:11:23 PM org.solrmarc.marc.MarcImporter importRecords
INFO: Added record 465 read from file: shumarc_90574
May 1, 2013 4:11:23 PM org.solrmarc.marc.MarcImporter importRecords
INFO: Added record 466 read from file: shumarc_148581
May 1, 2013 4:11:23 PM org.solrmarc.marc.MarcImporter importRecords
INFO: Added record 467 read from file: shumarc_187682
May 1, 2013 4:11:23 PM org.solrmarc.marc.MarcImporter importRecords
INFO: Added record 468 read from file: shumarc_605962
May 1, 2013 4:11:23 PM org.solrmarc.marc.MarcImporter importRecords
INFO: Added record 469 read from file: shumarc_26271
May 1, 2013 4:11:23 PM org.solrmarc.marc.MarcImporter importRecords
INFO: Added record 470 read from file: shumarc_204732
May 1, 2013 4:11:23 PM org.solrmarc.marc.MarcImporter importRecords
INFO: Added record 471 read from file: shumarc_884924
May 1, 2013 4:11:23 PM org.solrmarc.marc.MarcImporter importRecords
INFO: Added record 472 read from file: shumarc_885114
May 1, 2013 4:11:23 PM org.solrmarc.marc.MarcImporter importRecords
INFO: Added record 473 read from file: shumarc_892247
May 1, 2013 4:11:23 PM org.solrmarc.marc.MarcImporter importRecords
INFO: Added record 474 read from file: shumarc_892869
May 1, 2013 4:11:23 PM org.solrmarc.marc.MarcImporter importRecords
INFO: Added record 475 read from file: shumarc_892881
May 1, 2013 4:11:23 PM org.solrmarc.marc.MarcImporter importRecords
INFO: Added record 476 read from file: shumarc_892886
May 1, 2013 4:11:23 PM org.solrmarc.marc.MarcImporter importRecords
INFO: Added record 477 read from file: shumarc_892888
May 1, 2013 4:11:23 PM org.solrmarc.marc.MarcImporter importRecords
INFO: Added record 478 read from file: shumarc_892919
May 1, 2013 4:11:23 PM org.solrmarc.marc.MarcImporter importRecords
INFO: Added record 479 read from file: shumarc_893016
May 1, 2013 4:11:23 PM org.solrmarc.marc.MarcImporter importRecords
INFO: Added record 480 read from file: shumarc_893349
May 1, 2013 4:11:23 PM org.solrmarc.marc.MarcImporter importRecords
INFO: Added record 481 read from file: shumarc_894157
May 1, 2013 4:11:23 PM org.solrmarc.marc.MarcImporter importRecords
INFO: Added record 482 read from file: shumarc_901406
May 1, 2013 4:11:23 PM org.solrmarc.marc.MarcImporter importRecords
INFO: Added record 483 read from file: shumarc_884960
May 1, 2013 4:11:23 PM org.solrmarc.marc.MarcImporter importRecords
INFO: Added record 484 read from file: shumarc_888802
May 1, 2013 4:11:23 PM org.solrmarc.marc.MarcImporter importRecords
INFO: Added record 485 read from file: shumarc_889022
May 1, 2013 4:11:23 PM org.solrmarc.marc.MarcImporter importRecords
INFO: Added record 486 read from file: shumarc_888451
May 1, 2013 4:11:23 PM org.solrmarc.marc.MarcImporter importRecords
INFO: Added record 487 read from file: shumarc_892471
May 1, 2013 4:11:23 PM org.solrmarc.marc.MarcImporter importRecords
INFO: Added record 488 read from file: shumarc_893264
May 1, 2013 4:11:23 PM org.solrmarc.marc.MarcImporter importRecords
INFO: Added record 489 read from file: shumarc_895677
May 1, 2013 4:11:23 PM org.solrmarc.marc.MarcImporter importRecords
INFO: Added record 490 read from file: shumarc_901695
May 1, 2013 4:11:23 PM org.solrmarc.marc.MarcImporter importRecords
INFO: Added record 491 read from file: shumarc_901698
May 1, 2013 4:11:23 PM org.solrmarc.marc.MarcImporter importRecords
INFO: Added record 492 read from file: shumarc_852490
May 1, 2013 4:11:23 PM org.solrmarc.marc.MarcImporter importRecords
INFO: Added record 493 read from file: shumarc_884161
May 1, 2013 4:11:23 PM org.solrmarc.marc.MarcImporter importRecords
INFO: Added record 494 read from file: shumarc_885967
May 1, 2013 4:11:23 PM org.solrmarc.marc.MarcImporter importRecords
INFO: Added record 495 read from file: shumarc_888416
May 1, 2013 4:11:23 PM org.solrmarc.marc.MarcImporter importRecords
INFO: Added record 496 read from file: shumarc_893014
May 1, 2013 4:11:23 PM org.solrmarc.marc.MarcImporter importRecords
INFO: Added record 497 read from file: shumarc_893019
May 1, 2013 4:11:23 PM org.solrmarc.marc.MarcImporter importRecords
INFO: Added record 498 read from file: shumarc_893267
May 1, 2013 4:11:23 PM org.solrmarc.marc.MarcImporter importRecords
INFO: Added record 499 read from file: shumarc_901939
May 1, 2013 4:11:23 PM org.solrmarc.marc.MarcImporter importRecords
INFO: Added record 500 read from file: shumarc_884773
May 1, 2013 4:11:23 PM org.solrmarc.marc.MarcImporter importRecords
INFO: Added record 501 read from file: shumarc_884839
May 1, 2013 4:11:23 PM org.solrmarc.marc.MarcImporter importRecords
INFO: Added record 502 read from file: shumarc_885138
May 1, 2013 4:11:23 PM org.solrmarc.marc.MarcImporter importRecords
INFO: Added record 503 read from file: shumarc_886117
May 1, 2013 4:11:23 PM org.solrmarc.marc.MarcImporter importRecords
INFO: Added record 504 read from file: shumarc_676260
May 1, 2013 4:11:23 PM org.solrmarc.marc.MarcImporter importRecords
INFO: Added record 505 read from file: shumarc_889848
May 1, 2013 4:11:23 PM org.solrmarc.marc.MarcImporter importRecords
INFO: Added record 506 read from file: shumarc_892260
May 1, 2013 4:11:23 PM org.solrmarc.marc.MarcImporter importRecords
INFO: Added record 507 read from file: shumarc_892805
May 1, 2013 4:11:23 PM org.solrmarc.marc.MarcImporter importRecords
INFO: Added record 508 read from file: shumarc_893262
May 1, 2013 4:11:23 PM org.solrmarc.marc.MarcImporter importRecords
INFO: Added record 509 read from file: shumarc_893352
May 1, 2013 4:11:23 PM org.solrmarc.marc.MarcImporter importRecords
INFO: Added record 510 read from file: shumarc_893358
May 1, 2013 4:11:23 PM org.solrmarc.marc.MarcImporter importRecords
INFO: Added record 511 read from file: shumarc_893611
May 1, 2013 4:11:23 PM org.solrmarc.marc.MarcImporter importRecords
INFO: Added record 512 read from file: shumarc_895663
May 1, 2013 4:11:23 PM org.solrmarc.marc.MarcImporter importRecords
INFO: Added record 513 read from file: shumarc_901409
May 1, 2013 4:11:23 PM org.solrmarc.marc.MarcImporter importRecords
INFO: Added record 514 read from file: shumarc_901586
May 1, 2013 4:11:23 PM org.solrmarc.marc.MarcImporter importRecords
INFO: Added record 515 read from file: shumarc_214427
May 1, 2013 4:11:23 PM org.solrmarc.marc.MarcImporter importRecords
INFO: Added record 516 read from file: shumarc_676247
May 1, 2013 4:11:23 PM org.solrmarc.marc.MarcImporter importRecords
INFO: Added record 517 read from file: shumarc_892882
May 1, 2013 4:11:23 PM org.solrmarc.marc.MarcImporter importRecords
INFO: Added record 518 read from file: shumarc_893346
May 1, 2013 4:11:23 PM org.solrmarc.marc.MarcImporter importRecords
INFO: Added record 519 read from file: shumarc_893350
May 1, 2013 4:11:23 PM org.solrmarc.marc.MarcImporter importRecords
INFO: Added record 520 read from file: shumarc_901659
May 1, 2013 4:11:23 PM org.solrmarc.marc.MarcImporter importRecords
INFO: Added record 521 read from file: shumarc_884589
May 1, 2013 4:11:23 PM org.solrmarc.marc.MarcImporter importRecords
INFO: Added record 522 read from file: shumarc_891985
May 1, 2013 4:11:23 PM org.solrmarc.marc.MarcImporter importRecords
INFO: Added record 523 read from file: shumarc_892870
May 1, 2013 4:11:23 PM org.solrmarc.marc.MarcImporter importRecords
INFO: Added record 524 read from file: shumarc_893344
May 1, 2013 4:11:23 PM org.solrmarc.marc.MarcImporter importRecords
INFO: Added record 525 read from file: shumarc_895675
May 1, 2013 4:11:23 PM org.solrmarc.marc.MarcImporter importRecords
INFO: Added record 526 read from file: shumarc_901300
May 1, 2013 4:11:23 PM org.solrmarc.marc.MarcImporter importRecords
INFO: Added record 527 read from file: shumarc_901354
May 1, 2013 4:11:23 PM org.solrmarc.marc.MarcImporter importRecords
INFO: Added record 528 read from file: shumarc_901583
May 1, 2013 4:11:23 PM org.solrmarc.marc.MarcImporter importRecords
INFO: Added record 529 read from file: shumarc_882365
May 1, 2013 4:11:23 PM org.solrmarc.marc.MarcImporter importRecords
INFO: Added record 530 read from file: shumarc_23254
May 1, 2013 4:11:23 PM org.solrmarc.marc.MarcImporter importRecords
INFO: Added record 531 read from file: shumarc_884156
May 1, 2013 4:11:23 PM org.solrmarc.marc.MarcImporter importRecords
INFO: Added record 532 read from file: shumarc_886456
May 1, 2013 4:11:23 PM org.solrmarc.marc.MarcImporter importRecords
INFO: Added record 533 read from file: shumarc_886116
May 1, 2013 4:11:23 PM org.solrmarc.marc.MarcImporter importRecords
INFO: Added record 534 read from file: shumarc_888804
May 1, 2013 4:11:23 PM org.solrmarc.marc.MarcImporter importRecords
INFO: Added record 535 read from file: shumarc_892245
May 1, 2013 4:11:23 PM org.solrmarc.marc.MarcImporter importRecords
INFO: Added record 536 read from file: shumarc_515009
May 1, 2013 4:11:23 PM org.solrmarc.marc.MarcImporter importRecords
INFO: Added record 537 read from file: shumarc_892885
May 1, 2013 4:11:23 PM org.solrmarc.marc.MarcImporter importRecords
INFO: Added record 538 read from file: shumarc_893017
May 1, 2013 4:11:23 PM org.solrmarc.marc.MarcImporter importRecords
INFO: Added record 539 read from file: shumarc_893271
May 1, 2013 4:11:23 PM org.solrmarc.marc.MarcImporter importRecords
INFO: Added record 540 read from file: shumarc_893359
May 1, 2013 4:11:23 PM org.solrmarc.marc.MarcImporter importRecords
INFO: Added record 541 read from file: shumarc_895671
May 1, 2013 4:11:23 PM org.solrmarc.marc.MarcImporter importRecords
INFO: Added record 542 read from file: shumarc_901660
May 1, 2013 4:11:23 PM org.solrmarc.marc.MarcImporter importRecords
INFO: Added record 543 read from file: shumarc_901957
May 1, 2013 4:11:23 PM org.solrmarc.marc.MarcImporter importRecords
INFO: Added record 544 read from file: shumarc_901958
May 1, 2013 4:11:23 PM org.solrmarc.marc.MarcImporter importRecords
INFO: Added record 545 read from file: shumarc_885140
May 1, 2013 4:11:23 PM org.solrmarc.marc.MarcImporter importRecords
INFO: Added record 546 read from file: shumarc_885200
May 1, 2013 4:11:23 PM org.solrmarc.marc.MarcImporter importRecords
INFO: Added record 547 read from file: shumarc_885212
May 1, 2013 4:11:23 PM org.solrmarc.marc.MarcImporter importRecords
INFO: Added record 548 read from file: shumarc_678205
May 1, 2013 4:11:23 PM org.solrmarc.marc.MarcImporter importRecords
INFO: Added record 549 read from file: shumarc_892808
May 1, 2013 4:11:23 PM org.solrmarc.marc.MarcImporter importRecords
INFO: Added record 550 read from file: shumarc_892809
May 1, 2013 4:11:23 PM org.solrmarc.marc.MarcImporter importRecords
INFO: Added record 551 read from file: shumarc_892813
May 1, 2013 4:11:23 PM org.solrmarc.marc.MarcImporter importRecords
INFO: Added record 552 read from file: shumarc_892872
May 1, 2013 4:11:23 PM org.solrmarc.marc.MarcImporter importRecords
INFO: Added record 553 read from file: shumarc_893284
May 1, 2013 4:11:23 PM org.solrmarc.marc.MarcImporter importRecords
INFO: Added record 554 read from file: shumarc_893355
May 1, 2013 4:11:23 PM org.solrmarc.marc.MarcImporter importRecords
INFO: Added record 555 read from file: shumarc_895687
May 1, 2013 4:11:23 PM org.solrmarc.marc.MarcImporter importRecords
INFO: Added record 556 read from file: shumarc_901357
May 1, 2013 4:11:23 PM org.solrmarc.marc.MarcImporter importRecords
INFO: Added record 557 read from file: shumarc_901584
May 1, 2013 4:11:23 PM org.solrmarc.marc.MarcImporter importRecords
INFO: Added record 558 read from file: shumarc_901661
May 1, 2013 4:11:23 PM org.solrmarc.marc.MarcImporter importRecords
INFO: Added record 559 read from file: shumarc_901965
May 1, 2013 4:11:23 PM org.solrmarc.marc.MarcImporter handleAll
INFO:  Adding 559 of 559 documents to index
May 1, 2013 4:11:23 PM org.solrmarc.marc.MarcImporter handleAll
INFO:  Deleting 0 documents from index
May 1, 2013 4:11:23 PM org.solrmarc.marc.MarcImporter finish
INFO: Calling commit (with optimize set to false)
May 1, 2013 4:11:26 PM org.solrmarc.marc.MarcImporter finish
INFO: Done with the commit, closing Solr
May 1, 2013 4:11:26 PM org.solrmarc.marc.MarcImporter finish
INFO: Setting Solr closed flag
May 1, 2013 4:11:26 PM org.solrmarc.marc.MarcImporter signalServer
INFO: Connecting to solr server at URL: http://localhost:8081/solr/biblio/update
May 1, 2013 4:11:26 PM org.solrmarc.tools.SolrUpdate signalServer
INFO: <?xml version="1.0" encoding="UTF-8"?>
May 1, 2013 4:11:26 PM org.solrmarc.tools.SolrUpdate signalServer
INFO: <response>
May 1, 2013 4:11:26 PM org.solrmarc.tools.SolrUpdate signalServer
INFO: <lst name="responseHeader"><int name="status">0</int><int name="QTime">212</int></lst>
May 1, 2013 4:11:26 PM org.solrmarc.tools.SolrUpdate signalServer
INFO: </response>
