Jan 16, 2013 2:29:55 PM org.solrmarc.marc.MarcImporter main
INFO: Starting SolrMarc indexing.
Jan 16, 2013 2:29:55 PM org.solrmarc.tools.Utils getPropertyFileInputStream
INFO: Opening file: /shared/cportal_prod/data/vufind/import/import.properties
Jan 16, 2013 2:29:55 PM org.solrmarc.marc.MarcImporter getSolrServerProxy
INFO:  Updating to Solr index at /shared/cportal_prod/data/vufind/solr
Jan 16, 2013 2:29:55 PM org.solrmarc.marc.MarcImporter getSolrServerProxy
INFO:      Using Solr core biblio
Jan 16, 2013 2:29:55 PM org.solrmarc.solr.SolrCoreLoader loadEmbeddedCore
INFO: Using the multicore schema file at : /shared/cportal_prod/data/vufind/solr/solr.xml
Jan 16, 2013 2:29:55 PM org.solrmarc.solr.SolrCoreLoader loadEmbeddedCore
INFO: Using the biblio core
Jan 16, 2013 2:29:55 PM org.solrmarc.solr.SolrCoreLoader loadEmbeddedCore
INFO: Using the data directory of: /shared/cportal_prod/data/vufind/solr/biblio
Jan 16, 2013 2:29:56 PM org.solrmarc.marc.MarcHandler loadReader
INFO: Attempting to open data file: /shared/cportal_prod/data/crra/marc-updated/usd.marc
Jan 16, 2013 2:29:56 PM org.solrmarc.marc.MarcImporter importRecords
INFO: Added record 1 read from file: usd-1
Jan 16, 2013 2:29:56 PM org.solrmarc.marc.MarcImporter importRecords
INFO: Added record 2 read from file: usdmarc_usd-1
Jan 16, 2013 2:29:56 PM org.solrmarc.marc.MarcImporter importRecords
INFO: Added record 3 read from file: usd-1
Jan 16, 2013 2:29:56 PM org.solrmarc.marc.MarcImporter importRecords
INFO: Added record 4 read from file: usdmarc_ocm36824921
Jan 16, 2013 2:29:56 PM org.solrmarc.marc.MarcImporter importRecords
INFO: Added record 5 read from file: usdmarc_ocm33820008
Jan 16, 2013 2:29:56 PM org.solrmarc.marc.MarcImporter importRecords
INFO: Added record 6 read from file: usdmarc_ocm28587364
Jan 16, 2013 2:29:56 PM org.solrmarc.marc.MarcImporter importRecords
INFO: Added record 7 read from file: usdmarc_ocm25713061
Jan 16, 2013 2:29:56 PM org.solrmarc.marc.MarcImporter importRecords
INFO: Added record 8 read from file: usdmarc_ocm21227783
Jan 16, 2013 2:29:56 PM org.solrmarc.marc.MarcImporter importRecords
INFO: Added record 9 read from file: usdmarc_ocm21977616
Jan 16, 2013 2:29:56 PM org.solrmarc.marc.MarcImporter importRecords
INFO: Added record 10 read from file: usdmarc_ocm47280121
Jan 16, 2013 2:29:57 PM org.solrmarc.marc.MarcImporter importRecords
INFO: Added record 11 read from file: usdmarc_ocm21044953
Jan 16, 2013 2:29:57 PM org.solrmarc.marc.MarcImporter importRecords
INFO: Added record 12 read from file: usdmarc_ocm17233605
Jan 16, 2013 2:29:57 PM org.solrmarc.marc.MarcImporter importRecords
INFO: Added record 13 read from file: usdmarc_ocm18078261
Jan 16, 2013 2:29:57 PM org.solrmarc.marc.MarcImporter importRecords
INFO: Added record 14 read from file: usdmarc_ocm19984178
Jan 16, 2013 2:29:57 PM org.solrmarc.marc.MarcImporter importRecords
INFO: Added record 15 read from file: usdmarc_ocm32767292
Jan 16, 2013 2:29:57 PM org.solrmarc.marc.MarcImporter importRecords
INFO: Added record 16 read from file: usdmarc_ocm15549808
Jan 16, 2013 2:29:57 PM org.solrmarc.marc.MarcImporter importRecords
INFO: Added record 17 read from file: usdmarc_ocm17113283
Jan 16, 2013 2:29:57 PM org.solrmarc.marc.MarcImporter importRecords
INFO: Added record 18 read from file: usdmarc_ocm13524434
Jan 16, 2013 2:29:57 PM org.solrmarc.marc.MarcImporter importRecords
INFO: Added record 19 read from file: usdmarc_ocm12161458
Jan 16, 2013 2:29:57 PM org.solrmarc.marc.MarcImporter importRecords
INFO: Added record 20 read from file: usdmarc_ocm10183402
Jan 16, 2013 2:29:57 PM org.solrmarc.marc.MarcImporter importRecords
INFO: Added record 21 read from file: usdmarc_ocm06707271
Jan 16, 2013 2:29:57 PM org.solrmarc.marc.MarcImporter importRecords
INFO: Added record 22 read from file: usdmarc_ocm06069814
Jan 16, 2013 2:29:57 PM org.solrmarc.marc.MarcImporter importRecords
INFO: Added record 23 read from file: usdmarc_ocm02687185
Jan 16, 2013 2:29:57 PM org.solrmarc.marc.MarcImporter importRecords
INFO: Added record 24 read from file: usdmarc_ocm01080934
Jan 16, 2013 2:29:57 PM org.solrmarc.marc.MarcImporter importRecords
INFO: Added record 25 read from file: usdmarc_ocm04105145
Jan 16, 2013 2:29:57 PM org.solrmarc.marc.MarcImporter importRecords
INFO: Added record 26 read from file: usdmarc_ocm00096694
Jan 16, 2013 2:29:57 PM org.solrmarc.marc.MarcImporter importRecords
INFO: Added record 27 read from file: usdmarc_ocm00009899
Jan 16, 2013 2:29:57 PM org.solrmarc.marc.MarcImporter importRecords
INFO: Added record 28 read from file: usdmarc_ocm00047973
Jan 16, 2013 2:29:57 PM org.solrmarc.marc.MarcImporter importRecords
INFO: Added record 29 read from file: usdmarc_ocm00231779
Jan 16, 2013 2:29:57 PM org.solrmarc.marc.MarcImporter importRecords
INFO: Added record 30 read from file: usdmarc_ocm02019854
Jan 16, 2013 2:29:57 PM org.solrmarc.marc.MarcImporter importRecords
INFO: Added record 31 read from file: usdmarc_ocm00469265
Jan 16, 2013 2:29:57 PM org.solrmarc.marc.MarcImporter importRecords
INFO: Added record 32 read from file: usdmarc_ocm00470256
Jan 16, 2013 2:29:57 PM org.solrmarc.marc.MarcImporter importRecords
INFO: Added record 33 read from file: usdmarc_ocm03088652
Jan 16, 2013 2:29:57 PM org.solrmarc.marc.MarcImporter importRecords
INFO: Added record 34 read from file: usdmarc_ocm03032377
Jan 16, 2013 2:29:57 PM org.solrmarc.marc.MarcImporter importRecords
INFO: Added record 35 read from file: usdmarc_ocm02822342
Jan 16, 2013 2:29:57 PM org.solrmarc.marc.MarcImporter importRecords
INFO: Added record 36 read from file: usdmarc_ocm02603126
Jan 16, 2013 2:29:57 PM org.solrmarc.marc.MarcImporter importRecords
INFO: Added record 37 read from file: usdmarc_ocm04527410
Jan 16, 2013 2:29:57 PM org.solrmarc.marc.MarcImporter importRecords
INFO: Added record 38 read from file: usdmarc_ocm01210351
Jan 16, 2013 2:29:57 PM org.solrmarc.marc.MarcImporter importRecords
INFO: Added record 39 read from file: usdmarc_ocm35155826
Jan 16, 2013 2:29:57 PM org.solrmarc.marc.MarcImporter importRecords
INFO: Added record 40 read from file: usdmarc_ocm03441080
Jan 16, 2013 2:29:57 PM org.solrmarc.marc.MarcImporter importRecords
INFO: Added record 41 read from file: usdmarc_ocm15477535
Jan 16, 2013 2:29:57 PM org.solrmarc.marc.MarcImporter importRecords
INFO: Added record 42 read from file: usdmarc_ocm49343253
Jan 16, 2013 2:29:57 PM org.solrmarc.marc.MarcImporter importRecords
INFO: Added record 43 read from file: usdmarc_ocn133137533
Jan 16, 2013 2:29:57 PM org.solrmarc.marc.MarcImporter importRecords
INFO: Added record 44 read from file: usdmarc_ocm03931550
Jan 16, 2013 2:29:57 PM org.solrmarc.marc.MarcImporter importRecords
INFO: Added record 45 read from file: usdmarc_ocm21276655
Jan 16, 2013 2:29:57 PM org.solrmarc.marc.MarcImporter importRecords
INFO: Added record 46 read from file: usdmarc_ocm55996609
Jan 16, 2013 2:29:57 PM org.solrmarc.marc.MarcImporter importRecords
INFO: Added record 47 read from file: usdmarc_ocm09923190
Jan 16, 2013 2:29:57 PM org.solrmarc.marc.MarcImporter importRecords
INFO: Added record 48 read from file: usdmarc_ocm00172787
Jan 16, 2013 2:29:57 PM org.solrmarc.marc.MarcImporter importRecords
INFO: Added record 49 read from file: usdmarc_ocm00365605
Jan 16, 2013 2:29:57 PM org.solrmarc.marc.MarcImporter importRecords
INFO: Added record 50 read from file: usdmarc_ocm02991908
Jan 16, 2013 2:29:57 PM org.solrmarc.marc.MarcImporter importRecords
INFO: Added record 51 read from file: usdmarc_ocm06062899
Jan 16, 2013 2:29:57 PM org.solrmarc.marc.MarcImporter importRecords
INFO: Added record 52 read from file: usdmarc_ocm18329897
Jan 16, 2013 2:29:57 PM org.solrmarc.marc.MarcImporter importRecords
INFO: Added record 53 read from file: usdmarc_ocm00629677
Jan 16, 2013 2:29:57 PM org.solrmarc.marc.MarcImporter importRecords
INFO: Added record 54 read from file: usdmarc_ocm01223346
Jan 16, 2013 2:29:57 PM org.solrmarc.marc.MarcImporter importRecords
INFO: Added record 55 read from file: usdmarc_ocm00497992
Jan 16, 2013 2:29:57 PM org.solrmarc.marc.MarcImporter importRecords
INFO: Added record 56 read from file: usdmarc_ocm09397122
Jan 16, 2013 2:29:57 PM org.solrmarc.marc.MarcImporter importRecords
INFO: Added record 57 read from file: usdmarc_ocm02046788
Jan 16, 2013 2:29:57 PM org.solrmarc.marc.MarcImporter importRecords
INFO: Added record 58 read from file: usdmarc_ocm01601435
Jan 16, 2013 2:29:57 PM org.solrmarc.marc.MarcImporter importRecords
INFO: Added record 59 read from file: usdmarc_ocm00996514
Jan 16, 2013 2:29:57 PM org.solrmarc.marc.MarcImporter importRecords
INFO: Added record 60 read from file: usdmarc_ocm01371261
Jan 16, 2013 2:29:57 PM org.solrmarc.marc.MarcImporter importRecords
INFO: Added record 61 read from file: usdmarc_ocm01236332
Jan 16, 2013 2:29:57 PM org.solrmarc.marc.MarcImporter importRecords
INFO: Added record 62 read from file: usdmarc_ocm00648990
Jan 16, 2013 2:29:57 PM org.solrmarc.marc.MarcImporter importRecords
INFO: Added record 63 read from file: usdmarc_ocm04637951
Jan 16, 2013 2:29:57 PM org.solrmarc.marc.MarcImporter importRecords
INFO: Added record 64 read from file: usdmarc_ocm00475323
Jan 16, 2013 2:29:57 PM org.solrmarc.marc.MarcImporter importRecords
INFO: Added record 65 read from file: usdmarc_ocm01703614
Jan 16, 2013 2:29:57 PM org.solrmarc.marc.MarcImporter importRecords
INFO: Added record 66 read from file: usdmarc_ocm04347028
Jan 16, 2013 2:29:57 PM org.solrmarc.marc.MarcImporter importRecords
INFO: Added record 67 read from file: usdmarc_ocm01533441
Jan 16, 2013 2:29:57 PM org.solrmarc.marc.MarcImporter importRecords
INFO: Added record 68 read from file: usdmarc_ocm00925915
Jan 16, 2013 2:29:57 PM org.solrmarc.marc.MarcImporter importRecords
INFO: Added record 69 read from file: usdmarc_ocm05672172
Jan 16, 2013 2:29:57 PM org.solrmarc.marc.MarcImporter importRecords
INFO: Added record 70 read from file: usdmarc_ocm05243431
Jan 16, 2013 2:29:57 PM org.solrmarc.marc.MarcImporter importRecords
INFO: Added record 71 read from file: usdmarc_ocm01351058
Jan 16, 2013 2:29:57 PM org.solrmarc.marc.MarcImporter importRecords
INFO: Added record 72 read from file: usdmarc_ocm01611416
Jan 16, 2013 2:29:57 PM org.solrmarc.marc.MarcImporter importRecords
INFO: Added record 73 read from file: usdmarc_ocm00368272
Jan 16, 2013 2:29:57 PM org.solrmarc.marc.MarcImporter importRecords
INFO: Added record 74 read from file: usdmarc_ocm01138526
Jan 16, 2013 2:29:57 PM org.solrmarc.marc.MarcImporter importRecords
INFO: Added record 75 read from file: usdmarc_ocm01378052
Jan 16, 2013 2:29:57 PM org.solrmarc.marc.MarcImporter importRecords
INFO: Added record 76 read from file: usdmarc_ocm00670775
Jan 16, 2013 2:29:57 PM org.solrmarc.marc.MarcImporter importRecords
INFO: Added record 77 read from file: usdmarc_ocm03375724
Jan 16, 2013 2:29:57 PM org.solrmarc.marc.MarcImporter importRecords
INFO: Added record 78 read from file: usdmarc_ocm00674866
Jan 16, 2013 2:29:57 PM org.solrmarc.marc.MarcImporter importRecords
INFO: Added record 79 read from file: usdmarc_ocm07018201
Jan 16, 2013 2:29:57 PM org.solrmarc.marc.MarcImporter importRecords
INFO: Added record 80 read from file: usdmarc_ocm00649253
Jan 16, 2013 2:29:57 PM org.solrmarc.marc.MarcImporter importRecords
INFO: Added record 81 read from file: usdmarc_ocm01233125
Jan 16, 2013 2:29:57 PM org.solrmarc.marc.MarcImporter importRecords
INFO: Added record 82 read from file: usdmarc_ocm00809609
Jan 16, 2013 2:29:57 PM org.solrmarc.marc.MarcImporter importRecords
INFO: Added record 83 read from file: usdmarc_ocm02535457
Jan 16, 2013 2:29:57 PM org.solrmarc.marc.MarcImporter importRecords
INFO: Added record 84 read from file: usdmarc_ocm00350453
Jan 16, 2013 2:29:57 PM org.solrmarc.marc.MarcImporter importRecords
INFO: Added record 85 read from file: usdmarc_ocm00480517
Jan 16, 2013 2:29:57 PM org.solrmarc.marc.MarcImporter importRecords
INFO: Added record 86 read from file: usdmarc_ocm01294089
Jan 16, 2013 2:29:57 PM org.solrmarc.marc.MarcImporter importRecords
INFO: Added record 87 read from file: usdmarc_ocm01148098
Jan 16, 2013 2:29:57 PM org.solrmarc.marc.MarcImporter importRecords
INFO: Added record 88 read from file: usdmarc_ocm01221674
Jan 16, 2013 2:29:57 PM org.solrmarc.marc.MarcImporter importRecords
INFO: Added record 89 read from file: usdmarc_ocm01689738
Jan 16, 2013 2:29:57 PM org.solrmarc.marc.MarcImporter importRecords
INFO: Added record 90 read from file: usdmarc_ocm01653166
Jan 16, 2013 2:29:57 PM org.solrmarc.marc.MarcImporter importRecords
INFO: Added record 91 read from file: usdmarc_ocm03320930
Jan 16, 2013 2:29:57 PM org.solrmarc.marc.MarcImporter importRecords
INFO: Added record 92 read from file: usdmarc_ocm18234721
Jan 16, 2013 2:29:57 PM org.solrmarc.marc.MarcImporter importRecords
INFO: Added record 93 read from file: usdmarc_ocm23095793
Jan 16, 2013 2:29:57 PM org.solrmarc.marc.MarcImporter importRecords
INFO: Added record 94 read from file: usdmarc_ocm06468900
Jan 16, 2013 2:29:57 PM org.solrmarc.marc.MarcImporter importRecords
INFO: Added record 95 read from file: usdmarc_ocm00575998
Jan 16, 2013 2:29:57 PM org.solrmarc.marc.MarcImporter importRecords
INFO: Added record 96 read from file: usdmarc_ocm02947238
Jan 16, 2013 2:29:57 PM org.solrmarc.marc.MarcImporter importRecords
INFO: Added record 97 read from file: usdmarc_ocm01990821
Jan 16, 2013 2:29:57 PM org.solrmarc.marc.MarcImporter importRecords
INFO: Added record 98 read from file: usdmarc_ocm09409745
Jan 16, 2013 2:29:57 PM org.solrmarc.marc.MarcImporter importRecords
INFO: Added record 99 read from file: usdmarc_ocm03055451
Jan 16, 2013 2:29:57 PM org.solrmarc.marc.MarcImporter importRecords
INFO: Added record 100 read from file: usdmarc_ocm03463319
Jan 16, 2013 2:29:57 PM org.solrmarc.marc.MarcImporter importRecords
INFO: Added record 101 read from file: usdmarc_ocm07953935
Jan 16, 2013 2:29:57 PM org.solrmarc.marc.MarcImporter importRecords
INFO: Added record 102 read from file: usdmarc_ocm02051644
Jan 16, 2013 2:29:57 PM org.solrmarc.marc.MarcImporter importRecords
INFO: Added record 103 read from file: usdmarc_ocm01406916
Jan 16, 2013 2:29:57 PM org.solrmarc.marc.MarcImporter importRecords
INFO: Added record 104 read from file: usdmarc_ocm00385669
Jan 16, 2013 2:29:57 PM org.solrmarc.marc.MarcImporter importRecords
INFO: Added record 105 read from file: usdmarc_ocm00964719
Jan 16, 2013 2:29:57 PM org.solrmarc.marc.MarcImporter importRecords
INFO: Added record 106 read from file: usdmarc_ocm00385262
Jan 16, 2013 2:29:57 PM org.solrmarc.marc.MarcImporter importRecords
INFO: Added record 107 read from file: usdmarc_ocm02150541
Jan 16, 2013 2:29:57 PM org.solrmarc.marc.MarcImporter importRecords
INFO: Added record 108 read from file: usdmarc_ocm03021116
Jan 16, 2013 2:29:57 PM org.solrmarc.marc.MarcImporter importRecords
INFO: Added record 109 read from file: usdmarc_ocm04844341
Jan 16, 2013 2:29:57 PM org.solrmarc.marc.MarcImporter importRecords
INFO: Added record 110 read from file: usdmarc_ocm01723085
Jan 16, 2013 2:29:57 PM org.solrmarc.marc.MarcImporter importRecords
INFO: Added record 111 read from file: usdmarc_ocm01002254
Jan 16, 2013 2:29:57 PM org.solrmarc.marc.MarcImporter importRecords
INFO: Added record 112 read from file: usdmarc_ocm04990714
Jan 16, 2013 2:29:57 PM org.solrmarc.marc.MarcImporter importRecords
INFO: Added record 113 read from file: usdmarc_ocm02858935
Jan 16, 2013 2:29:57 PM org.solrmarc.marc.MarcImporter importRecords
INFO: Added record 114 read from file: usdmarc_ocm02216400
Jan 16, 2013 2:29:57 PM org.solrmarc.marc.MarcImporter importRecords
INFO: Added record 115 read from file: usdmarc_ocm03022780
Jan 16, 2013 2:29:57 PM org.solrmarc.marc.MarcImporter importRecords
INFO: Added record 116 read from file: usdmarc_ocm00833940
Jan 16, 2013 2:29:57 PM org.solrmarc.marc.MarcImporter importRecords
INFO: Added record 117 read from file: usdmarc_ocm00933750
Jan 16, 2013 2:29:57 PM org.solrmarc.marc.MarcImporter importRecords
INFO: Added record 118 read from file: usdmarc_ocm06683978
Jan 16, 2013 2:29:57 PM org.solrmarc.marc.MarcImporter importRecords
INFO: Added record 119 read from file: usdmarc_ocm01938004
Jan 16, 2013 2:29:57 PM org.solrmarc.marc.MarcImporter importRecords
INFO: Added record 120 read from file: usdmarc_ocm00973934
Jan 16, 2013 2:29:57 PM org.solrmarc.marc.MarcImporter importRecords
INFO: Added record 121 read from file: usdmarc_ocm01235578
Jan 16, 2013 2:29:57 PM org.solrmarc.marc.MarcImporter importRecords
INFO: Added record 122 read from file: usdmarc_ocm01806663
Jan 16, 2013 2:29:57 PM org.solrmarc.marc.MarcImporter importRecords
INFO: Added record 123 read from file: usdmarc_ocm02499514
Jan 16, 2013 2:29:57 PM org.solrmarc.marc.MarcImporter importRecords
INFO: Added record 124 read from file: usdmarc_ocm17968359
Jan 16, 2013 2:29:57 PM org.solrmarc.marc.MarcImporter importRecords
INFO: Added record 125 read from file: usdmarc_ocm02658620
Jan 16, 2013 2:29:57 PM org.solrmarc.marc.MarcImporter importRecords
INFO: Added record 126 read from file: usdmarc_ocm00635262
Jan 16, 2013 2:29:57 PM org.solrmarc.marc.MarcImporter importRecords
INFO: Added record 127 read from file: usdmarc_ocm06591691
Jan 16, 2013 2:29:57 PM org.solrmarc.marc.MarcImporter importRecords
INFO: Added record 128 read from file: usdmarc_ocm08596769
Jan 16, 2013 2:29:57 PM org.solrmarc.marc.MarcImporter importRecords
INFO: Added record 129 read from file: usdmarc_ocm06051523
Jan 16, 2013 2:29:57 PM org.solrmarc.marc.MarcImporter importRecords
INFO: Added record 130 read from file: usdmarc_ocm03578923
Jan 16, 2013 2:29:57 PM org.solrmarc.marc.MarcImporter importRecords
INFO: Added record 131 read from file: usdmarc_ocm02607093
Jan 16, 2013 2:29:57 PM org.solrmarc.marc.MarcImporter importRecords
INFO: Added record 132 read from file: usdmarc_ocm01165561
Jan 16, 2013 2:29:57 PM org.solrmarc.marc.MarcImporter importRecords
INFO: Added record 133 read from file: usdmarc_ocm01922535
Jan 16, 2013 2:29:57 PM org.solrmarc.marc.MarcImporter importRecords
INFO: Added record 134 read from file: usdmarc_ocm04812904
Jan 16, 2013 2:29:57 PM org.solrmarc.marc.MarcImporter importRecords
INFO: Added record 135 read from file: usdmarc_ocm01242684
Jan 16, 2013 2:29:57 PM org.solrmarc.marc.MarcImporter importRecords
INFO: Added record 136 read from file: usdmarc_ocm03531230
Jan 16, 2013 2:29:57 PM org.solrmarc.marc.MarcImporter importRecords
INFO: Added record 137 read from file: usdmarc_ocm06914165
Jan 16, 2013 2:29:57 PM org.solrmarc.marc.MarcImporter importRecords
INFO: Added record 138 read from file: usdmarc_ocm06914169
Jan 16, 2013 2:29:57 PM org.solrmarc.marc.MarcImporter importRecords
INFO: Added record 139 read from file: usdmarc_ocm01234997
Jan 16, 2013 2:29:57 PM org.solrmarc.marc.MarcImporter importRecords
INFO: Added record 140 read from file: usdmarc_ocm00888293
Jan 16, 2013 2:29:57 PM org.solrmarc.marc.MarcImporter importRecords
INFO: Added record 141 read from file: usdmarc_ocm03441094
Jan 16, 2013 2:29:57 PM org.solrmarc.marc.MarcImporter importRecords
INFO: Added record 142 read from file: usdmarc_ocm10345572
Jan 16, 2013 2:29:57 PM org.solrmarc.marc.MarcImporter importRecords
INFO: Added record 143 read from file: usdmarc_ocm06445259
Jan 16, 2013 2:29:57 PM org.solrmarc.marc.MarcImporter importRecords
INFO: Added record 144 read from file: usdmarc_ocm01042346
Jan 16, 2013 2:29:57 PM org.solrmarc.marc.MarcImporter importRecords
INFO: Added record 145 read from file: usdmarc_ocm01636098
Jan 16, 2013 2:29:57 PM org.solrmarc.marc.MarcImporter importRecords
INFO: Added record 146 read from file: usdmarc_ocm03431571
Jan 16, 2013 2:29:57 PM org.solrmarc.marc.MarcImporter importRecords
INFO: Added record 147 read from file: usdmarc_ocm00015998
Jan 16, 2013 2:29:57 PM org.solrmarc.marc.MarcImporter importRecords
INFO: Added record 148 read from file: usdmarc_ocm00891865
Jan 16, 2013 2:29:57 PM org.solrmarc.marc.MarcImporter importRecords
INFO: Added record 149 read from file: usdmarc_ocm01699267
Jan 16, 2013 2:29:57 PM org.solrmarc.marc.MarcImporter importRecords
INFO: Added record 150 read from file: usdmarc_ocm01424972
Jan 16, 2013 2:29:57 PM org.solrmarc.marc.MarcImporter importRecords
INFO: Added record 151 read from file: usdmarc_ocm01209754
Jan 16, 2013 2:29:57 PM org.solrmarc.marc.MarcImporter importRecords
INFO: Added record 152 read from file: usdmarc_ocm00594036
Jan 16, 2013 2:29:57 PM org.solrmarc.marc.MarcImporter importRecords
INFO: Added record 153 read from file: usdmarc_ocm01025192
Jan 16, 2013 2:29:57 PM org.solrmarc.marc.MarcImporter importRecords
INFO: Added record 154 read from file: usdmarc_ocm03180571
Jan 16, 2013 2:29:57 PM org.solrmarc.marc.MarcImporter importRecords
INFO: Added record 155 read from file: usdmarc_ocm06551891
Jan 16, 2013 2:29:57 PM org.solrmarc.marc.MarcImporter importRecords
INFO: Added record 156 read from file: usdmarc_ocm03962707
Jan 16, 2013 2:29:57 PM org.solrmarc.marc.MarcImporter importRecords
INFO: Added record 157 read from file: usdmarc_ocm08738406
Jan 16, 2013 2:29:57 PM org.solrmarc.marc.MarcImporter importRecords
INFO: Added record 158 read from file: usdmarc_ocm04346844
Jan 16, 2013 2:29:57 PM org.solrmarc.marc.MarcImporter importRecords
INFO: Added record 159 read from file: usdmarc_ocm04827664
Jan 16, 2013 2:29:57 PM org.solrmarc.marc.MarcImporter importRecords
INFO: Added record 160 read from file: usdmarc_ocm04310238
Jan 16, 2013 2:29:57 PM org.solrmarc.marc.MarcImporter importRecords
INFO: Added record 161 read from file: usdmarc_ocm01593038
Jan 16, 2013 2:29:57 PM org.solrmarc.marc.MarcImporter importRecords
INFO: Added record 162 read from file: usdmarc_ocm03386107
Jan 16, 2013 2:29:57 PM org.solrmarc.marc.MarcImporter importRecords
INFO: Added record 163 read from file: usdmarc_ocm20807469
Jan 16, 2013 2:29:57 PM org.solrmarc.marc.MarcImporter importRecords
INFO: Added record 164 read from file: usdmarc_ocm01878785
Jan 16, 2013 2:29:57 PM org.solrmarc.marc.MarcImporter importRecords
INFO: Added record 165 read from file: usdmarc_ocm03694724
Jan 16, 2013 2:29:57 PM org.solrmarc.marc.MarcImporter importRecords
INFO: Added record 166 read from file: usdmarc_ocm01669879
Jan 16, 2013 2:29:57 PM org.solrmarc.marc.MarcImporter importRecords
INFO: Added record 167 read from file: usdmarc_ocm01436239
Jan 16, 2013 2:29:57 PM org.solrmarc.marc.MarcImporter importRecords
INFO: Added record 168 read from file: usdmarc_ocm02486018
Jan 16, 2013 2:29:57 PM org.solrmarc.marc.MarcImporter importRecords
INFO: Added record 169 read from file: usdmarc_ocm55570377
Jan 16, 2013 2:29:57 PM org.solrmarc.marc.MarcImporter importRecords
INFO: Added record 170 read from file: usdmarc_ocm40859237
Jan 16, 2013 2:29:57 PM org.solrmarc.marc.MarcImporter importRecords
INFO: Added record 171 read from file: usdmarc_ocm10604938
Jan 16, 2013 2:29:57 PM org.solrmarc.marc.MarcImporter importRecords
INFO: Added record 172 read from file: usdmarc_ocm04347032
Jan 16, 2013 2:29:57 PM org.solrmarc.marc.MarcImporter importRecords
INFO: Added record 173 read from file: usdmarc_ocm31464134
Jan 16, 2013 2:29:57 PM org.solrmarc.marc.MarcImporter importRecords
INFO: Added record 174 read from file: usdmarc_ocm08508154
Jan 16, 2013 2:29:57 PM org.solrmarc.marc.MarcImporter importRecords
INFO: Added record 175 read from file: usdmarc_ocm12999710
Jan 16, 2013 2:29:57 PM org.solrmarc.marc.MarcImporter importRecords
INFO: Added record 176 read from file: usdmarc_ocm08416650
Jan 16, 2013 2:29:57 PM org.solrmarc.marc.MarcImporter importRecords
INFO: Added record 177 read from file: usdmarc_ocm13419892
Jan 16, 2013 2:29:57 PM org.solrmarc.marc.MarcImporter importRecords
INFO: Added record 178 read from file: usdmarc_ocm02503981
Jan 16, 2013 2:29:57 PM org.solrmarc.marc.MarcImporter importRecords
INFO: Added record 179 read from file: usdmarc_ocm01318271
Jan 16, 2013 2:29:57 PM org.solrmarc.marc.MarcImporter importRecords
INFO: Added record 180 read from file: usdmarc_ocm03702084
Jan 16, 2013 2:29:57 PM org.solrmarc.marc.MarcImporter importRecords
INFO: Added record 181 read from file: usdmarc_ocm01235537
Jan 16, 2013 2:29:57 PM org.solrmarc.marc.MarcImporter importRecords
INFO: Added record 182 read from file: usdmarc_ocm00253251
Jan 16, 2013 2:29:57 PM org.solrmarc.marc.MarcImporter importRecords
INFO: Added record 183 read from file: usdmarc_ocm01921072
Jan 16, 2013 2:29:57 PM org.solrmarc.marc.MarcImporter importRecords
INFO: Added record 184 read from file: usdmarc_ocm02611918
Jan 16, 2013 2:29:57 PM org.solrmarc.marc.MarcImporter importRecords
INFO: Added record 185 read from file: usdmarc_ocm01086811
Jan 16, 2013 2:29:58 PM org.solrmarc.marc.MarcImporter importRecords
INFO: Added record 186 read from file: usdmarc_ocm02577201
Jan 16, 2013 2:29:58 PM org.solrmarc.marc.MarcImporter importRecords
INFO: Added record 187 read from file: usdmarc_ocm01025671
Jan 16, 2013 2:29:58 PM org.solrmarc.marc.MarcImporter importRecords
INFO: Added record 188 read from file: usdmarc_ocm02744939
Jan 16, 2013 2:29:58 PM org.solrmarc.marc.MarcImporter importRecords
INFO: Added record 189 read from file: usdmarc_ocm19272332
Jan 16, 2013 2:29:58 PM org.solrmarc.marc.MarcImporter importRecords
INFO: Added record 190 read from file: usdmarc_ocm01423861
Jan 16, 2013 2:29:58 PM org.solrmarc.marc.MarcImporter importRecords
INFO: Added record 191 read from file: usdmarc_ocm00500845
Jan 16, 2013 2:29:58 PM org.solrmarc.marc.MarcImporter importRecords
INFO: Added record 192 read from file: usdmarc_usd-1
Jan 16, 2013 2:29:58 PM org.solrmarc.marc.MarcImporter handleAll
INFO:  Adding 192 of 192 documents to index
Jan 16, 2013 2:29:58 PM org.solrmarc.marc.MarcImporter handleAll
INFO:  Deleting 0 documents from index
Jan 16, 2013 2:29:58 PM org.solrmarc.marc.MarcImporter finish
INFO: Calling commit (with optimize set to false)
Jan 16, 2013 2:29:59 PM org.solrmarc.marc.MarcImporter finish
INFO: Done with the commit, closing Solr
Jan 16, 2013 2:29:59 PM org.solrmarc.marc.MarcImporter finish
INFO: Setting Solr closed flag
Jan 16, 2013 2:29:59 PM org.solrmarc.marc.MarcImporter signalServer
INFO: Connecting to solr server at URL: http://localhost:8081/solr/biblio/update
Jan 16, 2013 2:30:43 PM org.solrmarc.tools.SolrUpdate signalServer
INFO: <?xml version="1.0" encoding="UTF-8"?>
Jan 16, 2013 2:30:43 PM org.solrmarc.tools.SolrUpdate signalServer
INFO: <response>
Jan 16, 2013 2:30:43 PM org.solrmarc.tools.SolrUpdate signalServer
INFO: <lst name="responseHeader"><int name="status">0</int><int name="QTime">44523</int></lst>
Jan 16, 2013 2:30:43 PM org.solrmarc.tools.SolrUpdate signalServer
INFO: </response>
Jan 16, 2013 2:30:43 PM org.solrmarc.marc.MarcImporter$MyShutdownThread run
INFO: Starting Shutdown hook
Jan 16, 2013 2:30:43 PM org.solrmarc.marc.MarcImporter$MyShutdownThread run
INFO: Finished Shutdown hook
